  0:00 ------------------------------------------------------------
  0:00 InitGame: \capturelimit\8\g_maxGameClients\0\sv_floodProtect\1\sv_maxPing\0\sv_minPing\0\sv_dlRate\100\sv_maxRate\0\sv_minRate\0\sv_maxclients\8\sv_hostname\malina\timelimit\25\fraglimit\30\dmflags\0\version\ioq3 1.36+u20181222.e5da13f~dfsg-2/Raspbian linux-arm Mar  8 2019\com_gamename\Quake3Arena\com_protocol\71\g_gametype\0\mapname\q3dm3\sv_privateClients\0\sv_allowDownload\0\gamename\baseq3\g_needpass\0
  2:39 ClientConnect: 0
  2:39 ClientUserinfoChanged: 0 n\anomen\t\0\model\tankjr/blue\hmodel\tankjr/blue\g_redteam\\g_blueteam\\c1\1\c2\5\hc\100\w\0\l\0\tt\0\tl\0
  2:40 ClientUserinfoChanged: 0 n\anomen\t\0\model\tankjr/blue\hmodel\tankjr/blue\g_redteam\\g_blueteam\\c1\1\c2\5\hc\100\w\0\l\0\tt\0\tl\0
  2:40 ClientBegin: 0
  4:47 ClientDisconnect: 0
 17:34 ClientConnect: 0
 17:34 ClientUserinfoChanged: 0 n\Collector\t\0\model\doom/default\hmodel\doom/default\g_redteam\\g_blueteam\\c1\2\c2\5\hc\100\w\0\l\0\tt\0\tl\0
 17:36 ClientUserinfoChanged: 0 n\Collector\t\0\model\doom/default\hmodel\doom/default\g_redteam\\g_blueteam\\c1\2\c2\5\hc\100\w\0\l\0\tt\0\tl\0
 17:36 ClientBegin: 0
 17:52 Item: 0 weapon_shotgun
 17:56 Item: 0 weapon_rocketlauncher
 25:00 Exit: Timelimit hit.
 25:00 score: 0  ping: 48  client: 0 Collector
 25:05 ClientConnect: 1
 25:05 ClientUserinfoChanged: 1 n\anomen\t\0\model\tankjr/blue\hmodel\tankjr/blue\g_redteam\\g_blueteam\\c1\1\c2\5\hc\100\w\0\l\0\tt\0\tl\0
 25:06 ShutdownGame:
 25:06 ------------------------------------------------------------
 25:06 ------------------------------------------------------------
 25:06 InitGame: \capturelimit\8\g_maxGameClients\0\sv_floodProtect\1\sv_maxPing\0\sv_minPing\0\sv_dlRate\100\sv_maxRate\0\sv_minRate\0\sv_maxclients\8\sv_hostname\malina\timelimit\25\fraglimit\30\dmflags\0\version\ioq3 1.36+u20181222.e5da13f~dfsg-2/Raspbian linux-arm Mar  8 2019\com_gamename\Quake3Arena\com_protocol\71\g_gametype\0\mapname\q3dm3\sv_privateClients\0\sv_allowDownload\0\bot_minplayers\0\gamename\baseq3\g_needpass\0
 25:06 ClientConnect: 0
 25:06 ClientUserinfoChanged: 0 n\Collector\t\0\model\doom/default\hmodel\doom/default\g_redteam\\g_blueteam\\c1\2\c2\5\hc\100\w\0\l\0\tt\0\tl\0
 25:06 ClientBegin: 0
 25:06 ClientConnect: 1
 25:06 ClientUserinfoChanged: 1 n\anomen\t\0\model\tankjr/blue\hmodel\tankjr/blue\g_redteam\\g_blueteam\\c1\1\c2\5\hc\100\w\0\l\0\tt\0\tl\0
 25:06 ClientBegin: 1
 25:07 ClientUserinfoChanged: 1 n\anomen\t\0\model\tankjr/blue\hmodel\tankjr/blue\g_redteam\\g_blueteam\\c1\1\c2\5\hc\100\w\0\l\0\tt\0\tl\0
 25:15 say: anomen: zdar
 25:19 say: Collector: cus
 25:29 say: anomen: nerikal jsi ze jdes hrat acc?
 25:45 say: Collector: jen ze jsem to zrovna spustil
 25:54 Item: 1 item_armor_body
 25:56 Item: 1 ammo_grenades
 26:00 say: Collector: si rikam co Eraslan
 26:02 Item: 1 ammo_shells
 26:07 Item: 1 weapon_shotgun
 26:12 Item: 1 weapon_shotgun
 26:37 say: Collector: tak jsem znovu napsal
 26:42 Item: 1 ammo_bullets
 26:42 Item: 1 ammo_bullets
 26:42 say: Collector: cekame nebo dame 1na1
 26:43 Item: 1 weapon_shotgun
 26:52 say: anomen: say tuhle mapu?
 27:03 say: Collector: jak chces
 27:34 ShutdownGame:
 27:34 ------------------------------------------------------------
  0:00 ------------------------------------------------------------
  0:00 InitGame: \capturelimit\8\g_maxGameClients\0\sv_floodProtect\1\sv_maxPing\0\sv_minPing\0\sv_dlRate\100\sv_maxRate\0\sv_minRate\0\sv_maxclients\8\sv_hostname\malina\timelimit\25\fraglimit\30\dmflags\0\version\ioq3 1.36+u20181222.e5da13f~dfsg-2/Raspbian linux-arm Mar  8 2019\com_gamename\Quake3Arena\com_protocol\71\g_gametype\0\mapname\q3tourney3\sv_privateClients\0\sv_allowDownload\0\bot_minplayers\0\gamename\baseq3\g_needpass\0
  0:00 ClientConnect: 0
  0:00 ClientUserinfoChanged: 0 n\Collector\t\0\model\doom/default\hmodel\doom/default\g_redteam\\g_blueteam\\c1\2\c2\5\hc\100\w\0\l\0\tt\0\tl\0
  0:00 ClientConnect: 1
  0:00 ClientUserinfoChanged: 1 n\anomen\t\0\model\tankjr/blue\hmodel\tankjr/blue\g_redteam\\g_blueteam\\c1\1\c2\5\hc\100\w\0\l\0\tt\0\tl\0
  0:02 ClientUserinfoChanged: 1 n\anomen\t\0\model\tankjr/blue\hmodel\tankjr/blue\g_redteam\\g_blueteam\\c1\1\c2\5\hc\100\w\0\l\0\tt\0\tl\0
  0:02 Item: 1 ammo_slugs
  0:02 Item: 1 ammo_cells
  0:02 ClientBegin: 1
  0:03 ClientUserinfoChanged: 0 n\Collector\t\0\model\doom/default\hmodel\doom/default\g_redteam\\g_blueteam\\c1\2\c2\5\hc\100\w\0\l\0\tt\0\tl\0
  0:03 Item: 0 ammo_slugs
  0:03 Item: 0 ammo_cells
  0:03 ClientBegin: 0
  0:08 say: Collector: auu to bude bolet
  0:12 Item: 0 weapon_railgun
  0:13 say: anomen: jj
  0:14 Item: 0 item_armor_shard
  0:14 Item: 0 item_armor_shard
  0:14 Item: 0 item_armor_shard
  0:14 Item: 0 item_armor_shard
  0:15 Item: 1 item_armor_body
  0:19 Item: 1 weapon_rocketlauncher
  0:20 Item: 0 item_armor_combat
  0:26 Item: 1 item_health_large
  0:28 Item: 1 ammo_cells
  0:32 Item: 1 weapon_railgun
  0:35 Item: 0 item_health_large
  0:37 Item: 0 weapon_rocketlauncher
  0:39 Item: 0 item_enviro
  0:43 Item: 1 weapon_railgun
  0:44 Item: 0 item_armor_body
  0:52 Item: 1 item_armor_combat
  0:59 Kill: 0 1 6: Collector killed anomen by MOD_ROCKET
  1:01 Item: 1 ammo_slugs
  1:01 Item: 1 ammo_cells
  1:01 Item: 0 weapon_railgun
  1:01 Item: 0 item_health_large
  1:01 Item: 1 weapon_plasmagun
  1:03 Item: 0 weapon_railgun
  1:04 Item: 1 weapon_rocketlauncher
  1:05 Item: 0 item_armor_shard
  1:05 Item: 0 item_armor_shard
  1:05 Item: 0 item_armor_shard
  1:05 Item: 0 item_armor_shard
  1:09 Item: 1 ammo_rockets
  1:10 Item: 1 item_armor_body
  1:22 Item: 0 weapon_rocketlauncher
  1:24 Item: 0 item_health_large
  1:29 Item: 1 weapon_rocketlauncher
  1:31 Item: 0 weapon_railgun
  1:32 Item: 1 weapon_plasmagun
  1:36 Item: 1 weapon_rocketlauncher
  1:37 Item: 0 weapon_railgun
  1:38 Item: 1 weapon_plasmagun
  1:38 Item: 1 item_armor_combat
  1:46 Item: 1 weapon_railgun
  1:49 Item: 1 ammo_cells
  1:49 Item: 0 item_armor_shard
  1:52 Item: 0 item_health
  1:53 Item: 0 item_armor_body
  1:57 Item: 1 item_armor_shard
  1:57 Item: 1 item_armor_shard
  1:57 Item: 1 item_armor_shard
  2:01 Item: 0 item_health_large
  2:04 Item: 1 weapon_railgun
  2:06 Item: 1 item_health_large
  2:07 Item: 0 weapon_rocketlauncher
  2:09 Item: 0 item_armor_combat
  2:18 Kill: 0 1 7: Collector killed anomen by MOD_ROCKET_SPLASH
  2:18 Item: 0 weapon_railgun
  2:19 Item: 1 ammo_slugs
  2:19 Item: 1 ammo_cells
  2:20 Item: 1 ammo_cells
  2:22 Item: 1 weapon_railgun
  2:24 Kill: 1 0 10: anomen killed Collector by MOD_RAILGUN
  2:26 Item: 0 ammo_slugs
  2:26 Item: 0 ammo_cells
  2:26 Item: 1 item_armor_shard
  2:27 Item: 1 item_armor_shard
  2:27 Item: 1 item_armor_shard
  2:27 Item: 1 item_armor_shard
  2:32 Item: 0 weapon_railgun
  2:38 Item: 0 item_health
  2:39 Item: 1 weapon_rocketlauncher
  2:39 Item: 0 item_armor_body
  2:40 Item: 0 item_health
  2:41 Item: 1 weapon_plasmagun
  2:42 Item: 1 item_armor_combat
  2:44 Item: 1 item_health_large
  2:45 Kill: 1022 0 22: <world> killed Collector by MOD_TRIGGER_HURT
  2:47 Item: 0 ammo_slugs
  2:47 Item: 0 ammo_cells
  2:47 Item: 1 weapon_railgun
  2:48 Item: 1 weapon_railgun
  2:48 Item: 1 item_enviro
  2:51 Item: 1 weapon_rocketlauncher
  2:54 Item: 0 weapon_railgun
  2:56 Item: 1 weapon_plasmagun
  3:02 Item: 0 weapon_railgun
  3:06 Item: 1 item_armor_body
  3:08 Item: 1 ammo_rockets
  3:09 Kill: 1022 0 22: <world> killed Collector by MOD_TRIGGER_HURT
  3:11 Item: 0 ammo_slugs
  3:11 Item: 0 ammo_cells
  3:13 Item: 1 weapon_rocketlauncher
  3:14 Item: 1 item_health_large
  3:15 Item: 0 weapon_railgun
  3:22 Item: 0 item_armor_combat
  3:24 Item: 1 weapon_railgun
  3:24 Item: 0 weapon_rocketlauncher
  3:27 Item: 0 weapon_plasmagun
  3:31 Item: 1 weapon_railgun
  3:36 Item: 1 item_health_large
  3:41 Item: 1 ammo_cells
  3:49 Item: 0 item_armor_shard
  3:49 Item: 0 item_armor_shard
  3:52 Kill: 0 1 10: Collector killed anomen by MOD_RAILGUN
  3:54 Item: 0 weapon_railgun
  3:54 Item: 1 ammo_slugs
  3:54 Item: 1 ammo_cells
  3:55 Item: 0 weapon_railgun
  4:00 Item: 0 weapon_railgun
  4:08 Kill: 0 1 7: Collector killed anomen by MOD_ROCKET_SPLASH
  4:10 Item: 1 ammo_slugs
  4:10 Item: 1 ammo_cells
  4:10 Item: 0 item_health_large
  4:13 Item: 1 item_armor_combat
  4:13 Item: 1 weapon_plasmagun
  4:19 Item: 0 item_armor_body
  4:20 Item: 1 item_health_large
  4:20 Item: 0 ammo_rockets
  4:25 Item: 1 weapon_railgun
  4:25 Item: 0 item_armor_shard
  4:25 Item: 0 item_armor_shard
  4:25 Item: 0 item_armor_shard
  4:26 Item: 0 item_armor_shard
  4:30 Item: 1 weapon_plasmagun
  4:33 Item: 1 weapon_rocketlauncher
  4:34 Item: 0 ammo_cells
  4:35 Item: 1 weapon_plasmagun
  4:37 Item: 0 weapon_railgun
  4:38 Item: 1 weapon_rocketlauncher
  4:42 Kill: 1 0 10: anomen killed Collector by MOD_RAILGUN
  4:43 Item: 1 weapon_rocketlauncher
  4:44 Item: 0 ammo_slugs
  4:44 Item: 0 ammo_cells
  4:44 Item: 1 weapon_plasmagun
  4:49 Item: 1 weapon_rocketlauncher
  4:50 Kill: 1 0 6: anomen killed Collector by MOD_ROCKET
  4:52 Item: 0 ammo_slugs
  4:52 Item: 0 ammo_cells
  4:54 Item: 1 item_enviro
  4:54 Item: 0 item_armor_body
  4:59 Kill: 1 0 6: anomen killed Collector by MOD_ROCKET
  5:00 Item: 0 ammo_slugs
  5:00 Item: 0 ammo_cells
  5:00 Item: 1 item_health
  5:02 Item: 1 item_health
  5:03 Item: 0 weapon_railgun
  5:04 Item: 0 weapon_railgun
  5:10 Item: 0 item_armor_shard
  5:10 Item: 0 item_armor_shard
  5:10 Item: 0 item_armor_shard
  5:10 Item: 0 item_armor_shard
  5:14 Kill: 0 1 10: Collector killed anomen by MOD_RAILGUN
  5:14 Item: 0 item_enviro
  5:14 Item: 0 weapon_railgun
  5:16 Item: 1 ammo_slugs
  5:16 Item: 1 ammo_cells
  5:19 Item: 1 ammo_cells
  5:21 Item: 0 weapon_rocketlauncher
  5:25 Item: 1 item_armor_body
  5:25 Kill: 0 1 10: Collector killed anomen by MOD_RAILGUN
  5:27 Item: 1 ammo_slugs
  5:27 Item: 1 ammo_cells
  5:28 Item: 1 weapon_plasmagun
  5:29 Item: 1 item_armor_combat
  5:31 Item: 0 ammo_rockets
  5:31 Item: 1 weapon_rocketlauncher
  5:33 Item: 1 weapon_plasmagun
  5:41 Kill: 1 0 6: anomen killed Collector by MOD_ROCKET
  5:41 Kill: 0 1 6: Collector killed anomen by MOD_ROCKET
  5:42 Item: 0 ammo_slugs
  5:42 Item: 0 ammo_cells
  5:45 Item: 0 weapon_railgun
  5:47 Item: 0 item_armor_shard
  5:47 Item: 0 item_armor_shard
  5:47 Item: 0 item_armor_shard
  5:47 Item: 0 item_armor_shard
  5:48 Item: 1 ammo_slugs
  5:48 Item: 1 ammo_cells
  5:51 Item: 0 weapon_rocketlauncher
  5:51 Item: 1 weapon_railgun
  5:51 Item: 0 weapon_rocketlauncher
  5:59 Kill: 0 1 7: Collector killed anomen by MOD_ROCKET_SPLASH
  6:00 Item: 0 item_health_large
  6:01 Item: 1 ammo_slugs
  6:01 Item: 1 ammo_cells
  6:02 Item: 0 item_armor_combat
  6:02 Item: 1 weapon_plasmagun
  6:10 Item: 1 weapon_railgun
  6:21 Item: 0 item_health
  6:22 Item: 0 item_armor_body
  6:23 Item: 0 item_health
  9:45 ClientDisconnect: 0
  9:45 ClientDisconnect: 1
 15:18 ClientConnect: 0
 15:18 ClientUserinfoChanged: 0 n\EROS\t\0\model\sarge\hmodel\sarge\g_redteam\\g_blueteam\\c1\4\c2\5\hc\100\w\0\l\0\tt\0\tl\0
 15:20 ClientUserinfoChanged: 0 n\EROS\t\0\model\sarge\hmodel\sarge\g_redteam\\g_blueteam\\c1\4\c2\5\hc\100\w\0\l\0\tt\0\tl\0
 15:20 Item: 0 ammo_slugs
 15:20 Item: 0 ammo_cells
 15:20 ClientBegin: 0
 15:28 Item: 0 weapon_railgun
 15:31 Item: 0 ammo_cells
 15:42 Item: 0 weapon_rocketlauncher
 15:54 Item: 0 ammo_cells
 16:04 Item: 0 weapon_railgun
 16:17 Item: 0 item_armor_combat
 16:46 Item: 0 item_armor_shard
 16:46 Item: 0 item_armor_shard
 16:46 Item: 0 item_armor_shard
 16:46 Item: 0 item_armor_shard
 16:53 Item: 0 weapon_plasmagun
 17:05 Item: 0 item_enviro
 17:07 Item: 0 item_armor_body
 17:18 Item: 0 weapon_rocketlauncher
 17:30 Item: 0 ammo_cells
 17:41 Item: 0 item_armor_shard
 17:41 Item: 0 item_armor_shard
 17:41 Item: 0 item_armor_shard
 17:41 Item: 0 item_armor_shard
 17:45 Item: 0 weapon_plasmagun
 18:01 ClientConnect: 1
 18:01 ClientUserinfoChanged: 1 n\Collector\t\0\model\doom/default\hmodel\doom/default\g_redteam\\g_blueteam\\c1\2\c2\5\hc\100\w\0\l\0\tt\0\tl\0
 18:03 ClientUserinfoChanged: 1 n\Collector\t\0\model\doom/default\hmodel\doom/default\g_redteam\\g_blueteam\\c1\2\c2\5\hc\100\w\0\l\0\tt\0\tl\0
 18:03 Item: 1 ammo_slugs
 18:03 Item: 1 ammo_cells
 18:03 ClientBegin: 1
 18:06 Item: 0 weapon_plasmagun
 18:09 Item: 0 item_armor_combat
 18:10 say: Collector: ahoj
 18:14 Item: 0 weapon_rocketlauncher
 18:16 Item: 1 weapon_railgun
 18:24 Item: 1 item_armor_shard
 18:24 Item: 1 item_armor_shard
 18:24 Item: 1 item_armor_shard
 18:26 Item: 1 item_armor_body
 18:53 say: Collector: ready?
 19:03 say: Collector: or you need a bit of time ... :)
 19:15 Item: 0 weapon_plasmagun
 19:22 Kill: 1022 1 22: <world> killed Collector by MOD_TRIGGER_HURT
 19:24 Item: 1 ammo_slugs
 19:24 Item: 1 ammo_cells
 19:25 Item: 0 weapon_plasmagun
 19:28 Kill: 1022 1 22: <world> killed Collector by MOD_TRIGGER_HURT
 19:29 Item: 1 ammo_slugs
 19:29 Item: 1 ammo_cells
 19:33 Item: 1 item_enviro
 19:34 Item: 1 item_armor_shard
 19:35 Item: 1 item_armor_shard
 19:35 Item: 1 item_armor_shard
 19:35 ClientConnect: 2
 19:35 ClientUserinfoChanged: 2 n\anomen\t\0\model\tankjr/blue\hmodel\tankjr/blue\g_redteam\\g_blueteam\\c1\1\c2\5\hc\100\w\0\l\0\tt\0\tl\0
 19:35 Item: 1 item_armor_shard
 19:36 ClientUserinfoChanged: 2 n\anomen\t\0\model\tankjr/blue\hmodel\tankjr/blue\g_redteam\\g_blueteam\\c1\1\c2\5\hc\100\w\0\l\0\tt\0\tl\0
 19:36 Item: 2 ammo_slugs
 19:36 Item: 2 ammo_cells
 19:36 ClientBegin: 2
 19:38 Item: 1 weapon_railgun
 19:42 Kill: 0 2 8: EROS killed anomen by MOD_PLASMA
 19:43 Item: 1 weapon_railgun
 19:45 Item: 2 ammo_slugs
 19:45 Item: 2 ammo_cells
 19:47 Item: 2 item_armor_body
 19:48 Item: 2 ammo_rockets
 19:53 Item: 2 weapon_railgun
 19:56 Item: 2 ammo_cells
 19:56 Item: 0 item_health_large
 20:02 Item: 2 weapon_plasmagun
 20:03 Item: 1 item_armor_combat
 20:05 Item: 2 weapon_rocketlauncher
 20:05 Kill: 2 0 8: anomen killed EROS by MOD_PLASMA
 20:07 Item: 2 weapon_plasmagun
 20:08 Item: 1 weapon_railgun
 20:13 Item: 2 item_health
 20:14 Item: 2 item_armor_body
 20:15 Item: 2 item_health
 20:20 Item: 1 weapon_rocketlauncher
 20:21 Item: 2 weapon_plasmagun
 20:22 Item: 2 weapon_plasmagun
 20:26 Item: 2 weapon_plasmagun
 20:27 Item: 0 ammo_slugs
 20:27 Item: 0 ammo_cells
 20:28 Kill: 1 2 10: Collector killed anomen by MOD_RAILGUN
 20:30 Item: 1 weapon_railgun
 20:30 Item: 2 ammo_slugs
 20:30 Item: 2 ammo_cells
 20:32 Item: 1 item_armor_shard
 20:32 Item: 1 item_armor_shard
 20:37 Item: 0 ammo_rockets
 20:37 Kill: 1022 2 22: <world> killed anomen by MOD_TRIGGER_HURT
 20:39 Item: 1 weapon_railgun
 20:40 Item: 2 ammo_slugs
 20:40 Item: 2 ammo_cells
 20:41 Item: 2 ammo_cells
 20:43 Kill: 1022 0 22: <world> killed EROS by MOD_TRIGGER_HURT
 20:45 Item: 2 weapon_plasmagun
 20:45 Item: 1 weapon_rocketlauncher
 20:45 Item: 0 ammo_slugs
 20:45 Item: 0 ammo_cells
 20:47 Item: 2 weapon_rocketlauncher
 20:48 Item: 2 weapon_plasmagun
 20:50 Item: 2 item_armor_combat
 20:51 Item: 0 item_armor_body
 20:51 Kill: 1 2 10: Collector killed anomen by MOD_RAILGUN
 20:52 Item: 1 weapon_railgun
 20:53 Item: 2 ammo_slugs
 20:53 Item: 2 ammo_cells
 20:58 Kill: 1 2 6: Collector killed anomen by MOD_ROCKET
 21:00 Kill: 0 1 3: EROS killed Collector by MOD_MACHINEGUN
 21:00 Item: 2 ammo_slugs
 21:00 Item: 2 ammo_cells
 21:02 Item: 1 ammo_slugs
 21:02 Item: 1 ammo_cells
 21:02 Item: 0 item_armor_shard
 21:02 Item: 0 item_armor_shard
 21:03 Item: 0 item_armor_shard
 21:03 Item: 0 item_armor_shard
 21:06 Item: 1 weapon_railgun
 21:08 Item: 2 item_health
 21:10 Item: 2 item_health
 21:12 Item: 1 weapon_rocketlauncher
 21:12 Item: 0 weapon_rocketlauncher
 21:13 Item: 1 item_health_large
 21:14 Item: 0 weapon_plasmagun
 21:18 Item: 1 weapon_rocketlauncher
 21:19 Kill: 1 0 7: Collector killed EROS by MOD_ROCKET_SPLASH
 21:20 Item: 1 item_armor_combat
 21:22 Item: 2 weapon_plasmagun
 21:25 Item: 2 weapon_rocketlauncher
 21:26 Item: 1 item_armor_body
 21:27 Item: 0 ammo_slugs
 21:27 Item: 0 ammo_cells
 21:29 Item: 2 weapon_plasmagun
 21:35 Item: 0 ammo_rockets
 21:36 Item: 1 item_enviro
 21:37 Item: 2 item_armor_shard
 21:38 Item: 2 item_armor_shard
 21:38 Item: 2 item_armor_shard
 21:38 Item: 2 item_armor_shard
 21:41 Item: 1 item_health_large
 21:44 Kill: 1022 0 22: <world> killed EROS by MOD_TRIGGER_HURT
 21:45 Kill: 1 2 10: Collector killed anomen by MOD_RAILGUN
 21:48 Item: 2 ammo_slugs
 21:48 Item: 2 ammo_cells
 21:48 Item: 0 ammo_slugs
 21:48 Item: 0 ammo_cells
 21:49 Item: 2 weapon_plasmagun
 21:49 Item: 0 ammo_cells
 21:52 Item: 2 weapon_rocketlauncher
 21:54 Kill: 1 0 7: Collector killed EROS by MOD_ROCKET_SPLASH
 21:56 Item: 1 item_armor_combat
 21:56 Item: 2 weapon_plasmagun
 22:00 Item: 2 weapon_rocketlauncher
 22:02 Kill: 1 2 10: Collector killed anomen by MOD_RAILGUN
 22:04 Item: 2 ammo_slugs
 22:04 Item: 2 ammo_cells
 22:06 Item: 1 item_health
 22:07 Item: 2 ammo_cells
 22:07 Item: 0 ammo_slugs
 22:07 Item: 0 ammo_cells
 22:07 Item: 1 weapon_rocketlauncher
 22:09 Item: 2 item_armor_body
 22:13 Item: 0 weapon_railgun
 22:17 Item: 2 weapon_plasmagun
 22:20 Item: 2 weapon_rocketlauncher
 22:23 Item: 2 weapon_plasmagun
 22:24 Item: 1 item_health_large
 22:26 Kill: 2 0 6: anomen killed EROS by MOD_ROCKET
 22:28 Item: 0 ammo_slugs
 22:28 Item: 0 ammo_cells
 22:29 Item: 0 weapon_plasmagun
 22:31 Item: 0 item_armor_combat
 22:33 Kill: 1022 1 22: <world> killed Collector by MOD_TRIGGER_HURT
 22:35 Item: 2 weapon_plasmagun
 22:35 Item: 1 ammo_slugs
 22:35 Item: 1 ammo_cells
 22:36 Item: 2 item_health_large
 22:37 Item: 1 item_armor_body
 22:37 Item: 0 ammo_cells
 22:38 Item: 2 weapon_rocketlauncher
 22:40 Item: 1 item_armor_shard
 22:40 Item: 1 item_armor_shard
 22:41 Item: 1 item_armor_shard
 22:41 Item: 1 item_armor_shard
 22:41 Item: 2 weapon_plasmagun
 22:46 Item: 1 weapon_railgun
 22:47 Item: 2 weapon_railgun
 22:52 Item: 1 weapon_rocketlauncher
 22:57 Item: 2 weapon_plasmagun
 22:57 Item: 2 item_armor_combat
 22:59 Item: 2 item_health_large
 23:02 Item: 1 weapon_railgun
 23:05 Item: 1 weapon_rocketlauncher
 23:09 Item: 2 weapon_plasmagun
 23:09 Item: 0 item_health
 23:11 Item: 0 item_armor_body
 23:15 Item: 0 ammo_rockets
 23:17 Item: 2 item_health
 23:18 Item: 1 ammo_cells
 23:27 Kill: 1 2 10: Collector killed anomen by MOD_RAILGUN
 23:29 Item: 2 ammo_slugs
 23:29 Item: 2 ammo_cells
 23:29 Item: 1 item_health_large
 23:31 Item: 0 weapon_rocketlauncher
 23:32 Item: 2 ammo_cells
 23:34 Item: 2 weapon_railgun
 23:34 Kill: 1 0 10: Collector killed EROS by MOD_RAILGUN
 23:35 Item: 1 weapon_rocketlauncher
 23:36 Item: 0 ammo_slugs
 23:36 Item: 0 ammo_cells
 23:37 Item: 1 item_armor_combat
 23:40 Item: 2 weapon_railgun
 23:40 Kill: 1 0 6: Collector killed EROS by MOD_ROCKET
 23:41 Item: 2 item_enviro
 23:44 Item: 2 weapon_rocketlauncher
 23:45 Item: 0 ammo_slugs
 23:45 Item: 0 ammo_cells
 23:46 Item: 2 weapon_plasmagun
 23:50 Item: 1 weapon_railgun
 23:53 Item: 0 weapon_rocketlauncher
 23:54 Item: 1 weapon_plasmagun
 23:58 Kill: 2 0 10: anomen killed EROS by MOD_RAILGUN
 23:58 Item: 1 weapon_plasmagun
 24:00 Item: 0 ammo_slugs
 24:00 Item: 0 ammo_cells
 24:02 Item: 2 weapon_plasmagun
 24:02 Item: 2 weapon_rocketlauncher
 24:04 Item: 2 weapon_rocketlauncher
 24:06 Item: 2 item_armor_combat
 24:08 Kill: 1022 0 22: <world> killed EROS by MOD_TRIGGER_HURT
 24:08 Item: 1 item_health_large
 24:09 Kill: 2 1 7: anomen killed Collector by MOD_ROCKET_SPLASH
 24:12 Item: 1 ammo_slugs
 24:12 Item: 1 ammo_cells
 24:13 Item: 2 item_armor_body
 24:14 Item: 0 ammo_slugs
 24:14 Item: 0 ammo_cells
 24:15 Item: 2 item_health
 24:17 Item: 1 weapon_railgun
 24:18 Item: 2 ammo_cells
 24:22 Item: 1 weapon_railgun
 24:23 Item: 0 ammo_rockets
 24:24 Item: 2 weapon_rocketlauncher
 24:29 Item: 2 item_health_large
 24:38 Kill: 1 2 10: Collector killed anomen by MOD_RAILGUN
 24:39 Kill: 2 0 6: anomen killed EROS by MOD_ROCKET
 24:40 Item: 1 weapon_rocketlauncher
 24:41 Item: 0 ammo_slugs
 24:41 Item: 0 ammo_cells
 24:41 Item: 2 ammo_slugs
 24:41 Item: 2 ammo_cells
 24:42 Kill: 0 1 3: EROS killed Collector by MOD_MACHINEGUN
 24:43 Item: 2 item_armor_body
 24:44 Item: 1 ammo_slugs
 24:44 Item: 1 ammo_cells
 24:44 Item: 0 weapon_railgun
 24:45 Item: 0 weapon_plasmagun
 24:47 Item: 1 item_armor_shard
 24:47 Item: 1 item_armor_shard
 24:48 Item: 1 item_armor_shard
 24:48 Item: 1 item_armor_shard
 24:51 Item: 2 weapon_railgun
 24:53 Kill: 1022 0 22: <world> killed EROS by MOD_TRIGGER_HURT
 24:57 Item: 1 ammo_cells
 24:58 Kill: 1 2 3: Collector killed anomen by MOD_MACHINEGUN
 25:00 Exit: Timelimit hit.
 25:00 score: 9  ping: 48  client: 1 Collector
 25:00 score: 4  ping: 24  client: 2 anomen
 25:00 score: -1  ping: 10  client: 0 EROS
 25:00 Item: 2 ammo_slugs
 25:00 Item: 2 ammo_cells
 25:11 say: anomen: again?
 25:16 ShutdownGame:
 25:16 ------------------------------------------------------------
 25:16 ------------------------------------------------------------
 25:16 InitGame: \capturelimit\8\g_maxGameClients\0\sv_floodProtect\1\sv_maxPing\0\sv_minPing\0\sv_dlRate\100\sv_maxRate\0\sv_minRate\0\sv_maxclients\8\sv_hostname\malina\timelimit\25\fraglimit\30\dmflags\0\version\ioq3 1.36+u20181222.e5da13f~dfsg-2/Raspbian linux-arm Mar  8 2019\com_gamename\Quake3Arena\com_protocol\71\g_gametype\0\mapname\q3tourney3\sv_privateClients\0\sv_allowDownload\0\bot_minplayers\0\gamename\baseq3\g_needpass\0
 25:16 ClientConnect: 0
 25:16 ClientUserinfoChanged: 0 n\EROS\t\0\model\sarge\hmodel\sarge\g_redteam\\g_blueteam\\c1\4\c2\5\hc\100\w\0\l\0\tt\0\tl\0
 25:16 Item: 0 ammo_slugs
 25:16 Item: 0 ammo_cells
 25:16 ClientBegin: 0
 25:16 ClientConnect: 1
 25:16 ClientUserinfoChanged: 1 n\Collector\t\0\model\doom/default\hmodel\doom/default\g_redteam\\g_blueteam\\c1\2\c2\5\hc\100\w\0\l\0\tt\0\tl\0
 25:16 Item: 1 ammo_slugs
 25:16 Item: 1 ammo_cells
 25:16 ClientBegin: 1
 25:16 ClientConnect: 2
 25:16 ClientUserinfoChanged: 2 n\anomen\t\0\model\tankjr/blue\hmodel\tankjr/blue\g_redteam\\g_blueteam\\c1\1\c2\5\hc\100\w\0\l\0\tt\0\tl\0
 25:16 Item: 2 ammo_slugs
 25:16 Item: 2 ammo_cells
 25:16 ClientBegin: 2
 25:18 Item: 2 ammo_cells
 25:20 Item: 2 weapon_railgun
 25:24 Item: 2 ammo_cells
 25:27 Item: 0 weapon_plasmagun
 25:31 Item: 2 weapon_rocketlauncher
 25:32 Kill: 2 0 10: anomen killed EROS by MOD_RAILGUN
 25:34 say: Collector: up to you
 25:36 Item: 2 item_armor_body
 25:37 Item: 0 ammo_slugs
 25:37 Item: 0 ammo_cells
 25:39 say: Collector: or eraslan :)
 25:52 Kill: 1022 0 22: <world> killed EROS by MOD_TRIGGER_HURT
 25:56 Item: 0 ammo_slugs
 25:56 Item: 0 ammo_cells
 25:58 Item: 1 weapon_railgun
 25:58 Item: 2 item_health_large
 25:59 Item: 2 weapon_plasmagun
 26:02 Item: 2 weapon_rocketlauncher
 26:06 Item: 0 weapon_plasmagun
 26:07 Item: 2 weapon_plasmagun
 26:07 Item: 0 item_armor_combat
 26:11 Item: 1 weapon_railgun
 26:12 Kill: 0 2 8: EROS killed anomen by MOD_PLASMA
 26:13 Item: 0 weapon_rocketlauncher
 26:15 Item: 2 ammo_slugs
 26:15 Item: 2 ammo_cells
 26:17 Kill: 1022 1 22: <world> killed Collector by MOD_TRIGGER_HURT
 26:18 Kill: 2 0 3: anomen killed EROS by MOD_MACHINEGUN
 26:18 Item: 2 item_armor_shard
 26:18 Item: 2 item_armor_shard
 26:18 Item: 2 item_armor_shard
 26:18 Item: 2 item_armor_shard
 26:19 Item: 1 ammo_slugs
 26:19 Item: 1 ammo_cells
 26:20 Item: 0 ammo_slugs
 26:20 Item: 0 ammo_cells
 26:21 Item: 2 weapon_plasmagun
 26:22 Item: 1 weapon_railgun
 26:23 Item: 0 ammo_cells
 26:23 Item: 1 item_enviro
 26:25 Item: 1 item_armor_body
 26:26 Item: 2 weapon_rocketlauncher
 26:29 Item: 2 weapon_plasmagun
 26:30 Kill: 1 0 10: Collector killed EROS by MOD_RAILGUN
 26:33 Item: 0 ammo_slugs
 26:33 Item: 0 ammo_cells
 26:35 Item: 2 ammo_cells
 26:38 Item: 2 item_health
 26:42 Kill: 1 2 10: Collector killed anomen by MOD_RAILGUN
 26:44 Item: 2 ammo_slugs
 26:44 Item: 2 ammo_cells
 26:45 Item: 1 weapon_plasmagun
 26:48 Item: 1 weapon_rocketlauncher
 26:51 Item: 0 weapon_plasmagun
 26:52 Item: 1 item_health_large
 26:54 Item: 0 item_armor_combat
 26:56 Kill: 1 2 7: Collector killed anomen by MOD_ROCKET_SPLASH
 26:58 Item: 2 ammo_slugs
 26:58 Item: 2 ammo_cells
 27:00 Item: 2 item_armor_body
 27:01 Item: 2 ammo_rockets
 27:03 Item: 0 weapon_rocketlauncher
 27:04 Item: 2 weapon_plasmagun
 27:04 Item: 2 item_armor_shard
 27:04 Item: 2 item_armor_shard
 27:04 Item: 2 item_armor_shard
 27:05 Item: 2 item_armor_shard
 27:07 Item: 2 item_health_large
 27:09 Item: 0 weapon_rocketlauncher
 27:09 Item: 1 item_health
 27:11 Item: 2 ammo_cells
 27:15 Item: 0 weapon_plasmagun
 27:19 Kill: 2 0 8: anomen killed EROS by MOD_PLASMA
 27:22 Item: 2 weapon_railgun
 27:23 Item: 0 ammo_slugs
 27:23 Item: 0 ammo_cells
 27:23 Item: 1 weapon_rocketlauncher
 27:25 Item: 2 weapon_plasmagun
 27:26 Kill: 1022 1 22: <world> killed Collector by MOD_TRIGGER_HURT
 27:27 Item: 2 weapon_plasmagun
 27:29 Item: 2 weapon_rocketlauncher
 27:30 say: Collector: sakra
 27:30 Item: 0 weapon_plasmagun
 27:31 Item: 1 ammo_slugs
 27:31 Item: 1 ammo_cells
 27:33 Item: 2 item_armor_combat
 27:34 Kill: 2 0 7: anomen killed EROS by MOD_ROCKET_SPLASH
 27:34 Item: 1 weapon_railgun
 27:36 Item: 0 ammo_slugs
 27:36 Item: 0 ammo_cells
 27:37 Item: 2 ammo_cells
 27:39 Item: 0 item_armor_shard
 27:39 Item: 0 item_armor_shard
 27:39 Item: 0 item_armor_shard
 27:39 Item: 0 item_armor_shard
 27:42 Item: 0 weapon_plasmagun
 27:42 Item: 1 weapon_plasmagun
 27:45 Kill: 2 1 8: anomen killed Collector by MOD_PLASMA
 27:46 Item: 1 ammo_slugs
 27:46 Item: 1 ammo_cells
 27:47 Item: 2 weapon_plasmagun
 27:50 Item: 2 weapon_rocketlauncher
 27:51 Item: 1 weapon_railgun
 27:52 Item: 2 weapon_plasmagun
 27:53 Kill: 2 0 7: anomen killed EROS by MOD_ROCKET_SPLASH
 27:53 Item: 2 item_health_large
 27:56 Kill: 1 2 10: Collector killed anomen by MOD_RAILGUN
 27:58 Item: 0 ammo_slugs
 27:58 Item: 0 ammo_cells
 27:59 Item: 2 ammo_slugs
 27:59 Item: 2 ammo_cells
 27:59 Item: 1 item_armor_body
 28:03 Item: 1 weapon_rocketlauncher
 28:04 Item: 0 item_armor_combat
 28:04 Item: 2 weapon_railgun
 28:09 Item: 1 weapon_rocketlauncher
 28:10 Kill: 2 1 10: anomen killed Collector by MOD_RAILGUN
 28:11 Item: 2 weapon_rocketlauncher
 28:11 Item: 0 weapon_plasmagun
 28:12 Item: 1 ammo_slugs
 28:12 Item: 1 ammo_cells
 28:13 Kill: 1 2 3: Collector killed anomen by MOD_MACHINEGUN
 28:15 Item: 2 ammo_slugs
 28:15 Item: 2 ammo_cells
 28:16 Item: 1 weapon_railgun
 28:17 Item: 1 weapon_plasmagun
 28:20 Item: 0 ammo_cells
 28:20 Item: 1 weapon_rocketlauncher
 28:21 Item: 1 weapon_railgun
 28:23 Item: 2 weapon_plasmagun
 28:27 Item: 2 weapon_plasmagun
 28:30 Item: 0 item_armor_body
 28:31 Item: 2 weapon_rocketlauncher
 28:32 Item: 1 item_health_large
 28:33 Kill: 1 2 6: Collector killed anomen by MOD_ROCKET
 28:34 Item: 0 weapon_rocketlauncher
 28:34 Item: 0 item_enviro
 28:36 Item: 2 ammo_slugs
 28:36 Item: 2 ammo_cells
 28:36 Item: 1 weapon_railgun
 28:37 Item: 0 weapon_rocketlauncher
 28:44 Item: 0 item_armor_combat
 28:47 Kill: 2 1 2: anomen killed Collector by MOD_GAUNTLET
 28:49 Item: 1 ammo_slugs
 28:49 Item: 1 ammo_cells
 28:50 Item: 2 item_health
 28:52 Item: 2 item_health
 28:53 Item: 1 weapon_railgun
 28:56 Kill: 1 2 10: Collector killed anomen by MOD_RAILGUN
 28:58 Item: 1 item_health_large
 28:59 Item: 2 ammo_slugs
 28:59 Item: 2 ammo_cells
 29:00 Item: 1 weapon_rocketlauncher
 29:01 Item: 0 weapon_railgun
 29:02 Item: 2 item_armor_body
 29:07 Item: 1 weapon_railgun
 29:08 Item: 2 ammo_cells
 29:11 Kill: 2 1 3: anomen killed Collector by MOD_MACHINEGUN
 29:12 Item: 2 weapon_rocketlauncher
 29:13 Item: 1 ammo_slugs
 29:13 Item: 1 ammo_cells
 29:15 Kill: 2 0 7: anomen killed EROS by MOD_ROCKET_SPLASH
 29:16 Item: 1 weapon_rocketlauncher
 29:17 Item: 2 weapon_railgun
 29:17 Item: 2 weapon_plasmagun
 29:17 Item: 1 item_armor_combat
 29:20 Item: 0 ammo_slugs
 29:20 Item: 0 ammo_cells
 29:21 Item: 2 weapon_plasmagun
 29:22 Item: 1 weapon_railgun
 29:23 Item: 2 item_health_large
 29:26 Item: 0 item_health
 29:27 Item: 0 ammo_rockets
 29:29 Item: 0 item_armor_body
 29:35 Item: 0 item_health
 29:37 Item: 2 weapon_plasmagun
 29:41 Item: 2 weapon_rocketlauncher
 29:43 Item: 2 item_armor_combat
 29:44 Kill: 1 0 10: Collector killed EROS by MOD_RAILGUN
 29:48 Item: 0 ammo_slugs
 29:48 Item: 0 ammo_cells
 29:49 Item: 0 ammo_cells
 29:55 Item: 1 weapon_rocketlauncher
 29:57 Item: 0 weapon_plasmagun
 30:00 Kill: 2 0 7: anomen killed EROS by MOD_ROCKET_SPLASH
 30:01 Item: 1 item_health_large
 30:02 Item: 0 ammo_slugs
 30:02 Item: 0 ammo_cells
 30:05 Item: 0 item_armor_body
 30:05 Item: 2 weapon_railgun
 30:09 Kill: 1 2 10: Collector killed anomen by MOD_RAILGUN
 30:11 Item: 2 ammo_slugs
 30:11 Item: 2 ammo_cells
 30:11 Item: 1 weapon_railgun
 30:15 Item: 2 weapon_rocketlauncher
 30:16 Item: 1 item_health
 30:20 Item: 2 weapon_plasmagun
 30:20 Kill: 1022 1 22: <world> killed Collector by MOD_TRIGGER_HURT
 30:22 Item: 1 ammo_slugs
 30:22 Item: 1 ammo_cells
 30:23 Item: 0 ammo_cells
 30:26 Kill: 2 1 7: anomen killed Collector by MOD_ROCKET_SPLASH
 30:26 Item: 0 item_health
 30:27 Item: 1 ammo_slugs
 30:27 Item: 1 ammo_cells
 30:30 Item: 1 weapon_rocketlauncher
 30:30 Item: 2 ammo_rockets
 30:31 Item: 2 item_armor_body
 30:32 Item: 1 item_armor_combat
 30:33 Item: 1 weapon_plasmagun
 30:36 Kill: 1 0 8: Collector killed EROS by MOD_PLASMA
 30:38 Item: 0 ammo_slugs
 30:38 Item: 0 ammo_cells
 30:41 Kill: 1 2 8: Collector killed anomen by MOD_PLASMA
 30:43 Item: 2 ammo_slugs
 30:43 Item: 2 ammo_cells
 30:44 Item: 1 weapon_railgun
 30:44 Item: 2 weapon_plasmagun
 30:45 Item: 1 item_enviro
 30:47 Item: 0 weapon_plasmagun
 30:51 Item: 1 item_health_large
 30:51 Item: 2 weapon_rocketlauncher
 30:53 Kill: 2 0 7: anomen killed EROS by MOD_ROCKET_SPLASH
 30:55 Item: 1 item_health
 30:55 Item: 0 ammo_slugs
 30:55 Item: 0 ammo_cells
 30:59 Item: 2 item_armor_body
 31:00 Kill: 1 0 10: Collector killed EROS by MOD_RAILGUN
 31:02 Item: 2 item_armor_shard
 31:03 Item: 0 ammo_slugs
 31:03 Item: 0 ammo_cells
 31:04 Item: 0 ammo_cells
 31:06 Item: 1 ammo_cells
 31:09 Kill: 2 1 8: anomen killed Collector by MOD_PLASMA
 31:10 Item: 2 weapon_railgun
 31:11 Item: 0 item_enviro
 31:11 Item: 0 weapon_railgun
 31:12 Item: 1 ammo_slugs
 31:12 Item: 1 ammo_cells
 31:13 Kill: 2 0 8: anomen killed EROS by MOD_PLASMA
 31:14 Item: 2 weapon_railgun
 31:14 Item: 2 item_enviro
 31:15 Item: 0 ammo_slugs
 31:15 Item: 0 ammo_cells
 31:20 Item: 2 weapon_plasmagun
 31:20 Item: 2 weapon_plasmagun
 31:20 Item: 2 item_armor_combat
 31:27 Kill: 2 1 8: anomen killed Collector by MOD_PLASMA
 31:27 Kill: 1022 0 22: <world> killed EROS by MOD_TRIGGER_HURT
 31:29 Item: 1 ammo_slugs
 31:29 Item: 1 ammo_cells
 31:30 Item: 1 item_armor_body
 31:32 Item: 2 item_health_large
 31:32 Item: 2 weapon_plasmagun
 31:33 Item: 0 ammo_slugs
 31:33 Item: 0 ammo_cells
 31:34 Item: 1 weapon_rocketlauncher
 31:38 Kill: 1 2 7: Collector killed anomen by MOD_ROCKET_SPLASH
 31:39 Item: 0 weapon_railgun
 31:41 Item: 2 ammo_slugs
 31:41 Item: 2 ammo_cells
 31:42 Item: 1 item_health_large
 31:45 Item: 1 item_health
 31:46 Item: 2 weapon_plasmagun
 31:47 Item: 1 ammo_rockets
 31:49 Item: 2 weapon_rocketlauncher
 31:49 Item: 0 item_armor_shard
 31:53 Item: 2 weapon_plasmagun
 31:53 Item: 1 ammo_cells
 31:55 Item: 1 weapon_railgun
 31:56 Kill: 2 0 7: anomen killed EROS by MOD_ROCKET_SPLASH
 31:57 Item: 2 weapon_rocketlauncher
 31:57 Item: 1 item_armor_body
 31:58 Item: 0 ammo_slugs
 31:58 Item: 0 ammo_cells
 32:00 Item: 2 weapon_plasmagun
 32:01 Item: 2 item_armor_combat
 32:02 Item: 1 ammo_cells
 32:08 Item: 2 item_health
 32:09 Item: 0 weapon_plasmagun
 32:19 Kill: 1 0 10: Collector killed EROS by MOD_RAILGUN
 32:20 Kill: 1 2 10: Collector killed anomen by MOD_RAILGUN
 32:21 Item: 0 ammo_slugs
 32:21 Item: 0 ammo_cells
 32:22 Item: 1 item_health_large
 32:23 Item: 1 weapon_plasmagun
 32:23 Item: 0 weapon_plasmagun
 32:24 Item: 2 ammo_slugs
 32:24 Item: 2 ammo_cells
 32:25 Item: 1 item_health
 32:26 Item: 1 item_armor_body
 32:29 Item: 2 weapon_plasmagun
 32:29 Item: 0 weapon_plasmagun
 32:31 Item: 0 item_armor_combat
 32:32 Kill: 1 2 6: Collector killed anomen by MOD_ROCKET
 32:34 Item: 2 ammo_slugs
 32:34 Item: 2 ammo_cells
 32:36 Item: 1 item_armor_shard
 32:36 Item: 1 item_armor_shard
 32:36 Item: 1 item_armor_shard
 32:39 Item: 2 ammo_cells
 32:41 Item: 2 weapon_plasmagun
 32:41 Item: 1 ammo_rockets
 32:41 Item: 2 weapon_railgun
 32:43 Item: 1 item_health
 32:47 Item: 0 weapon_plasmagun
 32:49 Item: 0 weapon_rocketlauncher
 32:51 Item: 1 item_enviro
 32:53 Kill: 1 0 8: Collector killed EROS by MOD_PLASMA
 32:53 Item: 2 weapon_plasmagun
 32:55 Item: 0 ammo_slugs
 32:55 Item: 0 ammo_cells
 32:57 Item: 1 weapon_rocketlauncher
 32:58 Kill: 1 2 7: Collector killed anomen by MOD_ROCKET_SPLASH
 32:59 Item: 1 weapon_plasmagun
 33:00 Item: 2 ammo_slugs
 33:00 Item: 2 ammo_cells
 33:00 Item: 0 weapon_plasmagun
 33:01 Item: 2 item_armor_body
 33:02 Item: 1 weapon_rocketlauncher
 33:06 Item: 2 weapon_railgun
 33:06 Item: 0 weapon_rocketlauncher
 33:06 Kill: 1 0 7: Collector killed EROS by MOD_ROCKET_SPLASH
 33:08 Item: 1 weapon_plasmagun
 33:08 Item: 0 ammo_slugs
 33:08 Item: 0 ammo_cells
 33:09 Item: 1 item_armor_combat
 33:12 Item: 1 item_health_large
 33:17 Kill: 1 2 8: Collector killed anomen by MOD_PLASMA
 33:18 Item: 1 weapon_rocketlauncher
 33:19 Item: 1 weapon_plasmagun
 33:19 Item: 2 ammo_slugs
 33:19 Item: 2 ammo_cells
 33:20 Item: 2 ammo_cells
 33:24 Kill: 1 2 7: Collector killed anomen by MOD_ROCKET_SPLASH
 33:25 Item: 1 weapon_plasmagun
 33:25 Item: 0 item_health
 33:27 Item: 2 ammo_slugs
 33:27 Item: 2 ammo_cells
 33:27 Item: 0 item_health
 33:28 Item: 2 ammo_cells
 33:30 Item: 2 weapon_railgun
 33:31 Item: 1 item_armor_body
 33:33 Item: 0 weapon_plasmagun
 33:34 Item: 1 ammo_rockets
 33:37 Item: 0 weapon_rocketlauncher
 33:38 Item: 0 item_armor_combat
 33:40 Item: 1 weapon_railgun
 33:50 Item: 0 weapon_rocketlauncher
 33:59 Item: 1 item_health_large
 34:02 Item: 1 item_armor_shard
 34:02 Item: 1 item_armor_shard
 34:03 Item: 1 item_armor_shard
 34:05 Kill: 2 0 3: anomen killed EROS by MOD_MACHINEGUN
 34:07 Item: 2 weapon_railgun
 34:07 Item: 0 ammo_slugs
 34:07 Item: 0 ammo_cells
 34:08 Item: 1 weapon_plasmagun
 34:08 Item: 1 item_armor_combat
 34:11 Item: 1 weapon_rocketlauncher
 34:15 Kill: 1022 1 22: <world> killed Collector by MOD_TRIGGER_HURT
 34:17 Item: 1 ammo_slugs
 34:17 Item: 1 ammo_cells
 34:18 Item: 1 ammo_cells
 34:20 Kill: 2 1 10: anomen killed Collector by MOD_RAILGUN
 34:22 Item: 0 weapon_rocketlauncher
 34:22 Item: 1 ammo_slugs
 34:22 Item: 1 ammo_cells
 34:25 Item: 0 weapon_plasmagun
 34:25 Item: 2 weapon_plasmagun
 34:26 Item: 1 weapon_railgun
 34:28 Item: 2 weapon_rocketlauncher
 34:28 Kill: 1 2 10: Collector killed anomen by MOD_RAILGUN
 34:30 Item: 2 ammo_slugs
 34:30 Item: 2 ammo_cells
 34:30 Item: 1 item_armor_body
 34:31 Item: 0 weapon_plasmagun
 34:33 Item: 1 weapon_railgun
 34:34 Item: 1 weapon_rocketlauncher
 34:37 Item: 2 weapon_railgun
 34:38 Item: 0 item_armor_shard
 34:38 Item: 0 item_armor_shard
 34:44 Item: 0 ammo_rockets
 34:45 Item: 1 item_armor_combat
 34:49 Item: 1 weapon_plasmagun
 34:50 Kill: 0 2 8: EROS killed anomen by MOD_PLASMA
 34:52 Item: 1 weapon_rocketlauncher
 34:52 Item: 2 ammo_slugs
 34:52 Item: 2 ammo_cells
 34:53 Item: 2 ammo_cells
 34:53 Item: 1 item_enviro
 34:56 Item: 1 item_health
 34:58 Item: 2 weapon_plasmagun
 35:00 Item: 2 weapon_rocketlauncher
 35:01 Kill: 2 0 8: anomen killed EROS by MOD_PLASMA
 35:02 Item: 1 item_armor_shard
 35:03 Item: 1 item_armor_shard
 35:03 Item: 0 ammo_slugs
 35:03 Item: 0 ammo_cells
 35:04 Item: 2 weapon_plasmagun
 35:05 Item: 2 weapon_rocketlauncher
 35:07 Item: 2 weapon_plasmagun
 35:09 Item: 1 weapon_railgun
 35:12 Item: 0 weapon_plasmagun
 35:13 Item: 0 item_armor_combat
 35:14 Item: 1 item_armor_body
 35:15 Item: 2 weapon_rocketlauncher
 35:18 Item: 2 weapon_plasmagun
 35:18 Item: 0 item_health_large
 35:22 Item: 1 weapon_rocketlauncher
 35:22 Kill: 1 2 7: Collector killed anomen by MOD_ROCKET_SPLASH
 35:22 Item: 1 weapon_rocketlauncher
 35:24 Item: 2 ammo_slugs
 35:24 Item: 2 ammo_cells
 35:24 Item: 0 ammo_cells
 35:27 Item: 2 ammo_rockets
 35:32 Item: 1 item_armor_shard
 35:32 Item: 1 item_armor_shard
 35:33 Item: 1 item_armor_shard
 35:33 Item: 0 weapon_railgun
 35:33 Item: 1 item_armor_shard
 35:34 Item: 2 item_health_large
 35:36 Item: 2 weapon_plasmagun
 35:36 Kill: 1 2 6: Collector killed anomen by MOD_ROCKET
 35:38 Item: 2 ammo_slugs
 35:38 Item: 2 ammo_cells
 35:40 Item: 1 weapon_rocketlauncher
 35:40 Kill: 2 0 3: anomen killed EROS by MOD_MACHINEGUN
 35:41 Item: 2 weapon_railgun
 35:41 Item: 2 weapon_railgun
 35:43 Item: 0 ammo_slugs
 35:43 Item: 0 ammo_cells
 35:46 Item: 1 item_armor_body
 35:47 Item: 1 item_health
 35:51 Item: 2 weapon_plasmagun
 35:54 Item: 0 weapon_rocketlauncher
 35:59 Kill: 0 2 7: EROS killed anomen by MOD_ROCKET_SPLASH
 36:01 Item: 0 weapon_railgun
 36:01 Item: 2 ammo_slugs
 36:01 Item: 2 ammo_cells
 36:04 Item: 1 item_armor_combat
 36:11 Kill: 1 2 7: Collector killed anomen by MOD_ROCKET_SPLASH
 36:12 Item: 2 ammo_slugs
 36:12 Item: 2 ammo_cells
 36:13 Item: 0 item_health_large
 36:13 Item: 2 weapon_plasmagun
 36:15 Item: 1 item_armor_shard
 36:15 Item: 1 item_armor_shard
 36:16 Item: 2 weapon_rocketlauncher
 36:16 Item: 1 item_armor_shard
 36:16 Item: 1 item_armor_shard
 36:19 Kill: 1 0 7: Collector killed EROS by MOD_ROCKET_SPLASH
 36:19 Item: 1 weapon_railgun
 36:20 Item: 0 ammo_slugs
 36:20 Item: 0 ammo_cells
 36:21 Kill: 2 1 6: anomen killed Collector by MOD_ROCKET
 36:22 Item: 2 weapon_railgun
 36:23 Item: 1 ammo_slugs
 36:23 Item: 1 ammo_cells
 36:24 Item: 1 ammo_cells
 36:26 Item: 1 weapon_railgun
 36:26 Item: 0 weapon_plasmagun
 36:27 Item: 2 weapon_plasmagun
 36:30 Item: 2 weapon_rocketlauncher
 36:31 Item: 1 item_armor_body
 36:32 Kill: 2 0 6: anomen killed EROS by MOD_ROCKET
 36:33 Item: 2 item_armor_combat
 36:34 Item: 0 ammo_slugs
 36:34 Item: 0 ammo_cells
 36:35 Item: 2 weapon_plasmagun
 36:35 Item: 2 weapon_plasmagun
 36:37 Item: 2 weapon_rocketlauncher
 36:40 Kill: 1 0 2: Collector killed EROS by MOD_GAUNTLET
 36:41 Item: 1 item_armor_shard
 36:41 Item: 1 item_armor_shard
 36:42 Item: 0 ammo_slugs
 36:42 Item: 0 ammo_cells
 36:44 Item: 1 item_armor_shard
 36:44 Item: 1 item_armor_shard
 36:47 Item: 1 weapon_railgun
 36:49 Item: 0 weapon_plasmagun
 36:49 Item: 2 item_health
 36:51 Item: 2 item_health
 36:53 Item: 2 ammo_rockets
 36:58 Item: 1 weapon_railgun
 36:59 Kill: 0 2 8: EROS killed anomen by MOD_PLASMA
 37:00 Kill: 1 0 10: Collector killed EROS by MOD_RAILGUN
 37:02 Item: 2 ammo_slugs
 37:02 Item: 2 ammo_cells
 37:03 Item: 0 ammo_slugs
 37:03 Item: 0 ammo_cells
 37:04 Item: 0 ammo_cells
 37:04 Item: 2 item_armor_body
 37:05 Item: 1 item_enviro
 37:06 Kill: 1022 1 22: <world> killed Collector by MOD_TRIGGER_HURT
 37:07 Item: 0 weapon_rocketlauncher
 37:08 Item: 1 ammo_slugs
 37:08 Item: 1 ammo_cells
 37:10 Item: 2 weapon_railgun
 37:13 Item: 1 item_armor_combat
 37:13 Item: 1 weapon_plasmagun
 37:14 Item: 0 weapon_rocketlauncher
 37:19 Kill: 2 0 10: anomen killed EROS by MOD_RAILGUN
 37:19 Item: 2 weapon_plasmagun
 37:20 Item: 2 weapon_rocketlauncher
 37:20 Item: 1 weapon_plasmagun
 37:20 Item: 0 ammo_slugs
 37:20 Item: 0 ammo_cells
 37:22 Item: 2 weapon_rocketlauncher
 37:23 Item: 0 item_armor_shard
 37:23 Item: 0 item_armor_shard
 37:24 Item: 0 item_armor_shard
 37:24 Item: 0 item_armor_shard
 37:27 Item: 1 weapon_rocketlauncher
 37:30 Item: 0 weapon_plasmagun
 37:31 Kill: 2 1 6: anomen killed Collector by MOD_ROCKET
 37:32 Item: 0 item_health_large
 37:33 Item: 2 weapon_plasmagun
 37:33 Item: 1 ammo_slugs
 37:33 Item: 1 ammo_cells
 37:35 Item: 1 weapon_railgun
 37:36 Kill: 1 2 10: Collector killed anomen by MOD_RAILGUN
 37:36 Item: 0 weapon_rocketlauncher
 37:38 Item: 2 ammo_slugs
 37:38 Item: 2 ammo_cells
 37:47 Kill: 2 1 2: anomen killed Collector by MOD_GAUNTLET
 37:49 Item: 1 ammo_slugs
 37:49 Item: 1 ammo_cells
 37:49 Item: 0 weapon_plasmagun
 37:51 Kill: 0 2 8: EROS killed anomen by MOD_PLASMA
 37:51 Item: 1 item_armor_body
 37:53 Item: 2 ammo_slugs
 37:53 Item: 2 ammo_cells
 37:54 Item: 2 ammo_cells
 37:54 Item: 1 item_armor_shard
 37:54 Item: 1 item_armor_shard
 37:54 Item: 1 item_armor_shard
 37:56 Item: 1 weapon_railgun
 38:00 Item: 1 ammo_rockets
 38:02 Item: 0 item_health
 38:03 Item: 2 item_armor_combat
 38:04 Item: 2 weapon_plasmagun
 38:07 Item: 2 weapon_rocketlauncher
 38:09 Item: 0 item_health_large
 38:13 Item: 0 weapon_rocketlauncher
 38:14 Item: 2 weapon_railgun
 38:17 Item: 1 item_armor_body
 38:28 Item: 2 weapon_plasmagun
 38:29 Kill: 0 2 6: EROS killed anomen by MOD_ROCKET
 38:31 Item: 2 ammo_slugs
 38:31 Item: 2 ammo_cells
 38:32 Item: 1 item_health
 38:34 Item: 2 weapon_railgun
 38:35 Kill: 1 0 10: Collector killed EROS by MOD_RAILGUN
 38:37 Item: 0 ammo_slugs
 38:37 Item: 0 ammo_cells
 38:42 Kill: 1022 0 22: <world> killed EROS by MOD_TRIGGER_HURT
 38:44 Item: 0 ammo_slugs
 38:44 Item: 0 ammo_cells
 38:49 Kill: 2 1 10: anomen killed Collector by MOD_RAILGUN
 38:50 Item: 2 item_health_large
 38:51 Item: 1 ammo_slugs
 38:51 Item: 1 ammo_cells
 38:51 Item: 2 weapon_plasmagun
 38:52 Item: 0 weapon_plasmagun
 38:54 Item: 2 weapon_rocketlauncher
 38:54 Item: 1 weapon_railgun
 38:54 Item: 0 item_armor_combat
 38:58 Kill: 1 2 10: Collector killed anomen by MOD_RAILGUN
 39:00 Item: 2 ammo_slugs
 39:00 Item: 2 ammo_cells
 39:01 Item: 0 item_health_large
 39:02 Item: 2 item_armor_body
 39:04 Item: 0 weapon_plasmagun
 39:07 Item: 2 weapon_rocketlauncher
 39:11 Item: 1 item_enviro
 39:11 Item: 0 weapon_rocketlauncher
 39:14 Item: 1 weapon_plasmagun
 39:15 Kill: 1 0 8: Collector killed EROS by MOD_PLASMA
 39:17 Item: 1 weapon_rocketlauncher
 39:18 Item: 2 weapon_rocketlauncher
 39:18 Item: 0 ammo_slugs
 39:18 Item: 0 ammo_cells
 39:22 Item: 2 item_armor_combat
 39:23 Item: 2 weapon_plasmagun
 39:25 Kill: 1 2 6: Collector killed anomen by MOD_ROCKET
 39:27 Item: 2 ammo_slugs
 39:27 Item: 2 ammo_cells
 39:27 Item: 0 weapon_railgun
 39:27 Item: 1 weapon_plasmagun
 39:28 Item: 1 item_health_large
 39:29 Item: 1 item_armor_shard
 39:30 Item: 1 item_armor_shard
 39:37 Item: 2 weapon_plasmagun
 39:42 Item: 2 weapon_rocketlauncher
 39:43 Item: 2 weapon_rocketlauncher
 39:44 Item: 2 weapon_plasmagun
 39:46 Kill: 0 1 10: EROS killed Collector by MOD_RAILGUN
 39:47 Item: 2 weapon_rocketlauncher
 39:48 Item: 1 ammo_slugs
 39:48 Item: 1 ammo_cells
 39:48 Item: 2 item_armor_combat
 39:49 Kill: 1 0 3: Collector killed EROS by MOD_MACHINEGUN
 39:50 Item: 1 weapon_railgun
 39:51 Item: 0 ammo_slugs
 39:51 Item: 0 ammo_cells
 39:52 Item: 2 ammo_cells
 39:54 Kill: 0 2 3: EROS killed anomen by MOD_MACHINEGUN
 39:56 Item: 0 weapon_rocketlauncher
 39:56 Item: 2 ammo_slugs
 39:56 Item: 2 ammo_cells
 39:57 Item: 2 ammo_cells
 40:02 Kill: 0 1 6: EROS killed Collector by MOD_ROCKET
 40:02 Kill: 0 2 7: EROS killed anomen by MOD_ROCKET_SPLASH
 40:04 Item: 1 ammo_slugs
 40:04 Item: 1 ammo_cells
 40:04 Item: 0 weapon_railgun
 40:05 Item: 0 weapon_railgun
 40:06 Item: 2 ammo_slugs
 40:06 Item: 2 ammo_cells
 40:06 Kill: 1 0 3: Collector killed EROS by MOD_MACHINEGUN
 40:06 Exit: Fraglimit hit.
 40:06 score: 30  ping: 48  client: 1 Collector
 40:06 score: 27  ping: 30  client: 2 anomen
 40:06 score: 7  ping: 10  client: 0 EROS
 40:07 Item: 1 weapon_railgun
 40:14 say: Collector: uff close
 40:22 ShutdownGame:
 40:22 ------------------------------------------------------------
 40:22 ------------------------------------------------------------
 40:22 InitGame: \capturelimit\8\g_maxGameClients\0\sv_floodProtect\1\sv_maxPing\0\sv_minPing\0\sv_dlRate\100\sv_maxRate\0\sv_minRate\0\sv_maxclients\8\sv_hostname\malina\timelimit\25\fraglimit\30\dmflags\0\version\ioq3 1.36+u20181222.e5da13f~dfsg-2/Raspbian linux-arm Mar  8 2019\com_gamename\Quake3Arena\com_protocol\71\g_gametype\0\mapname\q3tourney3\sv_privateClients\0\sv_allowDownload\0\bot_minplayers\0\gamename\baseq3\g_needpass\0
 40:23 ClientConnect: 0
 40:23 ClientUserinfoChanged: 0 n\EROS\t\0\model\sarge\hmodel\sarge\g_redteam\\g_blueteam\\c1\4\c2\5\hc\100\w\0\l\0\tt\0\tl\0
 40:23 Item: 0 ammo_slugs
 40:23 Item: 0 ammo_cells
 40:23 ClientBegin: 0
 40:23 ClientConnect: 1
 40:23 ClientUserinfoChanged: 1 n\Collector\t\0\model\doom/default\hmodel\doom/default\g_redteam\\g_blueteam\\c1\2\c2\5\hc\100\w\0\l\0\tt\0\tl\0
 40:23 Item: 1 ammo_slugs
 40:23 Item: 1 ammo_cells
 40:23 ClientBegin: 1
 40:23 ClientConnect: 2
 40:23 ClientUserinfoChanged: 2 n\anomen\t\0\model\tankjr/blue\hmodel\tankjr/blue\g_redteam\\g_blueteam\\c1\1\c2\5\hc\100\w\0\l\0\tt\0\tl\0
 40:23 Item: 2 ammo_slugs
 40:23 Item: 2 ammo_cells
 40:23 ClientBegin: 2
 40:27 say: anomen: thanks to your falls
 40:39 say: Collector: another map?
 40:41 say: EROS: i need to train more, didnt play for some time
 40:44 ShutdownGame:
 40:44 ------------------------------------------------------------
  0:00 ------------------------------------------------------------
  0:00 InitGame: \capturelimit\8\g_maxGameClients\0\sv_floodProtect\1\sv_maxPing\0\sv_minPing\0\sv_dlRate\100\sv_maxRate\0\sv_minRate\0\sv_maxclients\8\sv_hostname\malina\timelimit\25\fraglimit\30\dmflags\0\version\ioq3 1.36+u20181222.e5da13f~dfsg-2/Raspbian linux-arm Mar  8 2019\com_gamename\Quake3Arena\com_protocol\71\g_gametype\0\mapname\q3dm17\sv_privateClients\0\sv_allowDownload\0\bot_minplayers\0\gamename\baseq3\g_needpass\0
  0:00 ClientConnect: 0
  0:00 ClientUserinfoChanged: 0 n\EROS\t\0\model\sarge\hmodel\sarge\g_redteam\\g_blueteam\\c1\4\c2\5\hc\100\w\0\l\0\tt\0\tl\0
  0:00 ClientConnect: 1
  0:00 ClientUserinfoChanged: 1 n\Collector\t\0\model\doom/default\hmodel\doom/default\g_redteam\\g_blueteam\\c1\2\c2\5\hc\100\w\0\l\0\tt\0\tl\0
  0:00 ClientConnect: 2
  0:00 ClientUserinfoChanged: 2 n\anomen\t\0\model\tankjr/blue\hmodel\tankjr/blue\g_redteam\\g_blueteam\\c1\1\c2\5\hc\100\w\0\l\0\tt\0\tl\0
  0:02 ClientUserinfoChanged: 2 n\anomen\t\0\model\tankjr/blue\hmodel\tankjr/blue\g_redteam\\g_blueteam\\c1\1\c2\5\hc\100\w\0\l\0\tt\0\tl\0
  0:02 ClientBegin: 2
  0:03 ClientUserinfoChanged: 1 n\Collector\t\0\model\doom/default\hmodel\doom/default\g_redteam\\g_blueteam\\c1\2\c2\5\hc\100\w\0\l\0\tt\0\tl\0
  0:03 ClientBegin: 1
  0:03 ClientUserinfoChanged: 0 n\EROS\t\0\model\sarge\hmodel\sarge\g_redteam\\g_blueteam\\c1\4\c2\5\hc\100\w\0\l\0\tt\0\tl\0
  0:03 ClientBegin: 0
  0:06 say: anomen: co tahle?
  0:09 Item: 0 item_armor_body
  0:13 Item: 0 weapon_rocketlauncher
  0:14 say: Collector: let's keep falling off platfom :)
  0:16 Item: 0 ammo_rockets
  0:18 say: anomen: yes
  0:21 Item: 1 ammo_slugs
  0:23 Item: 0 weapon_rocketlauncher
  0:23 Item: 2 ammo_shells
  0:24 Item: 1 weapon_railgun
  0:24 Item: 2 weapon_shotgun
  0:26 Item: 2 item_armor_shard
  0:27 Item: 2 item_armor_shard
  0:27 Item: 2 item_armor_shard
  0:27 Item: 2 item_armor_combat
  0:28 Item: 0 weapon_rocketlauncher
  0:30 Item: 2 item_armor_shard
  0:30 Item: 2 item_armor_shard
  0:31 Item: 2 item_armor_shard
  0:33 Item: 1 item_health_large
  0:36 Item: 2 weapon_rocketlauncher
  0:36 Item: 2 ammo_rockets
  0:41 Kill: 1 2 10: Collector killed anomen by MOD_RAILGUN
  0:45 Item: 1 item_health_mega
  0:48 Item: 1 weapon_rocketlauncher
  0:52 Item: 2 ammo_shells
  0:52 Item: 2 weapon_shotgun
  0:58 Kill: 1 2 10: Collector killed anomen by MOD_RAILGUN
  0:59 Item: 0 weapon_railgun
  1:02 Item: 1 item_armor_shard
  1:03 Item: 2 weapon_rocketlauncher
  1:03 Item: 1 item_armor_shard
  1:03 Item: 1 item_armor_shard
  1:03 Item: 1 item_armor_combat
  1:05 Item: 1 item_armor_shard
  1:05 Item: 1 item_armor_shard
  1:05 Item: 1 item_armor_shard
  1:08 Kill: 1 2 10: Collector killed anomen by MOD_RAILGUN
  1:10 Item: 1 weapon_rocketlauncher
  1:12 Item: 2 weapon_rocketlauncher
  1:13 Item: 2 ammo_rockets
  1:24 Item: 2 weapon_shotgun
  1:25 Item: 2 ammo_shells
  1:26 Item: 1 weapon_rocketlauncher
  1:28 Item: 1 item_armor_body
  1:29 Item: 2 weapon_rocketlauncher
  1:29 Item: 2 ammo_rockets
  1:35 Kill: 1022 1 22: <world> killed Collector by MOD_TRIGGER_HURT
  1:35 Item: 2 weapon_railgun
  1:36 Item: 0 weapon_rocketlauncher
  1:36 Item: 2 item_health
  1:40 Item: 1 weapon_shotgun
  1:43 Kill: 1 2 1: Collector killed anomen by MOD_SHOTGUN
  1:43 Item: 1 weapon_rocketlauncher
  1:45 Kill: 1 0 6: Collector killed EROS by MOD_ROCKET
  1:47 Item: 2 weapon_rocketlauncher
  1:52 Item: 1 item_armor_shard
  1:52 Item: 1 item_armor_shard
  1:52 Item: 1 item_armor_shard
  1:52 Item: 1 item_armor_combat
  1:55 Item: 2 item_health_mega
  1:55 Item: 1 weapon_rocketlauncher
  1:55 Item: 1 ammo_rockets
  1:59 Item: 0 weapon_railgun
  1:59 Item: 1 item_health_large
  2:04 Item: 0 weapon_railgun
  2:05 Kill: 1 0 6: Collector killed EROS by MOD_ROCKET
  2:06 Item: 1 weapon_railgun
  2:07 Item: 1 item_health
  2:10 Item: 0 weapon_rocketlauncher
  2:11 Item: 2 weapon_rocketlauncher
  2:13 Item: 1 item_armor_body
  2:17 Kill: 1 2 10: Collector killed anomen by MOD_RAILGUN
  2:18 Item: 1 weapon_railgun
  2:21 Item: 0 weapon_rocketlauncher
  2:26 Item: 2 ammo_shells
  2:26 Item: 2 weapon_shotgun
  2:27 Item: 1 item_health_large
  2:29 Item: 2 item_armor_shard
  2:29 Item: 2 item_armor_shard
  2:30 Item: 2 item_armor_shard
  2:30 Item: 2 item_armor_combat
  2:36 Item: 2 ammo_shells
  2:36 Item: 1 weapon_rocketlauncher
  2:36 Item: 2 weapon_shotgun
  2:40 Item: 0 weapon_railgun
  2:44 Item: 1 weapon_rocketlauncher
  2:45 Item: 1 ammo_rockets
  2:46 Item: 2 item_armor_shard
  2:46 Item: 2 item_armor_shard
  2:46 Item: 2 item_armor_shard
  2:47 Item: 1 item_armor_body
  2:49 Item: 2 item_health_large
  2:51 Kill: 1022 0 22: <world> killed EROS by MOD_TRIGGER_HURT
  2:51 Item: 1 weapon_railgun
  2:51 Item: 2 weapon_rocketlauncher
  2:56 Item: 0 ammo_bullets
  2:59 Item: 0 weapon_rocketlauncher
  3:04 Item: 1 item_armor_shard
  3:04 Item: 1 item_armor_shard
  3:04 Item: 1 item_armor_shard
  3:04 Item: 1 item_armor_combat
  3:08 Item: 2 weapon_rocketlauncher
  3:10 Item: 2 item_health_mega
  3:12 Item: 1 item_armor_shard
  3:12 Item: 1 item_armor_shard
  3:12 Item: 1 item_armor_shard
  3:15 Item: 0 weapon_rocketlauncher
  3:17 Item: 0 ammo_bullets
  3:24 Item: 0 weapon_rocketlauncher
  3:24 Item: 0 ammo_rockets
  3:28 Item: 0 item_armor_body
  3:31 Item: 0 ammo_rockets
  3:31 Item: 0 weapon_rocketlauncher
  3:39 Item: 2 item_armor_shard
  3:40 Item: 2 item_armor_shard
  3:40 Item: 2 item_armor_shard
  3:40 Item: 2 item_armor_combat
  3:40 Item: 0 weapon_rocketlauncher
  3:44 Item: 2 item_armor_shard
  3:44 Item: 2 item_armor_shard
  3:44 Item: 2 item_armor_shard
  3:45 Item: 0 weapon_rocketlauncher
  3:47 Item: 1 item_quad
  3:53 Item: 2 weapon_rocketlauncher
  3:57 Kill: 1 0 3: Collector killed EROS by MOD_MACHINEGUN
  4:01 Kill: 1 2 3: Collector killed anomen by MOD_MACHINEGUN
  4:02 Item: 0 weapon_rocketlauncher
  4:04 Item: 1 item_armor_body
  4:04 Kill: 1 0 6: Collector killed EROS by MOD_ROCKET
  4:04 Item: 1 weapon_rocketlauncher
  4:04 Kill: 0 1 6: EROS killed Collector by MOD_ROCKET
  4:11 Item: 2 weapon_railgun
  4:18 Item: 0 weapon_rocketlauncher
  4:19 Kill: 1022 1 22: <world> killed Collector by MOD_TRIGGER_HURT
  4:21 Item: 1 weapon_rocketlauncher
  4:22 Item: 1 ammo_rockets
  4:23 Item: 1 weapon_rocketlauncher
  4:24 Item: 1 item_quad
  4:28 Item: 2 item_health_large
  4:28 Item: 1 weapon_railgun
  4:29 Item: 1 item_health
  4:37 Kill: 1 2 10: Collector killed anomen by MOD_RAILGUN
  4:39 Item: 1 item_health_large
  4:42 Kill: 1022 2 22: <world> killed anomen by MOD_TRIGGER_HURT
  4:45 Item: 1 item_armor_body
  4:47 Item: 1 weapon_rocketlauncher
  4:49 Item: 0 weapon_railgun
  4:54 Kill: 1022 2 22: <world> killed anomen by MOD_TRIGGER_HURT
  4:57 Item: 1 item_armor_shard
  4:57 Item: 1 item_armor_shard
  4:57 Item: 1 item_armor_shard
  4:57 Item: 2 ammo_rockets
  4:57 Item: 1 item_armor_combat
  4:58 Item: 2 weapon_rocketlauncher
  5:01 Item: 2 item_armor_shard
  5:01 Item: 2 item_armor_shard
  5:01 Item: 2 item_armor_shard
  5:04 Item: 0 item_health_large
  5:09 Kill: 1022 1 22: <world> killed Collector by MOD_TRIGGER_HURT
  5:11 Item: 2 ammo_shells
  5:12 Item: 2 weapon_shotgun
  5:12 Item: 1 weapon_rocketlauncher
  5:14 Item: 0 ammo_slugs
  5:17 Item: 2 item_health_mega
  5:19 Item: 0 weapon_railgun
  5:20 Item: 1 item_armor_body
  5:23 Kill: 1 2 6: Collector killed anomen by MOD_ROCKET
  5:24 Item: 0 weapon_railgun
  5:35 Kill: 1022 0 22: <world> killed EROS by MOD_TRIGGER_HURT
  5:35 Item: 2 weapon_shotgun
  5:38 Item: 2 item_armor_shard
  5:38 Item: 2 item_armor_shard
  5:38 Item: 2 item_armor_shard
  5:38 Item: 2 item_armor_combat
  5:38 Item: 1 item_armor_shard
  5:38 Item: 1 item_armor_shard
  5:38 Item: 1 item_armor_shard
  5:40 Item: 0 weapon_rocketlauncher
  5:40 Item: 0 weapon_rocketlauncher
  5:42 Item: 0 ammo_rockets
  5:44 Kill: 2 0 1: anomen killed EROS by MOD_SHOTGUN
  5:45 Item: 1 weapon_rocketlauncher
  5:52 Item: 1 item_health_large
  5:53 Item: 1 weapon_rocketlauncher
  5:54 Item: 0 ammo_slugs
  5:55 Item: 1 item_armor_body
  5:56 Item: 2 weapon_rocketlauncher
  5:58 Item: 0 weapon_railgun
  6:00 Item: 1 weapon_rocketlauncher
  6:01 Item: 1 ammo_rockets
  6:02 Item: 2 weapon_rocketlauncher
  6:04 Item: 2 ammo_bullets
  6:06 Item: 0 weapon_railgun
  6:07 Item: 1 weapon_rocketlauncher
  6:07 Item: 2 item_armor_shard
  6:07 Item: 2 item_armor_shard
  6:07 Item: 2 item_armor_shard
  6:10 Item: 1 item_health_mega
  6:10 Item: 2 item_armor_shard
  6:10 Item: 2 item_armor_shard
  6:10 Item: 2 item_armor_shard
  6:11 Item: 2 item_armor_combat
  6:17 Kill: 1022 0 22: <world> killed EROS by MOD_TRIGGER_HURT
  6:17 Item: 2 weapon_rocketlauncher
  6:20 Item: 1 weapon_railgun
  6:21 Item: 2 item_armor_body
  6:22 Item: 0 ammo_shells
  6:22 Item: 0 weapon_shotgun
  6:24 Item: 2 weapon_rocketlauncher
  6:28 Item: 1 weapon_rocketlauncher
  6:28 Item: 1 ammo_rockets
  6:34 Kill: 1 0 10: Collector killed EROS by MOD_RAILGUN
  6:40 Item: 2 weapon_rocketlauncher
  6:45 Item: 2 item_health_large
  6:46 Item: 0 ammo_bullets
  6:49 Item: 2 item_armor_shard
  6:49 Item: 2 item_armor_shard
  6:49 Item: 2 item_armor_shard
  6:49 Item: 2 item_armor_combat
  6:51 Item: 2 weapon_shotgun
  6:52 Item: 0 weapon_rocketlauncher
  6:52 Item: 1 item_armor_shard
  6:52 Item: 1 item_armor_shard
  6:52 Item: 1 item_armor_shard
  6:54 Item: 2 item_health_large
  6:58 Kill: 1 2 7: Collector killed anomen by MOD_ROCKET_SPLASH
  7:00 Item: 1 weapon_shotgun
  7:00 Item: 1 ammo_shells
  7:00 Item: 0 weapon_rocketlauncher
  7:01 Item: 1 weapon_rocketlauncher
  7:06 Item: 2 item_armor_body
  7:08 Item: 2 ammo_rockets
  7:08 Item: 2 weapon_rocketlauncher
  7:10 Kill: 2 0 7: anomen killed EROS by MOD_ROCKET_SPLASH
  7:13 Item: 2 weapon_rocketlauncher
  7:14 Item: 2 item_armor_shard
  7:14 Kill: 1022 1 22: <world> killed Collector by MOD_TRIGGER_HURT
  7:14 Item: 2 item_armor_shard
  7:14 Item: 2 item_armor_shard
  7:18 Item: 1 weapon_rocketlauncher
  7:18 Item: 0 weapon_shotgun
  7:21 Kill: 2 0 7: anomen killed EROS by MOD_ROCKET_SPLASH
  7:22 Item: 1 ammo_rockets
  7:22 Item: 1 weapon_rocketlauncher
  7:25 Item: 2 item_armor_combat
  7:29 Item: 1 weapon_rocketlauncher
  7:31 Item: 1 item_armor_body
  7:33 Item: 2 weapon_shotgun
  7:36 Item: 2 item_health_large
  7:36 Item: 1 weapon_railgun
  7:37 Item: 1 item_health
  7:41 Kill: 2 0 7: anomen killed EROS by MOD_ROCKET_SPLASH
  7:41 Kill: 1022 1 22: <world> killed Collector by MOD_TRIGGER_HURT
  7:44 Item: 2 weapon_rocketlauncher
  7:51 Item: 2 item_armor_shard
  7:52 Item: 2 item_armor_shard
  7:52 Item: 2 item_armor_shard
  7:53 Item: 1 weapon_rocketlauncher
  7:54 Item: 0 weapon_railgun
  7:56 Kill: 2 1 1: anomen killed Collector by MOD_SHOTGUN
  7:58 Item: 2 item_health_large
  8:01 Item: 2 weapon_shotgun
  8:01 Item: 1 item_armor_body
  8:04 Item: 2 item_armor_shard
  8:04 Item: 2 item_armor_shard
  8:04 Item: 2 item_armor_shard
  8:04 Item: 2 item_armor_combat
  8:06 Item: 1 weapon_railgun
  8:10 Item: 2 weapon_rocketlauncher
  8:10 Item: 2 ammo_rockets
  8:11 Item: 1 weapon_rocketlauncher
  8:11 Item: 1 ammo_rockets
  8:12 Kill: 1022 0 22: <world> killed EROS by MOD_TRIGGER_HURT
  8:13 Item: 2 item_health_mega
  8:16 Item: 2 ammo_bullets
  8:17 Item: 0 weapon_shotgun
  8:24 Kill: 1022 2 22: <world> killed anomen by MOD_TRIGGER_HURT
  8:25 Item: 0 item_armor_shard
  8:25 Item: 0 item_armor_shard
  8:25 Item: 0 item_armor_shard
  8:30 Item: 2 ammo_slugs
  8:31 Item: 1 ammo_shells
  8:31 Kill: 1 0 10: Collector killed EROS by MOD_RAILGUN
  8:32 Item: 1 weapon_shotgun
  8:32 Item: 2 weapon_railgun
  8:35 Item: 0 weapon_rocketlauncher
  8:38 Item: 1 item_armor_shard
  8:39 Item: 1 item_armor_shard
  8:39 Item: 1 item_armor_shard
  8:39 Item: 1 item_armor_combat
  8:39 Item: 0 item_armor_body
  8:43 Item: 0 weapon_rocketlauncher
  8:48 Kill: 1 2 7: Collector killed anomen by MOD_ROCKET_SPLASH
  8:49 Item: 1 weapon_shotgun
  8:51 Kill: 1 0 1: Collector killed EROS by MOD_SHOTGUN
  8:52 Item: 1 weapon_rocketlauncher
  8:54 Item: 2 ammo_rockets
  8:54 Item: 2 weapon_rocketlauncher
  8:58 Item: 1 item_health_large
  9:05 Item: 2 weapon_rocketlauncher
  9:05 Item: 2 ammo_rockets
  9:08 Item: 2 item_health_mega
  9:10 Item: 0 weapon_railgun
  9:14 Item: 1 weapon_rocketlauncher
  9:16 Item: 2 item_armor_body
  9:19 Kill: 1022 0 22: <world> killed EROS by MOD_TRIGGER_HURT
  9:20 Item: 2 weapon_rocketlauncher
  9:22 Item: 1 weapon_rocketlauncher
  9:23 Kill: 0 1 3: EROS killed Collector by MOD_MACHINEGUN
  9:28 Item: 2 weapon_rocketlauncher
  9:29 Kill: 1022 0 22: <world> killed EROS by MOD_TRIGGER_HURT
  9:34 Item: 0 weapon_rocketlauncher
  9:34 Item: 1 weapon_railgun
  9:35 Item: 0 weapon_rocketlauncher
  9:38 Item: 2 item_health
  9:42 Kill: 2 1 7: anomen killed Collector by MOD_ROCKET_SPLASH
  9:44 Item: 2 weapon_rocketlauncher
  9:45 Item: 2 weapon_railgun
  9:49 Kill: 1 0 3: Collector killed EROS by MOD_MACHINEGUN
  9:51 Item: 2 item_health_large
  9:51 Item: 1 weapon_rocketlauncher
  9:55 Item: 1 item_health_large
  9:55 Item: 2 item_armor_shard
  9:55 Item: 2 item_armor_shard
  9:55 Item: 2 item_armor_shard
  9:56 Item: 2 item_armor_combat
  9:56 Item: 0 item_armor_body
  9:59 Item: 2 item_health_large
 10:00 Item: 0 weapon_rocketlauncher
 10:03 Item: 1 weapon_rocketlauncher
 10:03 Item: 1 ammo_rockets
 10:08 Item: 1 ammo_slugs
 10:11 Item: 1 weapon_railgun
 10:12 Kill: 1022 0 22: <world> killed EROS by MOD_TRIGGER_HURT
 10:13 Kill: 2 1 10: anomen killed Collector by MOD_RAILGUN
 10:17 Item: 2 item_armor_shard
 10:17 Item: 2 item_armor_shard
 10:17 Item: 2 item_armor_shard
 10:19 Item: 2 ammo_shells
 10:20 Item: 2 weapon_shotgun
 10:29 Item: 1 weapon_rocketlauncher
 10:30 Item: 2 item_health_large
 10:32 Item: 1 item_armor_body
 10:34 Item: 1 weapon_rocketlauncher
 10:34 Kill: 2 0 6: anomen killed EROS by MOD_ROCKET
 10:36 Item: 2 item_armor_shard
 10:36 Item: 2 item_armor_shard
 10:36 Item: 2 item_armor_shard
 10:36 Item: 2 item_armor_combat
 10:39 Item: 1 ammo_shells
 10:41 Item: 0 weapon_shotgun
 10:46 Item: 2 item_health_large
 10:49 Item: 2 item_armor_shard
 10:49 Item: 2 item_armor_shard
 10:49 Item: 2 item_armor_shard
 10:52 Item: 1 weapon_railgun
 10:54 Item: 0 weapon_shotgun
 10:55 Kill: 2 0 1: anomen killed EROS by MOD_SHOTGUN
 10:56 Item: 2 weapon_shotgun
 10:56 Item: 1 item_health
 10:59 Item: 0 weapon_rocketlauncher
 11:04 Item: 1 item_armor_body
 11:05 Item: 2 item_health_large
 11:06 Item: 1 ammo_rockets
 11:06 Item: 1 weapon_rocketlauncher
 11:09 Item: 2 weapon_shotgun
 11:09 Item: 2 ammo_shells
 11:10 Item: 0 weapon_rocketlauncher
 11:12 Kill: 2 0 1: anomen killed EROS by MOD_SHOTGUN
 11:14 Item: 2 weapon_rocketlauncher
 11:22 Item: 2 ammo_rockets
 11:22 Item: 2 weapon_rocketlauncher
 11:24 Item: 2 ammo_bullets
 11:26 Item: 1 item_armor_shard
 11:26 Item: 1 item_armor_shard
 11:26 Item: 1 item_armor_shard
 11:26 Item: 1 item_armor_combat
 11:27 Kill: 1 2 7: Collector killed anomen by MOD_ROCKET_SPLASH
 11:30 Item: 0 weapon_rocketlauncher
 11:30 Item: 1 weapon_shotgun
 11:30 Item: 1 weapon_rocketlauncher
 11:32 Item: 1 item_armor_shard
 11:33 Item: 1 item_armor_shard
 11:33 Item: 1 item_armor_shard
 11:34 Item: 2 ammo_slugs
 11:36 Item: 0 item_armor_body
 11:36 Item: 2 weapon_railgun
 11:44 Item: 2 item_health_large
 11:46 Kill: 1 2 6: Collector killed anomen by MOD_ROCKET
 11:46 Item: 1 weapon_railgun
 11:48 Item: 1 weapon_shotgun
 11:48 Item: 0 item_health_large
 11:56 Kill: 1022 2 22: <world> killed anomen by MOD_TRIGGER_HURT
 11:56 Item: 1 item_armor_combat
 12:00 Item: 2 weapon_rocketlauncher
 12:07 Item: 1 item_armor_shard
 12:07 Item: 1 item_armor_shard
 12:07 Item: 1 item_armor_shard
 12:07 Item: 2 item_armor_shard
 12:07 Item: 2 item_armor_shard
 12:07 Item: 2 item_armor_shard
 12:11 Item: 0 weapon_rocketlauncher
 12:11 Item: 1 weapon_rocketlauncher
 12:11 Item: 1 ammo_rockets
 12:13 Item: 1 item_armor_body
 12:14 Item: 0 ammo_rockets
 12:16 Kill: 2 0 6: anomen killed EROS by MOD_ROCKET
 12:21 Item: 0 weapon_rocketlauncher
 12:22 Item: 2 item_health_large
 12:22 Item: 1 weapon_railgun
 12:23 Item: 1 item_health
 12:28 Kill: 1022 1 22: <world> killed Collector by MOD_TRIGGER_HURT
 12:29 Item: 2 weapon_shotgun
 12:29 Item: 2 ammo_shells
 12:29 Item: 0 weapon_rocketlauncher
 12:37 Item: 1 weapon_railgun
 12:39 Item: 2 item_quad
 12:42 Kill: 2 1 1: anomen killed Collector by MOD_SHOTGUN
 12:43 Item: 2 weapon_rocketlauncher
 12:44 Item: 0 weapon_rocketlauncher
 12:47 Kill: 2 0 1: anomen killed EROS by MOD_SHOTGUN
 12:47 Item: 2 item_armor_body
 12:47 Item: 1 weapon_rocketlauncher
 12:50 Item: 0 weapon_rocketlauncher
 12:50 Kill: 2 1 1: anomen killed Collector by MOD_SHOTGUN
 12:54 Item: 2 weapon_rocketlauncher
 12:55 Item: 2 ammo_rockets
 12:55 Item: 0 weapon_rocketlauncher
 12:56 Kill: 2 0 1: anomen killed EROS by MOD_SHOTGUN
 13:01 Kill: 1022 1 22: <world> killed Collector by MOD_TRIGGER_HURT
 13:06 Item: 1 weapon_rocketlauncher
 13:06 Item: 1 weapon_rocketlauncher
 13:06 Item: 1 ammo_rockets
 13:07 Item: 2 item_health_mega
 13:08 Item: 0 weapon_rocketlauncher
 13:11 Item: 1 weapon_railgun
 13:12 Item: 2 weapon_rocketlauncher
 13:19 Item: 1 item_armor_body
 13:21 Item: 2 item_armor_shard
 13:21 Item: 1 weapon_rocketlauncher
 13:21 Item: 2 item_armor_shard
 13:21 Item: 2 item_armor_shard
 13:21 Item: 2 item_armor_combat
 13:23 Kill: 2 2 7: anomen killed anomen by MOD_ROCKET_SPLASH
 13:24 Item: 0 item_health_large
 13:25 Item: 1 weapon_rocketlauncher
 13:26 Item: 0 weapon_rocketlauncher
 13:34 Kill: 1 2 7: Collector killed anomen by MOD_ROCKET_SPLASH
 13:36 Item: 1 weapon_shotgun
 13:39 Kill: 1022 0 22: <world> killed EROS by MOD_TRIGGER_HURT
 13:40 Item: 2 weapon_rocketlauncher
 13:41 Item: 1 weapon_rocketlauncher
 13:44 Item: 0 item_armor_body
 13:48 Item: 2 weapon_rocketlauncher
 13:48 Item: 0 ammo_rockets
 13:51 Item: 0 weapon_rocketlauncher
 13:57 Item: 2 item_health_mega
 14:03 Kill: 0 1 7: EROS killed Collector by MOD_ROCKET_SPLASH
 14:06 Item: 1 weapon_rocketlauncher
 14:07 Kill: 2 0 3: anomen killed EROS by MOD_MACHINEGUN
 14:09 Item: 2 weapon_rocketlauncher
 14:13 Item: 0 ammo_bullets
 14:18 Item: 1 item_quad
 14:19 Item: 0 weapon_rocketlauncher
 14:20 Item: 2 item_health_large
 14:20 Item: 1 item_armor_body
 14:22 Item: 2 ammo_shells
 14:23 Item: 2 weapon_shotgun
 14:24 Kill: 1022 0 22: <world> killed EROS by MOD_TRIGGER_HURT
 14:25 Item: 2 item_armor_shard
 14:26 Item: 2 item_armor_shard
 14:26 Item: 2 item_armor_shard
 14:26 Item: 2 item_armor_combat
 14:31 Kill: 1 2 3: Collector killed anomen by MOD_MACHINEGUN
 14:33 Item: 1 ammo_shells
 14:34 Item: 1 weapon_shotgun
 14:39 Item: 1 weapon_rocketlauncher
 14:41 Kill: 1 2 1: Collector killed anomen by MOD_SHOTGUN
 14:42 Item: 1 ammo_rockets
 14:46 Item: 1 weapon_rocketlauncher
 14:47 Item: 2 weapon_rocketlauncher
 14:47 Item: 2 ammo_rockets
 14:52 Item: 2 item_armor_shard
 14:52 Item: 2 item_armor_shard
 14:52 Item: 2 item_armor_shard
 14:53 Kill: 1 0 1: Collector killed EROS by MOD_SHOTGUN
 14:54 Item: 1 item_health_large
 14:56 Item: 2 weapon_rocketlauncher
 14:56 Item: 1 item_armor_body
 14:58 Item: 0 weapon_shotgun
 15:01 Item: 0 item_armor_combat
 15:06 Item: 1 weapon_railgun
 15:08 Item: 2 weapon_rocketlauncher
 15:09 Item: 0 item_armor_shard
 15:09 Item: 0 item_armor_shard
 15:09 Item: 0 item_armor_shard
 15:09 Item: 1 weapon_rocketlauncher
 15:13 Kill: 2 0 6: anomen killed EROS by MOD_ROCKET
 15:14 Item: 2 weapon_shotgun
 15:21 Kill: 1022 0 22: <world> killed EROS by MOD_TRIGGER_HURT
 15:26 Item: 2 item_health_large
 15:27 Item: 1 item_health_large
 15:29 Item: 2 weapon_rocketlauncher
 15:30 Item: 2 ammo_rockets
 15:32 Item: 2 item_health_mega
 15:32 Item: 1 item_armor_body
 15:37 Item: 2 weapon_rocketlauncher
 15:38 Item: 1 ammo_rockets
 15:38 Item: 1 weapon_rocketlauncher
 15:46 Item: 1 item_armor_shard
 15:46 Item: 1 item_armor_shard
 15:46 Item: 1 item_armor_shard
 15:46 Item: 1 item_armor_combat
 15:46 Item: 2 item_armor_shard
 15:46 Item: 2 item_armor_shard
 15:46 Item: 2 item_armor_shard
 15:50 Item: 0 weapon_rocketlauncher
 15:58 Item: 2 item_health_large
 15:59 Item: 0 item_armor_body
 16:04 Item: 0 weapon_rocketlauncher
 16:06 Kill: 1 2 1: Collector killed anomen by MOD_SHOTGUN
 16:09 Item: 1 item_health_large
 16:11 Item: 0 ammo_rockets
 16:13 Item: 2 weapon_rocketlauncher
 16:15 Item: 1 weapon_railgun
 16:18 Item: 1 weapon_rocketlauncher
 16:21 Item: 2 ammo_rockets
 16:22 Item: 1 item_armor_shard
 16:23 Item: 1 item_armor_shard
 16:23 Item: 1 item_armor_shard
 16:25 Kill: 1022 0 22: <world> killed EROS by MOD_TRIGGER_HURT
 16:28 Item: 2 item_armor_combat
 16:30 Item: 1 item_armor_shard
 16:30 Item: 1 item_armor_shard
 16:30 Item: 1 item_armor_shard
 16:31 Item: 0 item_armor_body
 16:31 Item: 2 weapon_shotgun
 16:31 Item: 2 ammo_shells
 16:33 Item: 2 item_health_large
 16:35 Item: 0 weapon_rocketlauncher
 16:44 Kill: 0 2 7: EROS killed anomen by MOD_ROCKET_SPLASH
 16:44 Item: 1 weapon_rocketlauncher
 16:45 Item: 0 weapon_shotgun
 16:51 Kill: 1 0 7: Collector killed EROS by MOD_ROCKET_SPLASH
 16:54 Item: 1 item_health_large
 16:58 Item: 1 item_armor_body
 17:03 Item: 1 weapon_railgun
 17:05 Item: 2 weapon_shotgun
 17:08 Item: 2 ammo_bullets
 17:10 Item: 1 ammo_rockets
 17:10 Item: 1 weapon_rocketlauncher
 17:12 Item: 0 weapon_rocketlauncher
 17:12 Item: 0 ammo_rockets
 17:13 Kill: 2 0 1: anomen killed EROS by MOD_SHOTGUN
 17:15 Item: 2 weapon_rocketlauncher
 17:17 Item: 2 item_health_mega
 17:19 Item: 0 weapon_rocketlauncher
 17:20 Item: 2 weapon_rocketlauncher
 17:22 Item: 1 item_armor_shard
 17:23 Item: 1 item_armor_shard
 17:23 Item: 1 item_armor_shard
 17:23 Item: 1 item_armor_combat
 17:23 Item: 0 item_armor_body
 17:25 Item: 1 item_armor_shard
 17:25 Item: 1 item_armor_shard
 17:25 Item: 1 item_armor_shard
 17:27 Item: 0 weapon_rocketlauncher
 17:36 Item: 2 weapon_shotgun
 17:36 Kill: 2 0 1: anomen killed EROS by MOD_SHOTGUN
 17:37 Item: 2 ammo_shells
 17:37 Item: 2 weapon_rocketlauncher
 17:38 Kill: 1 2 10: Collector killed anomen by MOD_RAILGUN
 17:40 Item: 1 weapon_shotgun
 17:42 Item: 1 item_health_large
 17:46 Item: 0 weapon_rocketlauncher
 17:48 Kill: 1022 2 22: <world> killed anomen by MOD_TRIGGER_HURT
 17:48 Item: 1 item_armor_shard
 17:48 Item: 1 item_armor_shard
 17:48 Item: 1 item_armor_shard
 17:51 Item: 0 weapon_rocketlauncher
 17:53 Item: 2 item_armor_body
 17:55 Item: 1 ammo_rockets
 17:57 Item: 2 weapon_rocketlauncher
 17:59 Item: 0 weapon_railgun
 18:01 Item: 2 weapon_shotgun
 18:04 Item: 0 weapon_railgun
 18:07 Item: 2 weapon_shotgun
 18:07 Kill: 2 1 1: anomen killed Collector by MOD_SHOTGUN
 18:07 Item: 2 weapon_rocketlauncher
 18:09 Item: 0 weapon_railgun
 18:09 Item: 2 item_armor_shard
 18:09 Item: 2 item_armor_shard
 18:10 Item: 1 ammo_rockets
 18:10 Item: 2 item_armor_shard
 18:10 Item: 2 item_armor_combat
 18:10 Item: 1 weapon_rocketlauncher
 18:13 Item: 2 item_health_large
 18:15 Item: 2 ammo_shells
 18:15 Item: 2 weapon_shotgun
 18:16 Item: 0 item_health
 18:18 Item: 2 item_armor_shard
 18:18 Item: 2 item_armor_shard
 18:18 Item: 2 item_armor_shard
 18:20 Item: 1 item_armor_body
 18:22 Item: 1 weapon_rocketlauncher
 18:25 Kill: 1022 0 19: <world> killed EROS by MOD_FALLING
 18:28 Item: 2 weapon_railgun
 18:28 Item: 1 weapon_railgun
 18:29 Item: 0 weapon_rocketlauncher
 18:34 Item: 0 weapon_rocketlauncher
 18:39 Kill: 1 2 10: Collector killed anomen by MOD_RAILGUN
 18:43 Item: 2 weapon_rocketlauncher
 18:47 Item: 2 item_health_mega
 18:49 Kill: 1 2 10: Collector killed anomen by MOD_RAILGUN
 18:51 Item: 1 ammo_shells
 18:52 Item: 1 weapon_shotgun
 18:53 Kill: 1022 0 19: <world> killed EROS by MOD_FALLING
 18:54 Item: 1 item_armor_shard
 18:54 Item: 1 item_armor_shard
 18:54 Item: 1 item_armor_shard
 18:54 Item: 1 item_armor_combat
 18:55 Item: 1 item_armor_shard
 18:55 Item: 2 weapon_rocketlauncher
 18:55 Item: 2 ammo_rockets
 18:55 Item: 1 item_armor_shard
 18:56 Item: 1 item_armor_shard
 19:01 Item: 0 weapon_rocketlauncher
 19:06 Item: 0 weapon_railgun
 19:09 Item: 1 item_health_large
 19:11 Item: 0 weapon_railgun
 19:13 Item: 1 item_armor_body
 19:17 Kill: 1 0 6: Collector killed EROS by MOD_ROCKET
 19:17 Item: 2 weapon_rocketlauncher
 19:18 Item: 2 ammo_rockets
 19:18 Item: 2 weapon_rocketlauncher
 19:19 Kill: 1022 1 22: <world> killed Collector by MOD_TRIGGER_HURT
 19:23 Item: 1 weapon_rocketlauncher
 19:28 Item: 1 item_armor_shard
 19:28 Item: 1 item_armor_shard
 19:29 Item: 1 item_armor_shard
 19:29 Item: 0 weapon_railgun
 19:29 Item: 1 item_armor_combat
 19:29 Item: 1 item_armor_shard
 19:30 Item: 0 weapon_railgun
 19:33 Item: 2 weapon_rocketlauncher
 19:38 Item: 1 item_armor_body
 19:40 Kill: 2 0 7: anomen killed EROS by MOD_ROCKET_SPLASH
 19:40 Item: 2 weapon_railgun
 19:41 Item: 2 weapon_railgun
 19:44 Item: 2 weapon_rocketlauncher
 19:47 Item: 2 item_health_mega
 19:50 Item: 0 weapon_railgun
 19:51 Item: 1 item_quad
 19:58 Kill: 1022 1 22: <world> killed Collector by MOD_TRIGGER_HURT
 20:00 Item: 2 item_health_large
 20:02 Item: 2 weapon_rocketlauncher
 20:02 Item: 1 weapon_rocketlauncher
 20:02 Item: 2 ammo_rockets
 20:03 Item: 1 ammo_rockets
 20:06 Item: 1 item_armor_body
 20:07 Kill: 2 0 7: anomen killed EROS by MOD_ROCKET_SPLASH
 20:08 Item: 2 weapon_railgun
 20:08 Item: 2 weapon_railgun
 20:13 Kill: 1022 2 22: <world> killed anomen by MOD_TRIGGER_HURT
 20:14 Item: 1 weapon_rocketlauncher
 20:20 Item: 2 weapon_rocketlauncher
 20:30 Kill: 1022 2 22: <world> killed anomen by MOD_TRIGGER_HURT
 20:30 Item: 1 weapon_shotgun
 20:31 Item: 1 ammo_shells
 20:34 Item: 1 item_armor_shard
 20:34 Item: 1 item_armor_shard
 20:34 Item: 1 item_armor_shard
 20:34 Item: 2 weapon_rocketlauncher
 20:34 Item: 1 item_armor_combat
 20:35 Item: 1 item_armor_shard
 20:35 Item: 1 item_armor_shard
 20:35 Item: 1 item_armor_shard
 20:39 Item: 1 item_armor_body
 20:44 Item: 1 weapon_railgun
 20:47 Item: 2 item_health_mega
 20:52 Kill: 1022 0 22: <world> killed EROS by MOD_TRIGGER_HURT
 20:57 Item: 0 weapon_rocketlauncher
 21:01 Item: 1 item_armor_shard
 21:01 Item: 1 item_armor_shard
 21:01 Item: 1 item_armor_shard
 21:02 Item: 0 weapon_rocketlauncher
 21:03 Item: 2 weapon_shotgun
 21:05 Item: 1 item_armor_shard
 21:05 Item: 1 item_armor_shard
 21:05 Item: 1 item_armor_shard
 21:05 Item: 1 item_armor_combat
 21:06 Kill: 1 2 10: Collector killed anomen by MOD_RAILGUN
 21:07 Item: 1 weapon_shotgun
 21:11 Item: 0 weapon_rocketlauncher
 21:11 Item: 1 weapon_rocketlauncher
 21:12 Item: 1 ammo_rockets
 21:12 Item: 2 weapon_shotgun
 21:13 Item: 2 ammo_shells
 21:14 Item: 1 item_armor_body
 21:18 Item: 1 weapon_rocketlauncher
 21:22 Item: 1 item_health_large
 21:25 Item: 2 weapon_rocketlauncher
 21:26 Item: 2 ammo_rockets
 21:27 Item: 1 weapon_railgun
 21:28 Item: 1 item_health
 21:35 Item: 2 item_health_large
 21:38 Item: 2 weapon_rocketlauncher
 21:39 Item: 0 item_health_large
 21:41 Kill: 1022 0 22: <world> killed EROS by MOD_TRIGGER_HURT
 21:44 Item: 1 item_armor_shard
 21:45 Item: 1 item_armor_shard
 21:45 Item: 1 item_armor_shard
 21:45 Item: 1 item_armor_combat
 21:46 Item: 0 weapon_rocketlauncher
 21:47 Item: 2 weapon_rocketlauncher
 21:55 Kill: 1022 0 22: <world> killed EROS by MOD_TRIGGER_HURT
 21:56 Item: 1 item_armor_body
 21:57 Item: 2 weapon_rocketlauncher
 21:58 Kill: 2 0 6: anomen killed EROS by MOD_ROCKET
 22:02 Item: 0 ammo_rockets
 22:02 Item: 0 weapon_rocketlauncher
 22:05 Item: 1 item_quad
 22:06 Item: 0 weapon_shotgun
 22:10 Item: 1 ammo_slugs
 22:13 Item: 1 item_health
 22:23 Kill: 1 2 1: Collector killed anomen by MOD_SHOTGUN
 22:26 Item: 1 item_armor_body
 22:32 Kill: 1 2 1: Collector killed anomen by MOD_SHOTGUN
 22:32 Item: 0 item_armor_shard
 22:32 Item: 0 item_armor_shard
 22:32 Item: 0 item_armor_shard
 22:33 Item: 0 item_armor_combat
 22:35 Item: 0 ammo_shells
 22:36 Item: 1 ammo_rockets
 22:36 Item: 1 weapon_rocketlauncher
 22:39 Item: 0 item_armor_shard
 22:39 Item: 0 item_armor_shard
 22:39 Item: 0 item_armor_shard
 22:41 Item: 2 weapon_rocketlauncher
 22:42 Kill: 2 1 6: anomen killed Collector by MOD_ROCKET
 22:42 Item: 2 weapon_rocketlauncher
 22:46 Item: 1 weapon_shotgun
 22:47 Item: 0 weapon_rocketlauncher
 22:50 Item: 2 item_health_mega
 22:58 Item: 2 item_health_large
 22:59 Item: 0 weapon_rocketlauncher
 23:01 Item: 2 weapon_shotgun
 23:01 Item: 0 item_armor_body
 23:02 Item: 1 weapon_rocketlauncher
 23:02 Item: 1 ammo_rockets
 23:04 Item: 2 item_armor_shard
 23:04 Item: 2 item_armor_combat
 23:06 Item: 2 weapon_shotgun
 23:07 Item: 2 ammo_shells
 23:09 Item: 2 item_health_large
 23:11 Item: 2 weapon_rocketlauncher
 23:13 Kill: 2 0 6: anomen killed EROS by MOD_ROCKET
 23:14 Kill: 1022 1 22: <world> killed Collector by MOD_TRIGGER_HURT
 23:18 Item: 1 weapon_rocketlauncher
 23:21 Item: 1 weapon_rocketlauncher
 23:22 Item: 0 ammo_slugs
 23:25 Item: 0 weapon_railgun
 23:27 Item: 2 ammo_shells
 23:27 Item: 2 weapon_shotgun
 23:27 Item: 1 item_armor_body
 23:31 Item: 2 weapon_rocketlauncher
 23:31 Item: 1 ammo_bullets
 23:37 Item: 1 ammo_rockets
 23:38 Kill: 2 0 6: anomen killed EROS by MOD_ROCKET
 23:39 Item: 2 item_armor_shard
 23:39 Item: 2 item_armor_shard
 23:39 Item: 2 item_armor_shard
 23:40 Item: 2 item_armor_combat
 23:47 Item: 1 weapon_shotgun
 23:48 Kill: 1022 2 22: <world> killed anomen by MOD_TRIGGER_HURT
 23:50 Item: 1 item_health_large
 23:52 Item: 2 ammo_rockets
 23:52 Item: 2 weapon_rocketlauncher
 23:55 Item: 1 item_health_mega
 23:57 Kill: 1022 0 19: <world> killed EROS by MOD_FALLING
 24:00 Item: 2 item_armor_body
 24:01 Item: 1 weapon_rocketlauncher
 24:13 Item: 1 item_health_large
 24:16 Item: 2 weapon_rocketlauncher
 24:16 Item: 1 item_armor_shard
 24:17 Item: 1 item_armor_shard
 24:17 Item: 1 item_armor_shard
 24:17 Item: 1 item_armor_combat
 24:20 Item: 1 item_armor_shard
 24:20 Item: 1 item_armor_shard
 24:20 Item: 1 item_armor_shard
 24:21 Item: 2 weapon_shotgun
 24:24 Item: 1 weapon_rocketlauncher
 24:25 Item: 1 ammo_rockets
 24:28 Item: 1 item_armor_body
 24:32 Item: 0 ammo_shells
 24:34 Item: 0 weapon_shotgun
 24:34 Kill: 2 0 1: anomen killed EROS by MOD_SHOTGUN
 24:36 Item: 2 weapon_shotgun
 24:38 Item: 0 weapon_rocketlauncher
 24:38 Kill: 1 2 7: Collector killed anomen by MOD_ROCKET_SPLASH
 24:38 Item: 0 ammo_rockets
 24:45 Item: 0 weapon_rocketlauncher
 24:48 Kill: 1 0 7: Collector killed EROS by MOD_ROCKET_SPLASH
 24:49 Item: 1 weapon_rocketlauncher
 24:49 Kill: 1022 2 22: <world> killed anomen by MOD_TRIGGER_HURT
 24:52 Item: 0 weapon_rocketlauncher
 24:53 Item: 2 weapon_rocketlauncher
 24:54 Item: 1 weapon_railgun
 24:55 Item: 1 item_health
 24:57 Item: 0 weapon_rocketlauncher
 25:00 Exit: Timelimit hit.
 25:00 score: 25  ping: 46  client: 1 Collector
 25:00 score: 17  ping: 21  client: 2 anomen
 25:00 score: -13  ping: 11  client: 0 EROS
 25:07 say: Collector: :)
 25:14 say: anomen: i have enough :)
 25:16 ShutdownGame:
 25:16 ------------------------------------------------------------
 25:16 ------------------------------------------------------------
 25:16 InitGame: \capturelimit\8\g_maxGameClients\0\sv_floodProtect\1\sv_maxPing\0\sv_minPing\0\sv_dlRate\100\sv_maxRate\0\sv_minRate\0\sv_maxclients\8\sv_hostname\malina\timelimit\25\fraglimit\30\dmflags\0\version\ioq3 1.36+u20181222.e5da13f~dfsg-2/Raspbian linux-arm Mar  8 2019\com_gamename\Quake3Arena\com_protocol\71\g_gametype\0\mapname\q3dm17\sv_privateClients\0\sv_allowDownload\0\bot_minplayers\0\gamename\baseq3\g_needpass\0
 25:16 ClientConnect: 0
 25:16 ClientUserinfoChanged: 0 n\EROS\t\0\model\sarge\hmodel\sarge\g_redteam\\g_blueteam\\c1\4\c2\5\hc\100\w\0\l\0\tt\0\tl\0
 25:16 ClientBegin: 0
 25:16 ClientConnect: 1
 25:16 ClientUserinfoChanged: 1 n\Collector\t\0\model\doom/default\hmodel\doom/default\g_redteam\\g_blueteam\\c1\2\c2\5\hc\100\w\0\l\0\tt\0\tl\0
 25:16 ClientBegin: 1
 25:16 ClientConnect: 2
 25:16 ClientUserinfoChanged: 2 n\anomen\t\0\model\tankjr/blue\hmodel\tankjr/blue\g_redteam\\g_blueteam\\c1\1\c2\5\hc\100\w\0\l\0\tt\0\tl\0
 25:16 ClientBegin: 2
 25:27 say: Collector: me too, gg
 25:41 say: Collector: proper brainwash
 25:48 say: anomen: yes
 25:55 Item: 1 item_armor_body
 25:57 say: anomen: see you
 26:02 say: Collector: gb
 26:07 say: EROS: bye
 26:18 ClientDisconnect: 1
 26:20 ClientDisconnect: 2
 26:31 ClientDisconnect: 0
 42:36 ShutdownGame:
 42:36 ------------------------------------------------------------
