  0:00 ------------------------------------------------------------
  0:00 InitGame: \capturelimit\8\g_maxGameClients\0\sv_floodProtect\1\sv_maxPing\0\sv_minPing\0\sv_dlRate\100\sv_maxRate\0\sv_minRate\0\sv_maxclients\8\sv_hostname\malina\timelimit\25\fraglimit\30\dmflags\0\version\ioq3 1.36+u20181222.e5da13f~dfsg-2/Raspbian linux-arm Mar  8 2019\com_gamename\Quake3Arena\com_protocol\71\g_gametype\0\mapname\q3dm16\sv_privateClients\0\sv_allowDownload\0\bot_minplayers\0\gamename\baseq3\g_needpass\0
  0:00 ClientConnect: 0
  0:00 ClientUserinfoChanged: 0 n\None\t\0\model\sarge/default\hmodel\sarge/default\g_redteam\\g_blueteam\\c1\3\c2\5\hc\100\w\0\l\0\tt\0\tl\0
  0:00 ClientConnect: 1
  0:00 ClientUserinfoChanged: 1 n\^4anomen\t\0\model\ranger/default\hmodel\ranger/default\g_redteam\\g_blueteam\\c1\1\c2\5\hc\100\w\0\l\0\tt\0\tl\0
  0:00 ClientConnect: 2
  0:00 ClientUserinfoChanged: 2 n\Collector\t\0\model\doom/default\hmodel\doom/default\g_redteam\\g_blueteam\\c1\2\c2\5\hc\100\w\0\l\0\tt\0\tl\0
  0:02 ClientUserinfoChanged: 1 n\^4anomen\t\0\model\ranger/default\hmodel\ranger/default\g_redteam\\g_blueteam\\c1\1\c2\5\hc\100\w\0\l\0\tt\0\tl\0
  0:02 ClientBegin: 1
  0:02 ClientUserinfoChanged: 0 n\None\t\0\model\sarge/default\hmodel\sarge/default\g_redteam\\g_blueteam\\c1\3\c2\5\hc\100\w\0\l\0\tt\0\tl\0
  0:02 ClientBegin: 0
  0:04 ClientUserinfoChanged: 2 n\Collector\t\0\model\doom/default\hmodel\doom/default\g_redteam\\g_blueteam\\c1\2\c2\5\hc\100\w\0\l\0\tt\0\tl\0
  0:04 ClientBegin: 2
  0:06 Item: 0 weapon_rocketlauncher
  0:08 say: ^4anomen: ttahle?
  0:11 Item: 0 item_armor_combat
  0:14 say: Collector: you have to hold strafe for longer jump
  0:20 Item: 1 ammo_cells
  0:20 Item: 1 ammo_cells
  0:23 Item: 1 item_armor_body
  0:25 Item: 1 item_armor_shard
  0:26 Item: 1 item_armor_shard
  0:26 Item: 1 item_armor_shard
  0:26 Item: 1 item_armor_shard
  0:26 Item: 1 item_armor_shard
  0:26 Item: 1 item_armor_shard
  0:26 Item: 1 item_armor_shard
  0:26 say: Collector: tradeoff, less control, faster moving
  0:27 Item: 0 weapon_railgun
  0:28 Item: 1 weapon_shotgun
  0:30 Item: 1 weapon_rocketlauncher
  0:32 Item: 2 ammo_bullets
  0:32 Item: 2 ammo_shells
  0:33 Item: 1 ammo_rockets
  0:33 Item: 1 ammo_rockets
  0:33 Item: 0 weapon_railgun
  0:38 Item: 1 item_armor_combat
  0:39 Item: 0 ammo_slugs
  0:40 Item: 2 weapon_railgun
  0:40 Item: 0 item_health
  0:41 Item: 0 ammo_bullets
  0:41 Item: 0 ammo_shells
  0:44 Item: 1 item_health
  0:44 Item: 1 item_health
  0:50 Item: 1 weapon_railgun
  0:51 Kill: 2 0 10: Collector killed None by MOD_RAILGUN
  0:55 Item: 1 weapon_railgun
  0:58 Kill: 1 2 10: ^4anomen killed Collector by MOD_RAILGUN
  1:00 Item: 1 weapon_railgun
  1:03 Item: 2 weapon_rocketlauncher
  1:05 Item: 0 weapon_plasmagun
  1:05 Item: 2 weapon_railgun
  1:06 Item: 0 item_armor_shard
  1:06 Item: 0 item_armor_shard
  1:07 Item: 0 item_armor_shard
  1:07 Item: 0 item_armor_shard
  1:07 Item: 0 item_armor_shard
  1:07 Item: 0 item_armor_shard
  1:07 Item: 0 item_armor_shard
  1:09 Item: 2 weapon_railgun
  1:10 Item: 0 weapon_rocketlauncher
  1:15 Item: 1 weapon_rocketlauncher
  1:18 Item: 1 weapon_rocketlauncher
  1:18 Item: 1 item_health_large
  1:21 Item: 1 ammo_bullets
  1:21 Item: 1 ammo_shells
  1:22 Item: 1 item_health
  1:22 Item: 1 item_health
  1:23 Item: 1 ammo_bullets
  1:23 Item: 1 ammo_shells
  1:24 Item: 0 weapon_rocketlauncher
  1:27 Kill: 2 0 10: Collector killed None by MOD_RAILGUN
  1:33 Kill: 2 1 10: Collector killed ^4anomen by MOD_RAILGUN
  1:35 Item: 2 item_armor_combat
  1:38 Item: 2 weapon_rocketlauncher
  1:38 Item: 1 weapon_rocketlauncher
  1:41 Kill: 1 0 7: ^4anomen killed None by MOD_ROCKET_SPLASH
  1:42 Item: 1 ammo_rockets
  1:42 Item: 1 ammo_rockets
  1:43 Kill: 2 1 7: Collector killed ^4anomen by MOD_ROCKET_SPLASH
  1:44 Item: 0 ammo_cells
  1:44 Item: 0 ammo_cells
  1:46 Item: 0 item_armor_body
  1:48 Item: 2 item_health
  1:49 Item: 2 item_health
  1:49 Item: 0 ammo_bullets
  1:49 Item: 0 ammo_shells
  1:49 Item: 2 item_health
  1:49 Item: 1 weapon_rocketlauncher
  1:51 Item: 0 ammo_bullets
  1:51 Item: 0 ammo_shells
  1:52 Item: 2 item_health
  1:54 Item: 2 weapon_plasmagun
  1:57 Item: 1 weapon_railgun
  1:57 Item: 0 weapon_rocketlauncher
  2:02 Item: 1 weapon_railgun
  2:05 Item: 1 item_health
  2:05 Item: 1 item_health
  2:06 Item: 0 ammo_slugs
  2:08 Item: 1 weapon_rocketlauncher
  2:08 Item: 0 weapon_railgun
  2:10 Item: 1 item_armor_shard
  2:10 Item: 1 item_armor_shard
  2:10 Item: 1 item_armor_shard
  2:10 Item: 1 item_armor_shard
  2:10 Item: 1 item_armor_shard
  2:11 Item: 1 item_armor_shard
  2:11 Item: 1 item_armor_shard
  2:12 Item: 1 item_armor_body
  2:16 Item: 1 weapon_railgun
  2:20 Item: 1 item_health
  2:20 Item: 1 item_health
  2:22 Item: 2 ammo_bullets
  2:22 Item: 2 ammo_shells
  2:25 Kill: 2 0 7: Collector killed None by MOD_ROCKET_SPLASH
  2:26 Item: 2 item_health
  2:26 Item: 2 item_health
  2:26 Item: 2 weapon_rocketlauncher
  2:26 Item: 1 weapon_railgun
  2:28 Item: 1 weapon_rocketlauncher
  2:29 Kill: 1 0 6: ^4anomen killed None by MOD_ROCKET
  2:32 Item: 1 weapon_shotgun
  2:33 Kill: 1 2 7: ^4anomen killed Collector by MOD_ROCKET_SPLASH
  2:36 Item: 1 weapon_rocketlauncher
  2:36 Item: 1 item_armor_shard
  2:36 Item: 1 item_armor_shard
  2:36 Item: 1 item_armor_shard
  2:36 Item: 2 ammo_cells
  2:36 Item: 2 ammo_cells
  2:36 Item: 1 item_armor_shard
  2:36 Item: 1 item_armor_shard
  2:36 Item: 1 item_armor_shard
  2:37 Item: 1 item_armor_shard
  2:38 Item: 0 weapon_rocketlauncher
  2:39 Item: 1 item_armor_body
  2:41 Item: 2 weapon_plasmagun
  2:46 Item: 2 ammo_bullets
  2:46 Item: 2 ammo_shells
  2:48 Item: 1 weapon_railgun
  2:49 Item: 2 ammo_slugs
  2:49 Item: 0 item_armor_shard
  2:49 Item: 0 item_armor_shard
  2:49 Item: 0 item_armor_shard
  2:49 Item: 0 item_armor_shard
  2:50 Item: 0 item_armor_shard
  2:50 Item: 0 item_armor_shard
  2:50 Item: 0 item_armor_shard
  2:54 Item: 1 weapon_railgun
  2:54 Item: 2 item_armor_combat
  2:56 Item: 2 item_health_large
  2:56 Item: 1 weapon_rocketlauncher
  2:57 Item: 2 ammo_shells
  2:57 Item: 2 item_health
  2:58 Item: 2 ammo_bullets
  2:58 Item: 2 ammo_shells
  2:59 Item: 2 item_health
  3:01 Item: 1 item_health
  3:01 Item: 1 item_health
  3:03 Item: 0 item_health
  3:04 Item: 1 item_health
  3:06 Item: 1 weapon_rocketlauncher
  3:07 Item: 2 item_health
  3:11 Item: 0 ammo_bullets
  3:11 Item: 0 ammo_shells
  3:11 Item: 1 item_armor_body
  3:12 Kill: 2 0 8: Collector killed None by MOD_PLASMA
  3:15 Item: 1 weapon_railgun
  3:15 Item: 0 ammo_bullets
  3:16 Item: 1 item_armor_shard
  3:17 Item: 1 item_armor_shard
  3:17 Item: 1 item_armor_shard
  3:17 Item: 1 item_armor_shard
  3:17 Item: 1 item_armor_shard
  3:22 Item: 1 weapon_railgun
  3:25 Item: 2 item_health
  3:28 Item: 2 weapon_rocketlauncher
  3:28 Item: 0 weapon_plasmagun
  3:29 Item: 1 weapon_railgun
  3:30 Item: 2 item_armor_combat
  3:30 Item: 0 item_armor_shard
  3:30 Item: 0 item_armor_shard
  3:32 Item: 0 weapon_shotgun
  3:35 Item: 0 item_armor_shard
  3:35 Item: 0 item_armor_shard
  3:36 Item: 0 item_armor_shard
  3:36 Item: 0 item_armor_shard
  3:36 Item: 0 item_armor_shard
  3:36 Item: 0 item_armor_shard
  3:36 Item: 0 item_armor_shard
  3:39 Item: 1 weapon_shotgun
  3:41 Item: 0 weapon_railgun
  3:43 Item: 0 weapon_rocketlauncher
  3:46 Item: 1 item_health
  3:46 Item: 1 item_health
  3:47 Kill: 2 0 6: Collector killed None by MOD_ROCKET
  3:49 Item: 2 weapon_rocketlauncher
  3:49 Item: 0 ammo_cells
  3:51 Item: 2 weapon_rocketlauncher
  3:51 Item: 1 item_armor_body
  3:52 Item: 1 item_health
  3:56 Item: 1 weapon_railgun
  4:00 Item: 1 weapon_shotgun
  4:00 Item: 0 weapon_rocketlauncher
  4:00 Item: 2 weapon_plasmagun
  4:04 Item: 2 weapon_railgun
  4:05 Item: 1 weapon_rocketlauncher
  4:09 Item: 2 weapon_railgun
  4:17 Kill: 2 0 10: Collector killed None by MOD_RAILGUN
  4:17 Kill: 0 2 6: None killed Collector by MOD_ROCKET
  4:17 Kill: 1022 1 22: <world> killed ^4anomen by MOD_TRIGGER_HURT
  4:20 Item: 2 ammo_bullets
  4:21 Item: 2 ammo_shells
  4:22 Item: 2 ammo_bullets
  4:22 Item: 2 ammo_shells
  4:24 Item: 0 weapon_rocketlauncher
  4:29 Item: 1 item_armor_combat
  4:31 Kill: 0 2 6: None killed Collector by MOD_ROCKET
  4:32 Item: 0 ammo_rockets
  4:32 Item: 0 ammo_rockets
  4:33 Item: 1 weapon_rocketlauncher
  4:35 Item: 2 ammo_slugs
  4:37 Item: 2 weapon_railgun
  4:37 Item: 2 weapon_rocketlauncher
  4:37 Item: 2 weapon_railgun
  4:43 Item: 0 weapon_rocketlauncher
  4:44 Kill: 0 1 6: None killed ^4anomen by MOD_ROCKET
  4:44 Kill: 1 0 6: ^4anomen killed None by MOD_ROCKET
  4:46 Item: 2 weapon_rocketlauncher
  4:46 Item: 2 weapon_rocketlauncher
  4:52 Item: 1 weapon_rocketlauncher
  4:52 Item: 0 weapon_railgun
  4:59 Item: 0 weapon_railgun
  5:01 Item: 1 weapon_rocketlauncher
  5:04 Kill: 1 2 6: ^4anomen killed Collector by MOD_ROCKET
  5:05 Item: 0 item_armor_body
  5:06 Item: 1 weapon_railgun
  5:07 Item: 0 item_armor_shard
  5:07 Item: 0 item_armor_shard
  5:07 Item: 0 item_armor_shard
  5:08 Item: 0 item_armor_shard
  5:08 Item: 1 item_health_large
  5:08 Item: 0 item_armor_shard
  5:08 Item: 0 item_armor_shard
  5:08 Item: 0 item_armor_shard
  5:08 Item: 2 ammo_shells
  5:09 Item: 1 ammo_bullets
  5:09 Item: 1 ammo_shells
  5:09 Item: 0 weapon_shotgun
  5:11 Item: 0 weapon_rocketlauncher
  5:12 Item: 1 item_armor_combat
  5:14 Item: 2 item_armor_shard
  5:14 Item: 2 item_armor_shard
  5:15 Item: 2 item_armor_shard
  5:15 Item: 2 item_armor_shard
  5:15 Item: 2 item_armor_shard
  5:16 Item: 0 item_health
  5:16 Item: 1 weapon_rocketlauncher
  5:18 Item: 0 ammo_slugs
  5:19 Item: 2 weapon_railgun
  5:22 Item: 1 weapon_rocketlauncher
  5:24 Item: 1 weapon_shotgun
  5:30 Item: 0 ammo_bullets
  5:30 Item: 0 ammo_shells
  5:30 Item: 1 item_health
  5:32 Item: 2 item_armor_body
  5:32 Item: 0 item_health
  5:32 Item: 0 item_health
  5:33 Item: 2 item_health
  5:35 Item: 2 weapon_plasmagun
  5:37 Item: 1 ammo_bullets
  5:37 Item: 1 ammo_shells
  5:38 Item: 0 weapon_shotgun
  5:38 Item: 2 item_health
  5:39 Item: 0 item_armor_shard
  5:40 Item: 0 item_armor_shard
  5:40 Item: 0 item_armor_shard
  5:40 Item: 0 item_armor_shard
  5:40 Item: 0 item_armor_shard
  5:40 Item: 0 item_armor_shard
  5:40 Item: 0 item_armor_shard
  5:43 Item: 2 ammo_rockets
  5:43 Item: 2 ammo_rockets
  5:46 Item: 1 item_health
  5:46 Item: 1 item_health
  5:46 Item: 0 weapon_railgun
  5:49 Kill: 2 1 10: Collector killed ^4anomen by MOD_RAILGUN
  5:54 Item: 1 ammo_shells
  5:54 Item: 1 ammo_bullets
  5:55 Item: 0 weapon_rocketlauncher
  5:59 Item: 1 weapon_rocketlauncher
  6:04 Item: 1 weapon_rocketlauncher
  6:06 Item: 0 item_health
  6:06 Item: 0 item_health
  6:08 Item: 0 ammo_slugs
  6:09 Item: 1 item_armor_combat
  6:11 Item: 0 weapon_railgun
  6:14 Item: 1 ammo_shells
  6:14 Item: 1 ammo_bullets
  6:15 Item: 1 item_health
  6:15 Item: 1 item_health
  6:17 Item: 1 item_health
  6:17 Item: 1 item_health
  6:18 Item: 2 weapon_railgun
  6:20 Item: 1 weapon_rocketlauncher
  6:23 Item: 2 weapon_railgun
  6:25 Item: 1 item_health_large
  6:26 Item: 1 ammo_shells
  6:27 Item: 1 item_health
  6:28 Kill: 2 0 10: Collector killed None by MOD_RAILGUN
  6:32 Item: 2 ammo_rockets
  6:32 Item: 1 item_armor_shard
  6:32 Item: 1 item_armor_shard
  6:32 Item: 2 ammo_rockets
  6:32 Item: 1 item_armor_shard
  6:33 Item: 1 item_armor_shard
  6:33 Item: 1 item_armor_shard
  6:33 Item: 1 weapon_rocketlauncher
  6:34 Item: 1 item_armor_body
  6:36 Item: 2 item_health
  6:36 Item: 0 weapon_rocketlauncher
  6:38 Item: 1 weapon_railgun
  6:41 Kill: 1 0 6: ^4anomen killed None by MOD_ROCKET
  6:41 Item: 1 weapon_rocketlauncher
  6:43 Kill: 1022 2 22: <world> killed Collector by MOD_TRIGGER_HURT
  6:44 Item: 1 weapon_rocketlauncher
  6:44 Item: 0 ammo_cells
  6:45 Item: 0 ammo_cells
  6:47 Item: 1 item_armor_shard
  6:47 Item: 1 item_armor_shard
  6:48 Item: 2 ammo_shells
  6:51 Item: 0 weapon_railgun
  6:51 Item: 2 ammo_slugs
  6:55 Item: 2 weapon_rocketlauncher
  6:57 Item: 1 ammo_bullets
  6:57 Item: 1 ammo_shells
  6:57 Kill: 2 0 6: Collector killed None by MOD_ROCKET
  6:58 Item: 1 item_health
  6:58 Item: 1 item_health
  7:01 Item: 1 weapon_railgun
  7:01 Item: 2 item_armor_combat
  7:02 Item: 0 weapon_rocketlauncher
  7:04 Item: 1 weapon_shotgun
  7:06 Item: 0 item_health
  7:06 Item: 1 item_health
  7:09 Item: 2 weapon_railgun
  7:09 Item: 0 item_health
  7:10 Item: 1 weapon_rocketlauncher
  7:11 Item: 0 ammo_bullets
  7:11 Item: 0 ammo_shells
  7:11 Item: 0 item_health
  7:12 Item: 0 item_health
  7:13 Item: 0 ammo_shells
  7:13 Item: 0 ammo_bullets
  7:13 Item: 1 weapon_railgun
  7:14 Item: 2 weapon_railgun
  7:15 Item: 1 weapon_rocketlauncher
  7:17 Item: 2 item_health
  7:23 Kill: 1 0 10: ^4anomen killed None by MOD_RAILGUN
  7:25 Kill: 1022 2 22: <world> killed Collector by MOD_TRIGGER_HURT
  7:25 Item: 1 ammo_rockets
  7:25 Item: 1 ammo_rockets
  7:27 Item: 1 weapon_rocketlauncher
  7:29 Item: 1 item_health
  7:30 Kill: 2 0 2: Collector killed None by MOD_GAUNTLET
  7:34 Item: 1 item_armor_body
  7:35 Item: 1 item_health
  7:37 Item: 0 ammo_bullets
  7:37 Item: 0 ammo_shells
  7:39 Item: 1 weapon_railgun
  7:40 Item: 0 ammo_slugs
  7:41 Item: 2 item_health
  7:44 Item: 0 item_armor_shard
  7:44 Item: 0 item_armor_shard
  7:45 Item: 0 item_armor_shard
  7:45 Item: 0 item_armor_shard
  7:45 Item: 0 item_armor_shard
  7:45 Item: 2 weapon_railgun
  7:47 Item: 1 weapon_rocketlauncher
  7:49 Item: 0 item_health
  7:49 Item: 1 item_health
  7:50 Item: 1 item_health
  7:51 Item: 1 ammo_shells
  7:51 Item: 2 weapon_railgun
  7:53 Item: 1 weapon_rocketlauncher
  7:55 Item: 0 item_armor_shard
  7:55 Item: 0 item_armor_shard
  7:55 Item: 2 ammo_cells
  8:00 Item: 2 weapon_railgun
  8:02 Item: 2 item_armor_combat
  8:03 Kill: 1 0 7: ^4anomen killed None by MOD_ROCKET_SPLASH
  8:06 Item: 0 ammo_cells
  8:06 Item: 1 weapon_shotgun
  8:07 Item: 2 weapon_rocketlauncher
  8:09 Item: 1 ammo_shells
  8:10 Item: 2 item_health
  8:11 Item: 1 ammo_shells
  8:13 Item: 0 ammo_bullets
  8:14 Item: 1 weapon_rocketlauncher
  8:14 Item: 2 item_armor_body
  8:18 Item: 2 weapon_railgun
  8:20 Item: 1 weapon_rocketlauncher
  8:22 Item: 2 item_health
  8:27 Item: 0 weapon_railgun
  8:32 Item: 2 weapon_rocketlauncher
  8:33 Item: 0 ammo_bullets
  8:35 Item: 1 item_armor_shard
  8:35 Item: 1 item_armor_shard
  8:36 Item: 2 weapon_shotgun
  8:36 Item: 1 item_armor_shard
  8:36 Item: 1 item_armor_shard
  8:36 Item: 1 item_armor_shard
  8:38 Item: 2 item_armor_shard
  8:39 Item: 2 item_armor_shard
  8:39 Item: 1 item_health
  8:39 Item: 1 item_health
  8:41 Item: 0 ammo_bullets
  8:41 Item: 0 ammo_shells
  8:41 Item: 1 item_health
  8:42 Item: 0 item_health
  8:42 Item: 2 item_armor_shard
  8:42 Item: 2 item_armor_shard
  8:42 Item: 2 item_armor_shard
  8:42 Item: 2 item_armor_shard
  8:43 Item: 2 item_armor_shard
  8:43 Item: 0 ammo_slugs
  8:46 Item: 1 item_armor_body
  8:50 Item: 1 weapon_railgun
  8:52 Item: 2 item_health
  8:54 Item: 0 item_health
  8:57 Item: 0 weapon_railgun
  8:58 Kill: 2 0 10: Collector killed None by MOD_RAILGUN
  9:00 Item: 1 weapon_rocketlauncher
  9:02 Item: 1 item_health_large
  9:03 Item: 1 ammo_shells
  9:04 Item: 0 item_health
  9:06 Item: 1 item_armor_combat
  9:09 Item: 1 weapon_rocketlauncher
  9:10 Item: 2 weapon_plasmagun
  9:13 Item: 2 item_health
  9:13 Kill: 1 0 7: ^4anomen killed None by MOD_ROCKET_SPLASH
  9:15 Item: 1 item_armor_shard
  9:15 Item: 1 item_armor_shard
  9:15 Item: 1 item_armor_shard
  9:15 Item: 1 item_armor_shard
  9:15 Item: 1 item_armor_shard
  9:15 Item: 1 item_armor_shard
  9:15 Item: 1 item_armor_shard
  9:17 Item: 1 item_armor_body
  9:18 Item: 2 ammo_rockets
  9:18 Item: 2 ammo_rockets
  9:21 Item: 1 weapon_railgun
  9:25 Item: 0 ammo_shells
  9:25 Item: 0 ammo_bullets
  9:26 Item: 0 item_health
  9:28 Item: 1 weapon_rocketlauncher
  9:29 Item: 0 ammo_slugs
  9:31 Item: 0 weapon_railgun
  9:36 Item: 1 item_health
  9:36 Item: 2 weapon_railgun
  9:37 Kill: 2 0 10: Collector killed None by MOD_RAILGUN
  9:41 Item: 2 weapon_railgun
  9:42 Item: 0 ammo_bullets
  9:42 Item: 0 ammo_shells
  9:45 Kill: 2 1 10: Collector killed ^4anomen by MOD_RAILGUN
  9:48 Item: 0 weapon_railgun
  9:49 Item: 2 item_health
  9:52 Item: 2 item_armor_body
  9:54 Item: 0 weapon_railgun
  9:54 Item: 1 weapon_rocketlauncher
  9:56 Item: 2 weapon_plasmagun
  9:58 Item: 1 weapon_rocketlauncher
  9:59 Item: 2 item_health
  9:59 Item: 0 item_armor_combat
 10:03 Item: 1 weapon_rocketlauncher
 10:04 Item: 0 item_health
 10:06 Item: 1 item_health
 10:06 Item: 1 item_health
 10:09 Item: 1 ammo_slugs
 10:09 Item: 2 weapon_railgun
 10:14 Item: 1 item_armor_shard
 10:15 Item: 1 weapon_shotgun
 10:16 Item: 1 weapon_rocketlauncher
 10:17 Kill: 1022 2 22: <world> killed Collector by MOD_TRIGGER_HURT
 10:18 Item: 0 ammo_bullets
 10:18 Item: 0 ammo_shells
 10:20 Kill: 2 0 3: Collector killed None by MOD_MACHINEGUN
 10:23 Item: 0 ammo_cells
 10:23 Item: 0 ammo_cells
 10:26 Item: 1 item_health
 10:26 Item: 2 item_armor_shard
 10:26 Item: 2 item_armor_shard
 10:26 Item: 2 item_armor_shard
 10:27 Item: 2 item_armor_shard
 10:27 Item: 2 item_armor_shard
 10:27 Item: 2 item_armor_shard
 10:29 Item: 2 weapon_shotgun
 10:29 Item: 1 item_armor_body
 10:31 Item: 0 item_health
 10:33 Item: 1 weapon_railgun
 10:33 Item: 2 item_health
 10:34 Kill: 1 0 6: ^4anomen killed None by MOD_ROCKET
 10:36 Item: 2 ammo_bullets
 10:36 Item: 2 ammo_shells
 10:37 Item: 1 weapon_rocketlauncher
 10:40 Item: 1 item_armor_combat
 10:43 Item: 1 weapon_rocketlauncher
 10:44 Kill: 2 0 1: Collector killed None by MOD_SHOTGUN
 10:49 Item: 0 ammo_bullets
 10:49 Item: 0 ammo_shells
 10:51 Item: 2 item_armor_shard
 10:51 Item: 2 item_armor_shard
 10:52 Item: 1 weapon_rocketlauncher
 10:55 Item: 1 weapon_shotgun
 10:56 Item: 1 item_armor_shard
 10:56 Item: 1 item_armor_shard
 10:56 Item: 0 ammo_slugs
 10:57 Item: 1 item_armor_shard
 10:57 Item: 1 item_armor_shard
 10:57 Item: 2 item_armor_body
 10:57 Item: 1 item_armor_shard
 10:57 Item: 1 item_armor_shard
 10:57 Item: 1 item_armor_shard
 10:58 Item: 2 item_health
 10:58 Item: 0 weapon_railgun
 11:00 Item: 2 item_health
 11:00 Item: 0 weapon_rocketlauncher
 11:03 Item: 2 item_health
 11:03 Item: 1 weapon_railgun
 11:04 Item: 2 item_health
 11:07 Item: 1 item_health
 11:09 Item: 1 item_health
 11:09 Item: 1 item_health
 11:09 Item: 0 weapon_rocketlauncher
 11:10 Kill: 2 0 1: Collector killed None by MOD_SHOTGUN
 11:14 Item: 2 weapon_railgun
 11:17 Item: 1 ammo_shells
 11:18 Item: 1 ammo_bullets
 11:18 Item: 1 ammo_shells
 11:19 Item: 2 weapon_railgun
 11:19 Item: 0 weapon_rocketlauncher
 11:26 Item: 2 item_armor_body
 11:26 Item: 1 item_health
 11:30 Item: 1 weapon_railgun
 11:31 Item: 0 item_armor_shard
 11:31 Item: 0 item_armor_shard
 11:31 Item: 0 item_armor_shard
 11:32 Item: 0 item_armor_shard
 11:33 Item: 0 item_armor_shard
 11:33 Item: 0 item_armor_shard
 11:34 Item: 0 item_armor_shard
 11:34 Item: 2 ammo_bullets
 11:34 Item: 2 ammo_shells
 11:37 Item: 2 weapon_shotgun
 11:37 Item: 1 item_health
 11:38 Item: 0 item_armor_shard
 11:38 Item: 2 item_armor_shard
 11:38 Item: 2 item_armor_shard
 11:38 Item: 0 item_armor_shard
 11:38 Item: 2 item_armor_shard
 11:38 Item: 0 item_armor_shard
 11:39 Item: 2 item_armor_shard
 11:40 Item: 1 weapon_rocketlauncher
 11:42 Item: 1 item_armor_combat
 11:45 Item: 1 weapon_rocketlauncher
 11:46 Item: 0 weapon_railgun
 11:50 Item: 2 item_health
 11:50 Item: 2 item_health
 11:55 Item: 0 weapon_shotgun
 11:56 Item: 2 item_health
 11:57 Item: 1 item_armor_body
 11:57 Item: 0 weapon_rocketlauncher
 11:58 Item: 1 item_health
 11:59 Item: 2 item_health
 12:00 Item: 2 ammo_bullets
 12:00 Item: 2 ammo_shells
 12:02 Item: 2 ammo_shells
 12:05 Item: 2 weapon_rocketlauncher
 12:06 Item: 0 item_health
 12:07 Item: 0 ammo_shells
 12:07 Item: 0 ammo_bullets
 12:10 Item: 2 ammo_rockets
 12:11 Item: 1 item_armor_combat
 12:16 Item: 1 item_armor_shard
 12:16 Item: 1 item_armor_shard
 12:20 Item: 2 weapon_plasmagun
 12:21 Item: 0 weapon_rocketlauncher
 12:23 Kill: 1 0 1: ^4anomen killed None by MOD_SHOTGUN
 12:24 Item: 2 item_health
 12:24 Item: 2 item_health
 12:26 Item: 1 weapon_railgun
 12:28 Item: 1 item_armor_shard
 12:30 Item: 1 weapon_shotgun
 12:31 Item: 0 weapon_rocketlauncher
 12:32 Item: 0 weapon_rocketlauncher
 12:32 Item: 1 item_health
 12:33 Kill: 2 1 10: Collector killed ^4anomen by MOD_RAILGUN
 12:34 Item: 2 weapon_shotgun
 12:36 Item: 2 ammo_slugs
 12:38 Item: 2 weapon_railgun
 12:40 Item: 0 ammo_bullets
 12:41 Item: 1 weapon_rocketlauncher
 12:43 Item: 2 item_health
 12:44 Item: 1 item_armor_combat
 12:46 Kill: 1022 0 22: <world> killed None by MOD_TRIGGER_HURT
 12:49 Item: 1 item_armor_shard
 12:49 Item: 1 item_armor_shard
 12:49 Item: 1 item_armor_shard
 12:49 Item: 1 item_armor_shard
 12:49 Item: 1 item_armor_shard
 12:49 Item: 1 item_armor_shard
 12:51 Item: 1 item_armor_body
 12:52 Kill: 2 0 10: Collector killed None by MOD_RAILGUN
 12:55 Item: 1 weapon_railgun
 12:58 Item: 0 weapon_rocketlauncher
 13:00 Kill: 1022 1 22: <world> killed ^4anomen by MOD_TRIGGER_HURT
 13:03 Kill: 0 2 6: None killed Collector by MOD_ROCKET
 13:05 Item: 1 ammo_rockets
 13:06 Item: 2 ammo_cells
 13:06 Item: 2 ammo_cells
 13:06 Item: 1 ammo_rockets
 13:06 Item: 1 weapon_railgun
 13:09 Item: 0 weapon_railgun
 13:11 Item: 1 weapon_rocketlauncher
 13:15 Item: 2 weapon_plasmagun
 13:17 Item: 0 item_armor_body
 13:19 Item: 1 weapon_railgun
 13:21 Item: 0 item_armor_shard
 13:23 Item: 0 item_health
 13:25 Item: 1 weapon_rocketlauncher
 13:26 Kill: 1022 1 19: <world> killed ^4anomen by MOD_FALLING
 13:26 Item: 2 weapon_shotgun
 13:27 Item: 0 ammo_slugs
 13:29 Item: 0 weapon_railgun
 13:31 Item: 1 ammo_shells
 13:31 Item: 2 item_armor_combat
 13:31 Item: 1 ammo_bullets
 13:34 Item: 1 weapon_rocketlauncher
 13:35 Item: 0 weapon_railgun
 13:38 Kill: 1022 2 22: <world> killed Collector by MOD_TRIGGER_HURT
 13:42 Item: 2 ammo_bullets
 13:42 Item: 2 ammo_shells
 13:42 Item: 0 item_armor_shard
 13:42 Item: 0 item_armor_shard
 13:42 Item: 0 item_armor_shard
 13:44 Item: 0 ammo_bullets
 13:44 Item: 0 ammo_shells
 13:46 Item: 2 weapon_rocketlauncher
 13:50 Item: 2 weapon_railgun
 13:53 Kill: 2 1 10: Collector killed ^4anomen by MOD_RAILGUN
 13:56 Item: 2 item_armor_body
 13:59 Item: 0 weapon_rocketlauncher
 14:01 Item: 1 item_armor_combat
 14:07 Item: 1 weapon_rocketlauncher
 14:11 Item: 2 weapon_railgun
 14:11 Item: 0 item_armor_shard
 14:11 Item: 0 item_armor_shard
 14:11 Item: 0 item_armor_shard
 14:11 Item: 0 item_armor_shard
 14:11 Item: 0 item_armor_shard
 14:15 Item: 0 item_health
 14:19 Item: 1 ammo_shells
 14:19 Item: 1 ammo_bullets
 14:20 Item: 2 ammo_rockets
 14:21 Item: 2 ammo_rockets
 14:23 Item: 1 ammo_slugs
 14:25 Item: 1 weapon_railgun
 14:26 Kill: 2 0 10: Collector killed None by MOD_RAILGUN
 14:28 Item: 2 item_health
 14:33 Kill: 1022 2 22: <world> killed Collector by MOD_TRIGGER_HURT
 14:33 Item: 0 ammo_bullets
 14:33 Item: 0 ammo_shells
 14:37 Item: 1 weapon_railgun
 14:37 Item: 0 ammo_bullets
 14:37 Item: 0 ammo_shells
 14:40 Item: 2 weapon_rocketlauncher
 14:40 Item: 2 weapon_railgun
 14:43 Item: 1 item_armor_body
 14:45 Item: 0 weapon_railgun
 14:45 Item: 2 item_armor_combat
 14:47 Item: 0 weapon_rocketlauncher
 14:48 Kill: 0 0 7: None killed None by MOD_ROCKET_SPLASH
 14:50 Item: 1 weapon_railgun
 14:55 Item: 1 weapon_railgun
 14:59 Item: 0 weapon_rocketlauncher
 15:01 Item: 0 weapon_rocketlauncher
 15:02 Item: 0 item_armor_shard
 15:02 Item: 0 item_armor_shard
 15:03 Item: 0 item_armor_shard
 15:03 Item: 0 item_armor_shard
 15:03 Item: 0 item_armor_shard
 15:03 Item: 1 weapon_railgun
 15:03 Item: 0 item_armor_shard
 15:03 Item: 0 item_armor_shard
 15:09 Item: 0 ammo_slugs
 15:09 Item: 1 item_health
 15:09 Item: 1 item_health
 15:10 Item: 2 item_armor_body
 15:12 Item: 0 item_health
 15:12 Item: 0 item_health
 15:12 Item: 2 item_armor_shard
 15:12 Item: 2 item_armor_shard
 15:12 Item: 2 item_armor_shard
 15:12 Item: 2 item_armor_shard
 15:12 Item: 2 item_armor_shard
 15:13 Item: 2 item_armor_shard
 15:13 Item: 2 item_armor_shard
 15:13 Item: 1 weapon_railgun
 15:15 Item: 0 item_health
 15:15 Item: 0 item_health
 15:22 Kill: 2 1 7: Collector killed ^4anomen by MOD_ROCKET_SPLASH
 15:26 Item: 2 weapon_railgun
 15:28 Item: 0 item_health
 15:32 Item: 1 weapon_rocketlauncher
 15:35 Kill: 1022 0 22: <world> killed None by MOD_TRIGGER_HURT
 15:37 Item: 2 item_armor_combat
 15:38 Item: 2 item_health_large
 15:39 Item: 2 ammo_bullets
 15:43 Item: 1 weapon_rocketlauncher
 15:44 Item: 0 weapon_railgun
 15:46 Item: 2 item_health
 15:49 Item: 2 item_health
 15:50 Item: 1 item_armor_body
 15:51 Item: 0 ammo_rockets
 15:51 Item: 0 ammo_rockets
 15:53 Item: 2 item_armor_shard
 15:54 Item: 2 item_armor_shard
 15:54 Item: 2 item_armor_shard
 15:54 Item: 2 item_armor_shard
 15:54 Item: 2 item_armor_shard
 15:54 Item: 2 item_armor_shard
 15:54 Item: 2 item_armor_shard
 15:54 Item: 1 item_armor_shard
 15:54 Item: 1 item_armor_shard
 15:55 Item: 1 item_armor_shard
 15:55 Item: 1 item_armor_shard
 15:55 Item: 1 item_armor_shard
 15:55 Item: 1 item_armor_shard
 15:55 Item: 1 item_armor_shard
 15:57 Item: 1 weapon_shotgun
 16:02 Item: 2 weapon_rocketlauncher
 16:08 Item: 1 item_health
 16:09 Kill: 2 0 6: Collector killed None by MOD_ROCKET
 16:09 Item: 2 weapon_railgun
 16:09 Item: 2 ammo_shells
 16:10 Item: 2 item_health
 16:10 Item: 2 item_health
 16:11 Item: 1 weapon_railgun
 16:11 Item: 2 ammo_bullets
 16:11 Item: 2 ammo_shells
 16:12 Item: 2 item_health
 16:14 Item: 2 ammo_slugs
 16:16 Item: 0 weapon_rocketlauncher
 16:17 Item: 2 weapon_railgun
 16:19 Item: 1 item_armor_combat
 16:22 Item: 0 ammo_bullets
 16:23 Item: 1 weapon_rocketlauncher
 16:30 Item: 2 weapon_railgun
 16:32 Kill: 1 2 7: ^4anomen killed Collector by MOD_ROCKET_SPLASH
 16:32 Item: 1 weapon_railgun
 16:34 Kill: 1 0 6: ^4anomen killed None by MOD_ROCKET
 16:34 Item: 1 weapon_rocketlauncher
 16:35 Item: 2 ammo_bullets
 16:35 Item: 2 ammo_shells
 16:37 Item: 1 item_armor_body
 16:38 Item: 0 weapon_rocketlauncher
 16:39 Item: 1 item_health
 16:41 Item: 2 weapon_railgun
 16:45 Item: 1 weapon_plasmagun
 16:47 Item: 1 item_armor_shard
 16:49 Item: 2 item_health
 16:49 Item: 2 item_health
 16:53 Item: 2 ammo_rockets
 16:53 Item: 2 ammo_rockets
 16:53 Item: 0 item_health
 16:54 Item: 0 ammo_bullets
 16:54 Item: 0 ammo_shells
 16:55 Item: 2 ammo_shells
 16:56 Item: 1 weapon_railgun
 16:58 Item: 2 item_armor_combat
 16:59 Item: 1 item_health
 17:01 Item: 0 weapon_rocketlauncher
 17:01 Item: 1 weapon_railgun
 17:04 Item: 1 item_armor_shard
 17:04 Item: 1 item_armor_shard
 17:05 Item: 1 item_armor_shard
 17:05 Item: 1 item_armor_shard
 17:05 Item: 1 item_armor_shard
 17:05 Item: 1 item_armor_shard
 17:07 Item: 1 item_armor_body
 17:08 Item: 0 item_health
 17:12 Item: 2 ammo_cells
 17:15 Item: 1 item_health
 17:15 Item: 1 item_health
 17:16 Item: 1 ammo_shells
 17:18 Kill: 1022 2 22: <world> killed Collector by MOD_TRIGGER_HURT
 17:21 Item: 0 weapon_rocketlauncher
 17:21 Item: 2 ammo_cells
 17:24 Item: 2 weapon_railgun
 17:26 Item: 0 item_health_large
 17:29 Item: 2 item_health
 17:30 Item: 1 item_health
 17:32 Item: 0 item_health
 17:32 Item: 0 item_health
 17:32 Item: 1 item_health
 17:34 Item: 2 item_armor_shard
 17:34 Item: 2 item_armor_shard
 17:34 Item: 2 item_armor_shard
 17:34 Item: 2 item_armor_shard
 17:34 Item: 2 item_armor_shard
 17:34 Item: 1 ammo_bullets
 17:37 Kill: 2 0 10: Collector killed None by MOD_RAILGUN
 17:39 Item: 2 weapon_rocketlauncher
 17:39 Item: 1 weapon_rocketlauncher
 17:44 Item: 2 item_armor_combat
 17:50 Item: 2 ammo_slugs
 17:53 Item: 2 weapon_railgun
 17:56 Item: 2 item_armor_body
 17:58 Item: 1 item_health
 17:59 Item: 1 item_health
 18:01 Item: 2 weapon_railgun
 18:01 Kill: 2 0 10: Collector killed None by MOD_RAILGUN
 18:05 Item: 0 ammo_shells
 18:05 Item: 0 ammo_bullets
 18:07 Item: 0 ammo_bullets
 18:07 Item: 0 ammo_shells
 18:08 Item: 2 ammo_cells
 18:12 Item: 1 item_health
 18:14 Item: 0 weapon_rocketlauncher
 18:15 Item: 2 item_health
 18:15 Item: 2 item_health
 18:16 Kill: 2 1 7: Collector killed ^4anomen by MOD_ROCKET_SPLASH
 18:20 Item: 1 weapon_railgun
 18:22 Item: 0 item_armor_shard
 18:23 Item: 1 weapon_rocketlauncher
 18:24 Item: 0 item_armor_shard
 18:24 Item: 0 item_armor_shard
 18:24 Item: 0 item_armor_shard
 18:25 Item: 0 item_armor_shard
 18:25 Item: 0 item_armor_shard
 18:25 Item: 0 item_armor_shard
 18:26 Item: 1 ammo_bullets
 18:26 Item: 0 weapon_shotgun
 18:28 Item: 2 ammo_rockets
 18:29 Item: 2 ammo_rockets
 18:33 Item: 1 item_armor_combat
 18:35 Item: 1 item_health_large
 18:36 Item: 1 ammo_shells
 18:39 Item: 1 weapon_rocketlauncher
 18:41 Item: 2 item_health
 18:42 Item: 1 item_health
 18:42 Item: 1 item_health
 18:43 Kill: 1022 0 22: <world> killed None by MOD_TRIGGER_HURT
 18:45 Item: 1 item_armor_body
 18:46 Item: 0 ammo_cells
 18:49 Item: 1 weapon_railgun
 18:51 Item: 1 item_armor_shard
 18:51 Item: 1 item_armor_shard
 18:51 Item: 1 item_armor_shard
 18:51 Item: 1 item_armor_shard
 18:51 Item: 1 item_armor_shard
 18:52 Item: 1 item_armor_shard
 18:52 Item: 1 item_armor_shard
 18:54 Item: 1 item_health
 18:55 Kill: 2 0 7: Collector killed None by MOD_ROCKET_SPLASH
 18:55 Item: 1 ammo_bullets
 18:55 Item: 1 ammo_shells
 18:57 Item: 2 weapon_rocketlauncher
 18:59 Item: 0 ammo_shells
 18:59 Item: 0 ammo_bullets
 19:02 Item: 1 item_armor_combat
 19:03 Item: 0 ammo_slugs
 19:05 Item: 0 weapon_railgun
 19:07 Item: 0 weapon_rocketlauncher
 19:09 Item: 0 item_health_large
 19:09 Item: 2 item_health
 19:09 Item: 2 item_health
 19:13 Item: 2 weapon_railgun
 19:13 Item: 1 weapon_rocketlauncher
 19:16 Item: 1 item_health
 19:17 Item: 0 ammo_shells
 19:20 Item: 1 weapon_rocketlauncher
 19:20 Item: 0 item_health
 19:20 Item: 0 item_health
 19:21 Item: 2 ammo_bullets
 19:22 Item: 2 item_health
 19:25 Item: 0 weapon_railgun
 19:28 Item: 2 weapon_rocketlauncher
 19:28 Item: 1 ammo_bullets
 19:28 Item: 1 ammo_shells
 19:29 Item: 0 item_health
 19:32 Item: 2 item_armor_combat
 19:33 Item: 1 weapon_railgun
 19:36 Item: 0 weapon_rocketlauncher
 19:40 Item: 0 item_armor_body
 19:41 Item: 0 item_health
 19:44 Item: 0 item_health
 19:44 Item: 0 item_health
 19:46 Item: 0 ammo_shells
 19:46 Item: 0 ammo_bullets
 19:46 Item: 1 ammo_cells
 19:46 Item: 1 ammo_cells
 19:46 Item: 2 item_health
 19:53 Kill: 1022 2 22: <world> killed Collector by MOD_TRIGGER_HURT
 19:54 Item: 1 weapon_railgun
 19:57 Item: 1 item_armor_shard
 19:57 Item: 1 item_armor_shard
 19:57 Item: 1 item_armor_shard
 19:57 Item: 1 item_armor_shard
 19:57 Kill: 0 1 7: None killed ^4anomen by MOD_ROCKET_SPLASH
 20:01 Item: 0 item_health
 20:01 Item: 0 item_health
 20:01 Item: 1 item_armor_combat
 20:05 Item: 0 ammo_shells
 20:05 Item: 0 ammo_bullets
 20:05 Item: 1 weapon_rocketlauncher
 20:06 say: Collector: hmmm, i have to go, sorry, thx for gamer
 20:07 Item: 1 item_armor_shard
 20:07 Item: 1 item_armor_shard
 20:07 Item: 1 item_armor_shard
 20:08 Item: 1 item_armor_shard
 20:08 Item: 1 item_armor_shard
 20:10 Item: 1 item_armor_body
 20:14 Item: 1 ammo_shells
 20:14 Item: 1 ammo_bullets
 20:18 say: None: sme here
 20:21 say: None: gong
 20:26 say: Collector: :)
 20:27 say: None: see ya
 20:29 say: Collector: cu
 20:31 say: ^4anomen: see ya
 20:35 ClientDisconnect: 2
 20:38 say: ^4anomen:  and thx
 20:39 ClientDisconnect: 0
 20:45 ClientDisconnect: 1
 25:00 Exit: Timelimit hit.
 79:44 ShutdownGame:
 79:44 ------------------------------------------------------------
