  0:00 ------------------------------------------------------------
  0:00 InitGame: \dmflags\0\fraglimit\30\timelimit\25\sv_hostname\malina\sv_maxclients\8\sv_minRate\0\sv_maxRate\0\sv_dlRate\100\sv_minPing\0\sv_maxPing\0\sv_floodProtect\1\g_maxGameClients\0\capturelimit\8\version\ioq3 1.36+u20181222.e5da13f~dfsg-2/Raspbian linux-arm Mar  8 2019\com_gamename\Quake3Arena\com_protocol\71\g_gametype\0\mapname\q3dm18\sv_privateClients\0\sv_allowDownload\0\bot_minplayers\0\gamename\baseq3\g_needpass\0
  0:00 ClientConnect: 0
  0:00 ClientUserinfoChanged: 0 n\^4anomen\t\0\model\ranger/default\hmodel\ranger/default\g_redteam\\g_blueteam\\c1\1\c2\5\hc\100\w\0\l\0\tt\0\tl\0
  0:00 ClientConnect: 1
  0:00 ClientUserinfoChanged: 1 n\Collector\t\0\model\doom/default\hmodel\doom/default\g_redteam\\g_blueteam\\c1\2\c2\5\hc\100\w\0\l\0\tt\0\tl\0
  0:00 ClientConnect: 2
  0:00 ClientUserinfoChanged: 2 n\None\t\0\model\sarge/default\hmodel\sarge/default\g_redteam\\g_blueteam\\c1\3\c2\5\hc\100\w\0\l\0\tt\0\tl\0
  0:02 ClientUserinfoChanged: 0 n\^4anomen\t\0\model\ranger/default\hmodel\ranger/default\g_redteam\\g_blueteam\\c1\1\c2\5\hc\100\w\0\l\0\tt\0\tl\0
  0:02 ClientBegin: 0
  0:02 ClientUserinfoChanged: 2 n\None\t\0\model\sarge/default\hmodel\sarge/default\g_redteam\\g_blueteam\\c1\3\c2\5\hc\100\w\0\l\0\tt\0\tl\0
  0:02 ClientBegin: 2
  0:04 ClientUserinfoChanged: 1 n\Collector\t\0\model\doom/default\hmodel\doom/default\g_redteam\\g_blueteam\\c1\2\c2\5\hc\100\w\0\l\0\tt\0\tl\0
  0:04 ClientBegin: 1
  0:10 say: None: hmm ?
  0:12 Item: 2 weapon_rocketlauncher
  0:24 say: None: didnt think of that but its cool
  0:26 say: Collector: let's play the tourney3
  0:26 say: None: lets try
  0:31 say: None: vole!
  0:35 Item: 2 holdable_teleporter
  0:38 Item: 0 item_health_small
  0:38 Item: 0 item_health_small
  0:38 Item: 0 weapon_shotgun
  0:38 Item: 0 item_health_small
  0:38 Item: 0 item_health_small
  0:39 Item: 1 item_health_small
  0:39 Item: 1 weapon_shotgun
  0:39 Item: 1 item_health_small
  0:40 Item: 1 item_health_small
  0:40 Item: 1 item_health_small
  0:40 Item: 0 ammo_slugs
  0:40 Item: 2 item_health
  0:40 Item: 0 ammo_rockets
  0:45 Item: 1 item_armor_body
  0:45 Item: 1 ammo_rockets
  0:45 Item: 2 item_armor_combat
  0:46 Item: 2 weapon_railgun
  0:51 Item: 2 item_health_small
  0:51 Item: 2 item_health_small
  0:52 Item: 2 item_health_small
  0:58 Kill: 1 0 1: Collector killed ^4anomen by MOD_SHOTGUN
  0:58 Item: 1 weapon_shotgun
  0:59 Item: 2 item_quad
  1:01 Item: 0 weapon_shotgun
  1:06 Kill: 1022 2 22: <world> killed None by MOD_TRIGGER_HURT
  1:06 Item: 1 weapon_shotgun
  1:08 Kill: 1 0 1: Collector killed ^4anomen by MOD_SHOTGUN
  1:10 Item: 1 weapon_shotgun
  1:10 Item: 2 weapon_rocketlauncher
  1:13 Item: 0 weapon_rocketlauncher
  1:18 Item: 1 item_armor_combat
  1:19 Item: 1 weapon_railgun
  1:21 Item: 2 weapon_rocketlauncher
  1:23 Kill: 0 1 6: ^4anomen killed Collector by MOD_ROCKET
  1:27 Item: 0 weapon_railgun
  1:28 Item: 0 item_health
  1:28 Kill: 1022 2 22: <world> killed None by MOD_TRIGGER_HURT
  1:29 Item: 0 item_health
  1:29 Item: 1 weapon_rocketlauncher
  1:31 Item: 0 item_health_small
  1:33 Kill: 1 0 6: Collector killed ^4anomen by MOD_ROCKET
  1:34 Item: 1 weapon_rocketlauncher
  1:37 Item: 2 holdable_teleporter
  1:38 Item: 1 item_health_small
  1:39 Item: 1 item_health_small
  1:42 Item: 2 weapon_rocketlauncher
  1:45 Item: 0 item_armor_combat
  1:47 Item: 0 weapon_railgun
  1:48 Kill: 1022 2 22: <world> killed None by MOD_TRIGGER_HURT
  1:50 Item: 1 item_health_large
  1:51 Item: 2 item_health_small
  1:51 Item: 2 item_health_small
  1:52 Item: 2 item_health_small
  1:52 Item: 0 item_health_large
  1:52 Item: 1 weapon_rocketlauncher
  1:54 Item: 2 ammo_shells
  1:54 Item: 2 ammo_rockets
  1:56 Item: 0 weapon_rocketlauncher
  1:58 Item: 0 item_health_large
  2:01 Kill: 1022 1 22: <world> killed Collector by MOD_TRIGGER_HURT
  2:04 Kill: 1022 2 22: <world> killed None by MOD_TRIGGER_HURT
  2:05 Item: 0 weapon_railgun
  2:08 Item: 2 weapon_rocketlauncher
  2:10 say: Collector: maybe bit large map?
  2:12 Item: 0 weapon_rocketlauncher
  2:14 say: None: yes
  2:16 Item: 0 ammo_rockets
  2:16 Item: 0 ammo_slugs
  2:20 Item: 0 item_armor_body
  2:20 Item: 0 ammo_rockets
  2:26 Item: 1 item_health_small
  2:32 Kill: 0 2 6: ^4anomen killed None by MOD_ROCKET
  2:32 Item: 0 item_health_large
  2:34 Item: 0 holdable_teleporter
  2:34 say: None: lol
  2:35 Item: 0 item_health_large
  2:38 say: None: ludek
  2:39 Item: 0 weapon_rocketlauncher
  2:41 Kill: 0 1 6: ^4anomen killed Collector by MOD_ROCKET
  2:44 Item: 2 item_health_large
  2:46 Kill: 0 0 7: ^4anomen killed ^4anomen by MOD_ROCKET_SPLASH
  2:49 Kill: 1022 2 22: <world> killed None by MOD_TRIGGER_HURT
  2:52 Item: 0 weapon_rocketlauncher
  2:54 say: None: wierd map
  3:04 Item: 0 ammo_rockets
  3:05 Item: 1 item_armor_combat
  3:07 Item: 1 weapon_railgun
  3:13 Item: 2 weapon_rocketlauncher
  3:15 Item: 0 item_health
  3:17 Item: 1 ammo_rockets
  3:17 Item: 1 item_armor_body
  3:21 Item: 0 item_health_small
  3:21 Item: 0 weapon_shotgun
  3:21 Item: 0 item_health_small
  3:21 Item: 0 item_health_small
  3:23 Item: 0 ammo_shells
  3:23 Item: 0 ammo_rockets
  3:24 Item: 2 item_health
  3:26 Kill: 0 2 2: ^4anomen killed None by MOD_GAUNTLET
  3:26 Item: 0 weapon_rocketlauncher
  3:27 Item: 1 holdable_teleporter
  3:28 Item: 0 ammo_slugs
  3:28 Item: 0 ammo_rockets
  3:33 say: None: o_O
  3:34 Item: 1 weapon_rocketlauncher
  3:35 Item: 1 item_health_large
  3:36 Item: 2 weapon_shotgun
  3:36 Item: 2 item_health_small
  3:37 Item: 0 weapon_railgun
  3:39 Item: 1 item_health_small
  3:40 Kill: 1022 2 22: <world> killed None by MOD_TRIGGER_HURT
  3:40 Item: 1 item_health_small
  3:40 Item: 1 item_health_small
  3:40 Item: 1 item_quad
  3:42 Item: 0 weapon_rocketlauncher
  3:47 Item: 2 item_health_small
  3:47 Item: 2 item_health_small
  3:47 Item: 2 weapon_shotgun
  3:47 Item: 2 item_health_small
  3:50 Item: 0 item_armor_combat
  3:51 Item: 1 weapon_rocketlauncher
  3:52 Item: 0 weapon_railgun
  3:57 Item: 0 item_health_large
  4:01 Kill: 0 2 2: ^4anomen killed None by MOD_GAUNTLET
  4:01 Item: 0 weapon_shotgun
  4:04 Kill: 1 0 2: Collector killed ^4anomen by MOD_GAUNTLET
  4:08 Item: 1 weapon_rocketlauncher
  4:09 Item: 2 ammo_rockets
  4:09 Item: 2 ammo_shells
  4:11 Item: 1 item_health_large
  4:15 Item: 0 weapon_rocketlauncher
  4:18 Item: 2 item_armor_combat
  4:21 Item: 0 weapon_railgun
  4:22 Item: 2 item_health
  4:24 Kill: 1022 1 22: <world> killed Collector by MOD_TRIGGER_HURT
  4:26 Item: 2 weapon_railgun
  4:27 Item: 0 item_health_large
  4:35 Item: 0 item_armor_body
  4:35 Item: 0 ammo_rockets
  4:37 say: Collector: q3tourney1
  4:37 Item: 2 weapon_rocketlauncher
  4:42 Item: 0 item_health_large
  4:44 Kill: 0 1 2: ^4anomen killed Collector by MOD_GAUNTLET
  4:45 Item: 2 weapon_railgun
  4:47 Kill: 1022 0 22: <world> killed ^4anomen by MOD_TRIGGER_HURT
  4:51 Item: 1 item_health_small
  4:51 Item: 1 weapon_shotgun
  4:51 Item: 1 item_health_small
  4:51 Item: 1 item_health_small
  4:52 Item: 2 holdable_teleporter
  4:53 Item: 2 item_health_large
  4:59 Item: 1 weapon_rocketlauncher
  5:04 Kill: 1022 2 22: <world> killed None by MOD_TRIGGER_HURT
  5:06 say: None: :D
  5:06 Item: 0 ammo_rockets
  5:07 Item: 0 ammo_shells
  5:10 Kill: 0 1 2: ^4anomen killed Collector by MOD_GAUNTLET
  5:12 say: None: i was fuckkin scared
  5:14 Item: 0 item_health_small
  5:14 Item: 0 item_health_small
  5:14 Item: 0 weapon_shotgun
  5:14 Item: 0 item_health_small
  5:15 Item: 0 item_health_small
  5:15 say: None: next map ?|?
  5:20 Item: 0 ammo_rockets
  5:25 Item: 0 item_health_large
  5:27 Item: 0 holdable_teleporter
  5:34 Item: 2 weapon_rocketlauncher
  5:40 Kill: 1022 2 22: <world> killed None by MOD_TRIGGER_HURT
  5:41 Item: 1 weapon_rocketlauncher
  6:06 ShutdownGame:
  6:06 ------------------------------------------------------------
