  0:00 ------------------------------------------------------------
  0:00 InitGame: \dmflags\0\fraglimit\30\timelimit\25\sv_hostname\malina\sv_maxclients\8\sv_minRate\0\sv_maxRate\0\sv_dlRate\100\sv_minPing\0\sv_maxPing\0\sv_floodProtect\1\g_maxGameClients\0\capturelimit\8\version\ioq3 1.36+u20181222.e5da13f~dfsg-2/Raspbian linux-arm Mar  8 2019\com_gamename\Quake3Arena\com_protocol\71\g_gametype\0\mapname\q3dm16\sv_privateClients\0\sv_allowDownload\0\bot_minplayers\0\gamename\baseq3\g_needpass\0
  0:00 ClientConnect: 0
  0:00 ClientUserinfoChanged: 0 n\vincent\t\0\model\doom/default\hmodel\doom/default\g_redteam\\g_blueteam\\c1\2\c2\5\hc\100\w\0\l\0\tt\0\tl\0
  0:00 ClientConnect: 1
  0:00 ClientUserinfoChanged: 1 n\Bruno\t\0\model\sarge/default\hmodel\sarge/default\g_redteam\\g_blueteam\\c1\6\c2\5\hc\100\w\0\l\0\tt\0\tl\0
  0:00 ClientConnect: 2
  0:00 ClientUserinfoChanged: 2 n\^4anomen\t\0\model\ranger/default\hmodel\ranger/default\g_redteam\\g_blueteam\\c1\1\c2\5\hc\100\w\0\l\0\tt\0\tl\0
  0:00 ClientConnect: 3
  0:00 ClientUserinfoChanged: 3 n\None\t\0\model\sarge/default\hmodel\sarge/default\g_redteam\\g_blueteam\\c1\3\c2\5\hc\100\w\0\l\0\tt\0\tl\0
  0:02 ClientUserinfoChanged: 2 n\^4anomen\t\0\model\ranger/default\hmodel\ranger/default\g_redteam\\g_blueteam\\c1\1\c2\5\hc\100\w\0\l\0\tt\0\tl\0
  0:02 ClientBegin: 2
  0:02 ClientUserinfoChanged: 3 n\None\t\0\model\sarge/default\hmodel\sarge/default\g_redteam\\g_blueteam\\c1\3\c2\5\hc\100\w\0\l\0\tt\0\tl\0
  0:02 ClientBegin: 3
  0:04 ClientUserinfoChanged: 0 n\vincent\t\0\model\doom/default\hmodel\doom/default\g_redteam\\g_blueteam\\c1\2\c2\5\hc\100\w\0\l\0\tt\0\tl\0
  0:04 ClientBegin: 0
  0:08 ClientUserinfoChanged: 0 n\vincent-vega\t\0\model\doom/default\hmodel\doom/default\g_redteam\\g_blueteam\\c1\2\c2\5\hc\100\w\0\l\0\tt\0\tl\0
  0:08 Item: 3 weapon_rocketlauncher
  0:11 ClientUserinfoChanged: 1 n\Bruno\t\0\model\sarge/default\hmodel\sarge/default\g_redteam\\g_blueteam\\c1\6\c2\5\hc\100\w\0\l\0\tt\0\tl\0
  0:11 ClientBegin: 1
  0:11 Item: 0 item_armor_combat
  0:14 Item: 0 ammo_bullets
  0:14 Item: 0 ammo_shells
  0:15 Item: 2 weapon_rocketlauncher
  0:15 Item: 1 item_health
  0:17 Item: 0 ammo_slugs
  0:20 Item: 1 ammo_cells
  0:20 Item: 1 ammo_cells
  0:20 Item: 0 weapon_railgun
  0:23 Item: 2 weapon_rocketlauncher
  0:25 Item: 0 item_armor_shard
  0:25 Item: 0 item_armor_shard
  0:27 Item: 2 weapon_railgun
  0:29 Item: 2 item_health
  0:29 Item: 3 item_health
  0:31 Item: 1 item_armor_body
  0:33 Item: 0 weapon_shotgun
  0:35 Item: 0 weapon_rocketlauncher
  0:37 Item: 1 item_armor_shard
  0:37 Item: 1 item_armor_shard
  0:37 Item: 1 item_armor_shard
  0:37 Item: 1 item_armor_shard
  0:38 Item: 1 item_armor_shard
  0:39 Item: 0 weapon_railgun
  0:40 Item: 1 weapon_shotgun
  0:41 Item: 1 item_armor_shard
  0:42 Item: 1 item_armor_shard
  0:42 Item: 1 item_armor_shard
  0:42 Item: 1 item_armor_shard
  0:42 Item: 1 item_armor_shard
  0:42 Item: 1 item_armor_shard
  0:42 Item: 3 weapon_rocketlauncher
  0:42 Item: 1 item_armor_shard
  0:47 Item: 2 item_health_large
  0:48 Item: 2 ammo_shells
  0:48 Item: 2 ammo_bullets
  0:49 Item: 1 weapon_shotgun
  0:50 Item: 0 ammo_rockets
  0:50 Item: 0 ammo_rockets
  0:50 Kill: 0 2 10: vincent-vega killed ^4anomen by MOD_RAILGUN
  0:51 Item: 3 ammo_bullets
  0:51 Item: 3 ammo_shells
  0:52 Item: 1 item_health
  0:52 Item: 3 item_health
  0:53 Item: 0 item_armor_combat
  0:54 Item: 3 item_health
  0:54 Item: 0 item_health_large
  0:57 Item: 3 ammo_bullets
  0:57 Item: 3 ammo_shells
  0:58 Item: 3 item_health
  0:58 Item: 3 item_health
  0:59 Kill: 2 1 3: ^4anomen killed Bruno by MOD_MACHINEGUN
  0:59 Item: 2 weapon_shotgun
  1:00 Item: 2 ammo_shells
  1:00 Item: 2 ammo_bullets
  1:03 Item: 2 weapon_rocketlauncher
  1:03 Item: 2 weapon_rocketlauncher
  1:07 Item: 3 item_armor_shard
  1:07 Item: 3 item_armor_shard
  1:07 Item: 3 item_armor_shard
  1:07 Item: 3 item_armor_shard
  1:08 Item: 3 item_armor_shard
  1:08 Item: 3 item_armor_shard
  1:08 Item: 3 item_armor_shard
  1:10 Item: 2 weapon_rocketlauncher
  1:12 Item: 0 weapon_railgun
  1:17 Item: 3 weapon_rocketlauncher
  1:18 Item: 0 weapon_railgun
  1:21 Item: 2 item_armor_shard
  1:21 Item: 2 item_armor_shard
  1:21 Item: 2 item_armor_shard
  1:21 Item: 2 item_armor_shard
  1:21 Item: 2 item_armor_shard
  1:22 Item: 2 item_armor_shard
  1:22 Item: 2 item_armor_shard
  1:23 Item: 2 item_armor_body
  1:25 Item: 2 item_health
  1:25 Item: 3 item_health
  1:25 Item: 2 item_health
  1:25 Item: 1 weapon_plasmagun
  1:26 Item: 2 ammo_slugs
  1:28 Item: 2 weapon_railgun
  1:31 Item: 2 weapon_rocketlauncher
  1:32 Item: 0 item_health
  1:35 Kill: 2 3 6: ^4anomen killed None by MOD_ROCKET
  1:39 Item: 0 ammo_rockets
  1:39 Item: 0 ammo_rockets
  1:41 Item: 0 item_health
  1:41 Item: 2 item_armor_combat
  1:42 Item: 3 weapon_rocketlauncher
  1:42 Item: 0 ammo_bullets
  1:42 Item: 0 ammo_shells
  1:43 Item: 3 weapon_shotgun
  1:45 Item: 1 weapon_railgun
  1:47 Item: 0 item_armor_shard
  1:47 Item: 0 item_armor_shard
  1:47 Item: 0 item_armor_shard
  1:47 Item: 0 item_armor_shard
  1:47 Item: 0 item_armor_shard
  1:50 Item: 1 item_health
  1:50 Item: 1 item_health
  1:50 Item: 0 item_health
  1:50 Item: 3 item_health
  1:50 Item: 3 item_health
  1:51 Item: 2 item_health_large
  1:52 Item: 2 ammo_shells
  1:53 Item: 2 item_health
  1:55 Item: 1 ammo_bullets
  1:55 Item: 1 ammo_shells
  1:56 Item: 2 ammo_bullets
  1:56 Item: 3 ammo_bullets
  1:56 Item: 3 ammo_shells
  1:56 Kill: 3 3 7: None killed None by MOD_ROCKET_SPLASH
  1:57 Item: 0 item_armor_body
  1:59 Item: 2 weapon_rocketlauncher
  2:00 Item: 2 item_armor_shard
  2:00 Item: 2 item_armor_shard
  2:01 Item: 2 item_armor_shard
  2:01 Item: 2 item_armor_shard
  2:01 Item: 2 item_armor_shard
  2:01 Item: 2 item_armor_shard
  2:01 Item: 2 item_armor_shard
  2:01 Item: 0 weapon_plasmagun
  2:05 Item: 0 item_health
  2:06 Item: 2 weapon_railgun
  2:07 Item: 3 weapon_rocketlauncher
  2:10 Kill: 0 1 10: vincent-vega killed Bruno by MOD_RAILGUN
  2:12 Kill: 0 3 10: vincent-vega killed None by MOD_RAILGUN
  2:12 Item: 2 weapon_rocketlauncher
  2:19 Item: 3 weapon_rocketlauncher
  2:20 Item: 2 item_health
  2:24 Item: 3 ammo_bullets
  2:24 Item: 3 ammo_shells
  2:24 Item: 1 weapon_plasmagun
  2:25 Item: 0 item_armor_combat
  2:26 Item: 2 weapon_rocketlauncher
  2:26 Item: 1 item_armor_shard
  2:26 Item: 1 item_armor_shard
  2:26 Item: 1 item_armor_shard
  2:26 Item: 1 item_armor_shard
  2:27 Item: 1 item_armor_shard
  2:27 Item: 2 item_health_large
  2:27 Item: 1 item_armor_shard
  2:27 Item: 0 item_health_large
  2:30 Item: 2 item_health
  2:31 Item: 1 weapon_shotgun
  2:33 Item: 1 item_armor_shard
  2:33 Item: 1 item_armor_shard
  2:33 Item: 1 item_armor_shard
  2:33 Item: 1 item_armor_shard
  2:34 Item: 1 item_armor_shard
  2:34 Item: 1 item_armor_shard
  2:34 Item: 1 item_armor_shard
  2:36 Item: 0 ammo_slugs
  2:37 Item: 3 ammo_bullets
  2:37 Item: 3 ammo_shells
  2:37 Item: 1 item_armor_body
  2:38 Item: 3 item_health
  2:38 Item: 3 item_health
  2:39 Item: 0 weapon_railgun
  2:40 Item: 2 weapon_shotgun
  2:43 Item: 2 item_health
  2:43 Item: 2 item_health
  2:43 Item: 0 ammo_cells
  2:43 Item: 0 ammo_cells
  2:47 Kill: 0 2 10: vincent-vega killed ^4anomen by MOD_RAILGUN
  2:51 Item: 0 item_health
  2:51 Item: 0 item_health
  2:51 Item: 2 ammo_shells
  2:53 Kill: 1022 3 22: <world> killed None by MOD_TRIGGER_HURT
  2:55 Item: 2 weapon_rocketlauncher
  2:57 Item: 0 item_health
  3:00 Item: 2 item_armor_combat
  3:00 Item: 1 weapon_rocketlauncher
  3:05 Item: 1 weapon_rocketlauncher
  3:08 Item: 3 item_health
  3:08 Item: 3 item_health
  3:09 Kill: 1 2 6: Bruno killed ^4anomen by MOD_ROCKET
  3:11 Item: 3 weapon_plasmagun
  3:12 Item: 0 weapon_rocketlauncher
  3:13 Item: 3 item_armor_shard
  3:13 Item: 3 item_armor_shard
  3:13 Item: 3 item_armor_shard
  3:13 Item: 3 item_armor_shard
  3:13 Item: 3 item_armor_shard
  3:14 Item: 3 item_armor_shard
  3:14 Item: 3 item_armor_shard
  3:15 Item: 3 weapon_shotgun
  3:15 Item: 0 item_health_large
  3:16 Item: 1 ammo_bullets
  3:16 Item: 1 ammo_shells
  3:16 Item: 2 weapon_railgun
  3:17 Item: 2 weapon_rocketlauncher
  3:17 Item: 3 weapon_rocketlauncher
  3:17 Item: 1 item_health
  3:17 Item: 1 item_health
  3:20 Kill: 0 1 6: vincent-vega killed Bruno by MOD_ROCKET
  3:20 Item: 0 weapon_rocketlauncher
  3:22 Kill: 1022 3 22: <world> killed None by MOD_TRIGGER_HURT
  3:22 Item: 0 ammo_bullets
  3:23 Item: 0 item_health
  3:24 Kill: 0 1 7: vincent-vega killed Bruno by MOD_ROCKET_SPLASH
  3:25 Item: 2 item_armor_body
  3:25 Item: 3 item_armor_combat
  3:26 Item: 0 ammo_slugs
  3:28 Item: 2 weapon_railgun
  3:29 Item: 3 ammo_bullets
  3:29 Item: 1 weapon_rocketlauncher
  3:32 Item: 2 item_health
  3:33 Item: 2 item_health
  3:34 Item: 1 weapon_railgun
  3:35 Item: 3 weapon_plasmagun
  3:35 Item: 0 item_health
  3:38 Item: 3 weapon_shotgun
  3:40 Item: 3 weapon_rocketlauncher
  3:40 Item: 1 item_health
  3:40 Item: 1 item_health
  3:41 Item: 2 item_armor_shard
  3:41 Item: 2 item_armor_shard
  3:41 Item: 2 item_armor_shard
  3:42 Item: 2 item_armor_shard
  3:42 Item: 2 item_armor_shard
  3:42 Item: 2 item_armor_shard
  3:42 Item: 2 item_armor_shard
  3:44 Kill: 1022 3 22: <world> killed None by MOD_TRIGGER_HURT
  3:45 Item: 2 item_health
  3:46 Item: 2 item_health
  3:46 Item: 0 ammo_rockets
  3:46 Item: 0 ammo_rockets
  3:47 Item: 3 ammo_cells
  3:47 Item: 3 ammo_cells
  3:54 Item: 0 item_armor_combat
  3:56 Item: 1 weapon_shotgun
  4:01 Item: 3 ammo_shells
  4:02 Item: 3 item_health
  4:02 Item: 3 item_health
  4:03 Item: 0 item_health
  4:03 Item: 0 item_health
  4:04 Item: 3 ammo_bullets
  4:04 Item: 3 ammo_shells
  4:05 Kill: 2 1 10: ^4anomen killed Bruno by MOD_RAILGUN
  4:05 Item: 3 item_health
  4:05 Item: 0 weapon_shotgun
  4:08 Item: 3 weapon_railgun
  4:08 Kill: 0 2 1: vincent-vega killed ^4anomen by MOD_SHOTGUN
  4:12 Item: 0 item_health_large
  4:13 Item: 2 ammo_bullets
  4:13 Item: 2 ammo_shells
  4:14 Item: 1 weapon_shotgun
  4:14 Item: 3 weapon_railgun
  4:16 Item: 3 weapon_rocketlauncher
  4:16 Item: 1 item_armor_shard
  4:16 Item: 1 item_armor_shard
  4:16 Item: 1 item_armor_shard
  4:16 Item: 1 item_armor_shard
  4:16 Item: 1 item_armor_shard
  4:16 Item: 1 item_armor_shard
  4:17 Item: 1 item_armor_shard
  4:21 Item: 3 weapon_shotgun
  4:24 Item: 2 weapon_railgun
  4:24 Item: 0 item_armor_body
  4:28 Item: 3 item_health
  4:31 Item: 1 ammo_slugs
  4:32 Item: 3 item_health
  4:33 Item: 0 ammo_cells
  4:33 Item: 0 ammo_cells
  4:34 Item: 2 item_health
  4:36 Item: 2 item_health
  4:36 Item: 2 item_health
  4:37 Kill: 0 1 10: vincent-vega killed Bruno by MOD_RAILGUN
  4:42 Item: 2 weapon_shotgun
  4:43 Item: 3 weapon_railgun
  4:44 Item: 2 weapon_plasmagun
  4:46 Item: 3 item_health
  4:47 Item: 0 ammo_shells
  4:48 Kill: 2 3 10: ^4anomen killed None by MOD_RAILGUN
  4:48 Item: 0 ammo_shells
  4:48 Item: 2 weapon_rocketlauncher
  4:48 Item: 2 item_health
  4:52 Item: 2 item_armor_combat
  4:52 Item: 1 weapon_rocketlauncher
  4:53 Item: 2 item_health_large
  4:53 Item: 3 weapon_plasmagun
  4:54 Item: 2 ammo_bullets
  4:55 Kill: 0 1 7: vincent-vega killed Bruno by MOD_ROCKET_SPLASH
  4:56 Item: 0 weapon_rocketlauncher
  4:59 Item: 0 item_health
  5:00 Item: 0 item_health
  5:01 Item: 2 ammo_rockets
  5:02 Item: 1 ammo_rockets
  5:03 Item: 0 item_armor_body
  5:04 Item: 1 ammo_shells
  5:04 Item: 2 weapon_rocketlauncher
  5:05 Item: 1 item_health
  5:05 Item: 1 item_health
  5:06 Item: 1 ammo_bullets
  5:06 Item: 0 weapon_railgun
  5:08 Item: 3 item_health
  5:08 Item: 3 item_health
  5:09 Item: 2 item_health_large
  5:10 Item: 3 ammo_bullets
  5:11 Item: 1 weapon_shotgun
  5:11 Item: 3 ammo_bullets
  5:11 Item: 3 ammo_shells
  5:14 Item: 1 item_armor_shard
  5:14 Item: 1 item_armor_shard
  5:14 Item: 1 item_armor_shard
  5:14 Item: 1 item_armor_shard
  5:15 Item: 1 item_armor_shard
  5:15 Item: 1 item_armor_shard
  5:15 Item: 1 item_armor_shard
  5:16 Item: 0 item_health
  5:17 Item: 0 item_health
  5:17 Item: 1 item_health
  5:19 Item: 1 ammo_slugs
  5:20 Item: 3 item_health
  5:20 Item: 3 item_health
  5:20 Item: 2 item_health
  5:21 Item: 2 item_health
  5:21 Item: 1 weapon_railgun
  5:30 Item: 3 ammo_shells
  5:30 Item: 0 item_health
  5:30 Item: 2 item_armor_body
  5:31 Item: 0 ammo_shells
  5:35 Item: 0 weapon_railgun
  5:38 Item: 0 item_health
  5:38 Item: 3 weapon_rocketlauncher
  5:41 Item: 0 item_armor_combat
  5:41 Kill: 1022 1 22: <world> killed Bruno by MOD_TRIGGER_HURT
  5:42 Item: 3 item_health
  5:42 Item: 3 item_health
  5:44 Item: 2 ammo_rockets
  5:44 Item: 2 ammo_rockets
  5:47 Item: 1 weapon_rocketlauncher
  5:47 Item: 3 item_health
  5:48 Item: 3 ammo_bullets
  5:50 Item: 3 ammo_bullets
  5:53 Item: 3 weapon_rocketlauncher
  5:54 Item: 2 weapon_railgun
  5:56 Item: 0 ammo_cells
  5:57 Kill: 0 2 10: vincent-vega killed ^4anomen by MOD_RAILGUN
  5:57 Item: 3 weapon_shotgun
  5:59 Item: 0 ammo_slugs
  6:00 Item: 3 item_armor_shard
  6:00 Item: 3 item_armor_shard
  6:00 Item: 3 item_armor_shard
  6:00 Item: 2 ammo_shells
  6:02 Item: 3 item_health
  6:03 Item: 0 item_armor_body
  6:03 Item: 2 weapon_rocketlauncher
  6:04 Item: 1 item_health
  6:04 Item: 0 item_health
  6:05 Item: 0 item_health
  6:05 Item: 0 weapon_rocketlauncher
  6:05 Item: 1 ammo_bullets
  6:08 Item: 1 ammo_shells
  6:08 Item: 0 weapon_railgun
  6:11 Item: 3 item_health
  6:13 Kill: 3 1 1: None killed Bruno by MOD_SHOTGUN
  6:14 Item: 3 weapon_rocketlauncher
  6:16 Item: 0 ammo_shells
  6:17 Item: 2 weapon_railgun
  6:19 Kill: 3 1 7: None killed Bruno by MOD_ROCKET_SPLASH
  6:19 Item: 0 item_armor_combat
  6:21 Item: 3 weapon_rocketlauncher
  6:24 Kill: 3 3 7: None killed None by MOD_ROCKET_SPLASH
  6:26 Item: 1 ammo_shells
  6:29 Kill: 0 2 7: vincent-vega killed ^4anomen by MOD_ROCKET_SPLASH
  6:29 Item: 0 weapon_railgun
  6:37 Kill: 0 1 10: vincent-vega killed Bruno by MOD_RAILGUN
  6:38 Item: 2 weapon_railgun
  6:42 Item: 0 item_health
  6:42 Item: 0 item_health
  6:43 Item: 1 weapon_rocketlauncher
  6:44 Item: 2 weapon_railgun
  6:46 Item: 0 ammo_slugs
  6:46 Item: 1 item_armor_shard
  6:46 Item: 1 item_armor_shard
  6:46 Item: 1 item_armor_shard
  6:47 Item: 1 item_armor_shard
  6:47 Item: 1 item_armor_shard
  6:47 Item: 1 item_armor_shard
  6:47 Item: 1 item_armor_shard
  6:48 Kill: 2 3 10: ^4anomen killed None by MOD_RAILGUN
  6:49 Item: 1 item_armor_body
  6:50 Item: 2 weapon_plasmagun
  6:51 Item: 3 ammo_cells
  6:51 Item: 2 item_armor_shard
  6:51 Item: 2 item_armor_shard
  6:51 Item: 2 item_armor_shard
  6:52 Item: 2 item_armor_shard
  6:52 Item: 2 item_armor_shard
  6:52 Item: 2 item_armor_shard
  6:52 Item: 2 item_armor_shard
  6:54 Item: 1 item_health
  6:54 Item: 2 weapon_rocketlauncher
  6:57 Item: 2 item_health
  6:57 Item: 2 item_health
  6:59 Item: 0 item_health
  7:00 Item: 0 item_health
  7:00 Item: 1 ammo_bullets
  7:03 Item: 2 item_health
  7:04 Item: 0 item_health
  7:04 Item: 0 item_health
  7:07 Item: 0 ammo_shells
  7:10 Item: 3 ammo_bullets
  7:10 Item: 3 ammo_shells
  7:11 Item: 1 item_health
  7:13 Kill: 2 3 6: ^4anomen killed None by MOD_ROCKET
  7:13 Item: 0 item_armor_combat
  7:14 Item: 1 ammo_bullets
  7:18 Item: 0 ammo_shells
  7:18 Item: 2 weapon_rocketlauncher
  7:20 Item: 2 item_armor_shard
  7:20 Item: 2 item_armor_shard
  7:20 Item: 2 item_armor_shard
  7:20 Item: 2 item_armor_shard
  7:20 Item: 2 item_armor_shard
  7:21 Item: 2 item_armor_shard
  7:21 Item: 2 item_armor_shard
  7:23 Item: 2 item_armor_body
  7:23 Item: 0 weapon_railgun
  7:27 Item: 3 weapon_plasmagun
  7:29 Item: 0 item_health
  7:30 Item: 2 item_health
  7:30 Item: 3 item_health
  7:30 Item: 0 item_health
  7:31 Item: 0 ammo_shells
  7:31 Item: 1 weapon_rocketlauncher
  7:32 Kill: 0 3 7: vincent-vega killed None by MOD_ROCKET_SPLASH
  7:33 Item: 0 item_armor_shard
  7:33 Item: 0 item_armor_shard
  7:34 Item: 0 item_armor_shard
  7:34 Item: 0 item_armor_shard
  7:34 Item: 0 item_armor_shard
  7:34 Item: 1 item_health
  7:36 Item: 0 weapon_plasmagun
  7:37 Kill: 2 0 7: ^4anomen killed vincent-vega by MOD_ROCKET_SPLASH
  7:38 Item: 3 weapon_plasmagun
  7:39 Item: 1 ammo_cells
  7:39 Item: 1 ammo_cells
  7:41 Item: 2 ammo_slugs
  7:43 Item: 2 weapon_railgun
  7:46 Item: 1 item_health
  7:46 Kill: 3 3 9: None killed None by MOD_PLASMA_SPLASH
  7:46 Item: 2 item_armor_shard
  7:48 Item: 0 weapon_rocketlauncher
  7:49 Item: 2 item_armor_body
  7:50 Kill: 0 1 7: vincent-vega killed Bruno by MOD_ROCKET_SPLASH
  7:51 Item: 0 item_health_large
  7:52 Item: 2 weapon_railgun
  7:52 Item: 0 ammo_bullets
  7:52 Item: 0 ammo_shells
  7:56 Item: 0 item_armor_combat
  7:58 Item: 3 weapon_rocketlauncher
  7:58 Item: 2 weapon_railgun
  7:58 Item: 3 weapon_rocketlauncher
  7:58 Kill: 0 3 7: vincent-vega killed None by MOD_ROCKET_SPLASH
  8:00 Item: 1 item_armor_shard
  8:00 Item: 1 item_armor_shard
  8:00 Item: 1 item_armor_shard
  8:00 Item: 1 item_armor_shard
  8:01 Item: 1 item_armor_shard
  8:01 Item: 1 item_armor_shard
  8:01 Item: 1 item_armor_shard
  8:03 Item: 2 weapon_railgun
  8:05 Item: 1 item_armor_shard
  8:05 Item: 1 item_armor_shard
  8:06 Item: 1 item_armor_shard
  8:06 Item: 3 weapon_rocketlauncher
  8:06 Item: 1 item_armor_shard
  8:06 Item: 1 item_armor_shard
  8:06 Item: 1 item_armor_shard
  8:09 Item: 0 item_health
  8:11 Item: 1 ammo_bullets
  8:11 Item: 2 item_health
  8:11 Item: 2 item_health
  8:13 Item: 1 weapon_rocketlauncher
  8:14 Item: 0 ammo_bullets
  8:15 Item: 0 ammo_shells
  8:16 Item: 2 item_health
  8:16 Item: 2 item_health
  8:16 Item: 0 item_health
  8:16 Item: 0 item_health
  8:19 Item: 1 item_health
  8:20 Item: 2 weapon_plasmagun
  8:20 Item: 3 item_health
  8:22 Item: 0 ammo_slugs
  8:22 Item: 3 item_health
  8:24 Item: 1 item_health
  8:24 Item: 0 weapon_railgun
  8:25 Item: 2 item_armor_body
  8:29 Item: 0 item_armor_combat
  8:30 Item: 3 weapon_railgun
  8:30 Item: 0 item_health_large
  8:33 Item: 1 item_health
  8:34 Item: 0 weapon_rocketlauncher
  8:34 Item: 3 ammo_cells
  8:36 Item: 2 weapon_railgun
  8:38 Item: 3 ammo_shells
  8:40 Kill: 2 0 8: ^4anomen killed vincent-vega by MOD_PLASMA
  8:40 Item: 3 ammo_shells
  8:40 Item: 3 ammo_bullets
  8:45 Item: 0 weapon_rocketlauncher
  8:46 Item: 3 weapon_shotgun
  8:48 Item: 3 item_armor_shard
  8:48 Item: 2 item_health
  8:48 Item: 3 item_armor_shard
  8:48 Item: 2 item_health
  8:48 Item: 3 item_armor_shard
  8:48 Item: 3 item_armor_shard
  8:49 Item: 3 item_armor_shard
  8:49 Item: 3 item_armor_shard
  8:49 Item: 3 item_armor_shard
  8:49 Item: 1 weapon_plasmagun
  8:52 Item: 2 item_health
  8:55 Item: 0 ammo_bullets
  8:56 Item: 1 item_armor_shard
  8:57 Item: 1 item_armor_shard
  8:57 Item: 1 item_armor_shard
  8:57 Item: 0 ammo_bullets
  8:57 Item: 1 item_armor_shard
  8:57 Item: 1 item_armor_shard
  8:57 Item: 1 item_armor_shard
  8:57 Item: 1 item_armor_shard
  8:58 Item: 3 ammo_shells
  8:58 Item: 0 item_health
  8:58 Kill: 0 3 7: vincent-vega killed None by MOD_ROCKET_SPLASH
  8:59 Item: 0 item_health
  8:59 Item: 0 weapon_shotgun
  9:00 Item: 1 item_armor_body
  9:01 Item: 0 item_health
  9:03 Item: 2 item_health
  9:04 Item: 0 ammo_slugs
  9:06 Item: 1 weapon_shotgun
  9:06 Item: 0 weapon_railgun
  9:09 Kill: 2 0 10: ^4anomen killed vincent-vega by MOD_RAILGUN
  9:10 Item: 2 item_health
  9:13 Item: 2 weapon_rocketlauncher
  9:17 Kill: 0 3 2: vincent-vega killed None by MOD_GAUNTLET
  9:17 Item: 1 item_armor_shard
  9:17 Item: 1 item_armor_shard
  9:17 Item: 1 item_armor_shard
  9:18 Item: 1 item_armor_shard
  9:18 Item: 1 item_armor_shard
  9:18 Item: 1 item_armor_shard
  9:18 Item: 2 weapon_railgun
  9:18 Item: 1 item_armor_shard
  9:20 Item: 0 ammo_shells
  9:20 Item: 0 ammo_bullets
  9:24 Item: 1 weapon_rocketlauncher
  9:24 Kill: 1 0 6: Bruno killed vincent-vega by MOD_ROCKET
  9:27 Item: 1 item_armor_shard
  9:27 Item: 1 item_armor_shard
  9:27 Item: 1 item_armor_shard
  9:27 Item: 1 item_armor_shard
  9:27 Item: 1 item_armor_shard
  9:27 Item: 1 item_armor_shard
  9:28 Item: 0 item_armor_combat
  9:32 Item: 1 item_health
  9:32 Item: 0 weapon_shotgun
  9:34 Item: 2 weapon_rocketlauncher
  9:36 Item: 1 item_health
  9:36 Item: 1 item_health
  9:39 Item: 0 weapon_railgun
  9:40 Kill: 2 1 7: ^4anomen killed Bruno by MOD_ROCKET_SPLASH
  9:40 Item: 2 weapon_rocketlauncher
  9:44 Item: 0 weapon_rocketlauncher
  9:46 Item: 1 ammo_bullets
  9:46 Kill: 3 2 3: None killed ^4anomen by MOD_MACHINEGUN
  9:46 Item: 1 ammo_shells
  9:47 Item: 3 weapon_rocketlauncher
  9:47 Kill: 0 3 6: vincent-vega killed None by MOD_ROCKET
  9:49 Item: 3 ammo_cells
  9:51 Item: 0 item_armor_body
  9:51 Item: 2 ammo_slugs
  9:53 Item: 1 weapon_rocketlauncher
  9:53 Item: 2 weapon_railgun
  9:55 Item: 3 ammo_shells
  9:57 Item: 3 weapon_rocketlauncher
  9:59 Item: 2 item_health
  9:59 Item: 0 item_armor_shard
 10:00 Item: 0 item_armor_shard
 10:00 Item: 0 item_armor_shard
 10:00 Item: 0 item_armor_shard
 10:00 Item: 0 item_armor_shard
 10:00 Item: 0 item_armor_shard
 10:02 Kill: 0 2 6: vincent-vega killed ^4anomen by MOD_ROCKET
 10:05 Item: 3 weapon_railgun
 10:05 Item: 0 weapon_shotgun
 10:06 Item: 2 ammo_bullets
 10:06 Item: 0 item_armor_shard
 10:07 Item: 0 item_armor_shard
 10:07 Item: 0 item_armor_shard
 10:07 Item: 0 item_armor_shard
 10:07 Item: 0 item_armor_shard
 10:07 Item: 0 item_armor_shard
 10:08 Item: 2 weapon_rocketlauncher
 10:09 Item: 3 item_health
 10:10 Item: 0 item_health
 10:11 Item: 2 item_armor_combat
 10:11 Item: 3 ammo_shells
 10:11 Item: 0 item_health
 10:15 Item: 1 ammo_rockets
 10:15 Item: 0 ammo_cells
 10:16 Item: 1 ammo_rockets
 10:19 Item: 0 item_armor_body
 10:19 Item: 2 weapon_rocketlauncher
 10:23 Item: 2 item_health
 10:23 Kill: 0 1 10: vincent-vega killed Bruno by MOD_RAILGUN
 10:23 Item: 2 item_health
 10:23 Item: 3 weapon_railgun
 10:24 Item: 0 item_health
 10:26 Item: 2 weapon_rocketlauncher
 10:28 Item: 2 item_health
 10:29 Item: 1 ammo_shells
 10:31 Item: 2 ammo_slugs
 10:32 Item: 1 weapon_rocketlauncher
 10:33 Kill: 2 3 6: ^4anomen killed None by MOD_ROCKET
 10:34 Item: 2 weapon_railgun
 10:39 Item: 0 item_armor_combat
 10:39 Item: 1 ammo_shells
 10:39 Item: 1 ammo_bullets
 10:41 Item: 2 weapon_railgun
 10:42 Kill: 2 3 7: ^4anomen killed None by MOD_ROCKET_SPLASH
 10:44 Item: 2 weapon_rocketlauncher
 10:45 Item: 2 weapon_plasmagun
 10:46 Item: 2 item_armor_shard
 10:46 Item: 2 item_armor_shard
 10:47 Item: 2 item_armor_shard
 10:47 Item: 2 item_armor_shard
 10:47 Item: 2 item_armor_shard
 10:47 Item: 2 item_armor_shard
 10:48 Item: 0 weapon_railgun
 10:49 Item: 3 ammo_bullets
 10:49 Item: 2 item_health
 10:49 Item: 2 item_health
 10:50 Item: 2 item_health
 10:50 Item: 2 item_health
 10:50 Item: 1 weapon_rocketlauncher
 10:51 Item: 3 ammo_shells
 10:54 Item: 2 weapon_railgun
 10:55 Item: 1 item_health
 11:00 Item: 1 weapon_rocketlauncher
 11:01 Item: 0 weapon_railgun
 11:01 Item: 3 item_armor_shard
 11:03 Item: 2 item_health
 11:04 Item: 2 item_health
 11:04 Kill: 2 3 6: ^4anomen killed None by MOD_ROCKET
 11:06 Item: 0 weapon_railgun
 11:06 Item: 3 ammo_cells
 11:06 Item: 3 ammo_cells
 11:11 Kill: 0 2 10: vincent-vega killed ^4anomen by MOD_RAILGUN
 11:13 Item: 0 weapon_railgun
 11:14 Item: 1 weapon_rocketlauncher
 11:16 Item: 2 item_armor_combat
 11:17 Item: 3 weapon_rocketlauncher
 11:23 Item: 0 ammo_bullets
 11:23 Item: 0 ammo_shells
 11:24 Item: 2 weapon_rocketlauncher
 11:25 Item: 3 ammo_bullets
 11:25 Kill: 2 1 7: ^4anomen killed Bruno by MOD_ROCKET_SPLASH
 11:25 Item: 0 item_health
 11:25 Item: 0 item_health
 11:26 Item: 3 item_health
 11:26 Item: 0 ammo_shells
 11:26 Item: 2 weapon_rocketlauncher
 11:27 Item: 3 item_health
 11:30 Item: 1 ammo_slugs
 11:32 Item: 1 weapon_railgun
 11:32 Item: 2 weapon_rocketlauncher
 11:36 Item: 1 ammo_bullets
 11:37 Item: 1 ammo_shells
 11:37 Item: 0 item_armor_body
 11:38 Item: 0 item_health
 11:39 Kill: 2 3 7: ^4anomen killed None by MOD_ROCKET_SPLASH
 11:39 Item: 2 item_health
 11:42 Item: 2 item_health
 11:44 Item: 3 weapon_rocketlauncher
 11:48 Item: 3 item_health_large
 11:49 Item: 3 ammo_bullets
 11:51 Item: 1 weapon_plasmagun
 11:52 Item: 0 weapon_railgun
 11:52 Item: 3 item_health_large
 11:53 Item: 1 item_health
 11:55 Kill: 0 2 1: vincent-vega killed ^4anomen by MOD_SHOTGUN
 11:57 Item: 1 item_health
 11:57 Item: 1 item_health
 11:57 Item: 0 weapon_rocketlauncher
 11:58 Item: 0 weapon_rocketlauncher
 12:00 Item: 2 item_armor_combat
 12:03 Item: 2 weapon_rocketlauncher
 12:07 Item: 1 item_armor_shard
 12:07 Item: 1 item_armor_shard
 12:09 Item: 1 item_armor_shard
 12:09 Item: 1 item_armor_shard
 12:09 Item: 1 item_armor_shard
 12:09 Item: 1 item_armor_shard
 12:09 Item: 1 item_armor_shard
 12:10 Item: 2 item_health
 12:10 Item: 2 item_health
 12:11 Item: 1 item_armor_body
 12:12 Kill: 2 0 6: ^4anomen killed vincent-vega by MOD_ROCKET
 12:12 Item: 3 weapon_rocketlauncher
 12:15 Item: 2 ammo_cells
 12:15 Item: 2 ammo_cells
 12:18 Kill: 1 0 8: Bruno killed vincent-vega by MOD_PLASMA
 12:18 Kill: 1 2 8: Bruno killed ^4anomen by MOD_PLASMA
 12:20 Item: 0 ammo_shells
 12:22 Item: 1 item_health
 12:23 Item: 2 weapon_rocketlauncher
 12:24 Item: 3 item_armor_shard
 12:27 Item: 3 ammo_shells
 12:29 Item: 0 weapon_railgun
 12:29 Item: 3 ammo_bullets
 12:29 Item: 3 ammo_shells
 12:30 Item: 2 weapon_rocketlauncher
 12:31 Item: 1 item_health
 12:31 Kill: 0 2 10: vincent-vega killed ^4anomen by MOD_RAILGUN
 12:33 Item: 1 ammo_slugs
 12:34 Item: 3 weapon_rocketlauncher
 12:35 Item: 1 weapon_railgun
 12:37 Item: 0 item_armor_combat
 12:39 Item: 1 weapon_shotgun
 12:42 Item: 3 weapon_rocketlauncher
 12:42 Item: 0 item_health
 12:46 Item: 3 item_health
 12:47 Item: 3 ammo_bullets
 12:47 Item: 3 ammo_shells
 12:48 Item: 1 weapon_railgun
 12:49 Item: 3 item_health
 12:49 Item: 3 item_health
 12:49 Item: 0 item_armor_body
 12:54 Kill: 0 2 10: vincent-vega killed ^4anomen by MOD_RAILGUN
 12:54 Item: 3 item_armor_shard
 12:54 Item: 3 item_armor_shard
 12:55 Item: 3 item_armor_shard
 12:55 Item: 3 item_armor_shard
 12:55 Item: 3 item_armor_shard
 12:56 Item: 1 ammo_bullets
 12:56 Item: 0 ammo_cells
 12:56 Item: 0 ammo_cells
 13:01 Item: 1 ammo_bullets
 13:02 Item: 1 item_health
 13:02 Item: 2 weapon_railgun
 13:09 Item: 0 item_health
 13:10 Item: 1 item_armor_combat
 13:15 Item: 2 weapon_plasmagun
 13:15 Item: 1 weapon_rocketlauncher
 13:16 Item: 0 weapon_shotgun
 13:16 Item: 3 ammo_slugs
 13:19 Item: 3 weapon_railgun
 13:19 Item: 1 item_armor_shard
 13:19 Item: 1 item_armor_shard
 13:19 Item: 1 item_armor_shard
 13:20 Item: 1 item_armor_shard
 13:20 Item: 1 item_armor_shard
 13:21 Kill: 0 3 1: vincent-vega killed None by MOD_SHOTGUN
 13:22 Item: 1 item_armor_shard
 13:22 Item: 1 item_armor_shard
 13:24 Item: 0 weapon_railgun
 13:27 Item: 1 item_armor_body
 13:27 Item: 3 ammo_bullets
 13:27 Item: 3 ammo_shells
 13:31 Item: 3 weapon_shotgun
 13:33 Item: 3 weapon_rocketlauncher
 13:35 Item: 1 weapon_plasmagun
 13:35 Item: 0 item_health
 13:38 Item: 0 item_health
 13:39 Kill: 1 1 9: Bruno killed Bruno by MOD_PLASMA_SPLASH
 13:40 Kill: 1022 3 22: <world> killed None by MOD_TRIGGER_HURT
 13:40 Item: 2 weapon_rocketlauncher
 13:42 Item: 2 item_armor_combat
 13:43 Item: 1 ammo_bullets
 13:43 Item: 0 item_health
 13:46 Item: 2 weapon_rocketlauncher
 13:47 Item: 3 item_armor_shard
 13:47 Item: 2 item_health_large
 13:51 Item: 3 weapon_shotgun
 13:51 Item: 0 weapon_plasmagun
 13:51 Item: 1 weapon_rocketlauncher
 13:52 Item: 0 item_armor_shard
 13:53 Kill: 2 1 6: ^4anomen killed Bruno by MOD_ROCKET
 13:53 Item: 0 item_armor_shard
 13:53 Item: 0 item_armor_shard
 13:53 Item: 0 item_armor_shard
 13:53 Item: 0 item_armor_shard
 13:53 Item: 0 item_armor_shard
 13:53 Item: 0 item_armor_shard
 13:55 Item: 2 item_health_large
 13:56 Item: 3 item_health
 13:56 Item: 3 item_health
 13:58 Item: 1 ammo_shells
 13:58 Item: 1 ammo_bullets
 13:59 Item: 1 item_health
 13:59 Item: 1 item_health
 14:00 Item: 0 ammo_slugs
 14:02 Kill: 3 1 1: None killed Bruno by MOD_SHOTGUN
 14:02 Item: 0 weapon_railgun
 14:04 Item: 2 item_armor_body
 14:05 Item: 3 weapon_rocketlauncher
 14:08 Kill: 0 3 10: vincent-vega killed None by MOD_RAILGUN
 14:08 Item: 1 weapon_rocketlauncher
 14:09 Item: 2 weapon_railgun
 14:09 Item: 0 ammo_rockets
 14:10 Item: 3 ammo_cells
 14:10 Item: 3 ammo_cells
 14:11 Item: 0 item_armor_combat
 14:13 Item: 2 weapon_rocketlauncher
 14:13 Item: 0 ammo_shells
 14:18 Item: 1 weapon_shotgun
 14:19 Item: 1 item_armor_shard
 14:19 Item: 1 item_armor_shard
 14:20 Item: 1 item_armor_shard
 14:20 Item: 0 item_health
 14:20 Item: 3 weapon_rocketlauncher
 14:21 Item: 1 item_health
 14:21 Kill: 2 1 7: ^4anomen killed Bruno by MOD_ROCKET_SPLASH
 14:22 Item: 2 item_health
 14:22 Item: 2 weapon_shotgun
 14:23 Item: 2 item_health
 14:24 Item: 0 weapon_railgun
 14:29 Item: 1 ammo_bullets
 14:29 Item: 2 item_armor_shard
 14:30 Item: 2 item_armor_shard
 14:30 Item: 2 item_armor_shard
 14:30 Item: 2 item_armor_shard
 14:30 Item: 2 item_armor_shard
 14:30 Item: 2 item_armor_shard
 14:30 Item: 2 item_armor_shard
 14:31 Item: 3 weapon_railgun
 14:32 Item: 2 weapon_shotgun
 14:32 Kill: 3 2 10: None killed ^4anomen by MOD_RAILGUN
 14:33 Item: 3 item_armor_shard
 14:33 Item: 0 item_health
 14:33 Item: 0 item_health
 14:33 Item: 1 ammo_bullets
 14:33 Item: 1 ammo_shells
 14:35 Item: 1 ammo_shells
 14:38 Item: 2 weapon_rocketlauncher
 14:40 Item: 1 weapon_railgun
 14:40 Item: 2 item_armor_combat
 14:42 Item: 1 item_armor_body
 14:43 Item: 2 weapon_rocketlauncher
 14:43 Kill: 2 3 7: ^4anomen killed None by MOD_ROCKET_SPLASH
 14:45 Item: 0 weapon_railgun
 14:47 Item: 1 weapon_plasmagun
 14:47 Item: 2 item_health
 14:48 Item: 2 item_health
 14:50 Item: 1 item_armor_shard
 14:50 Item: 1 item_armor_shard
 14:50 Item: 1 item_armor_shard
 14:50 Item: 1 item_armor_shard
 14:50 Item: 1 item_armor_shard
 14:50 Item: 1 item_armor_shard
 14:52 Item: 1 weapon_plasmagun
 14:53 Item: 1 weapon_shotgun
 14:53 Item: 1 weapon_rocketlauncher
 14:53 Item: 0 ammo_rockets
 14:54 Item: 0 ammo_rockets
 14:55 Kill: 2 3 6: ^4anomen killed None by MOD_ROCKET
 14:56 Item: 2 weapon_railgun
 14:58 Item: 1 weapon_rocketlauncher
 15:02 Item: 1 item_armor_shard
 15:02 Item: 1 item_armor_shard
 15:02 Item: 1 item_armor_shard
 15:03 Item: 1 item_armor_shard
 15:08 Item: 3 ammo_bullets
 15:10 Item: 3 ammo_bullets
 15:11 Kill: 2 0 10: ^4anomen killed vincent-vega by MOD_RAILGUN
 15:11 Item: 1 item_health
 15:12 Item: 3 item_health
 15:13 Item: 2 weapon_rocketlauncher
 15:14 Kill: 3 1 3: None killed Bruno by MOD_MACHINEGUN
 15:14 Item: 3 weapon_rocketlauncher
 15:15 Item: 2 item_armor_combat
 15:16 Kill: 3 3 7: None killed None by MOD_ROCKET_SPLASH
 15:16 Item: 2 item_health_large
 15:17 Item: 0 ammo_bullets
 15:17 Item: 0 ammo_shells
 15:17 Item: 0 weapon_rocketlauncher
 15:18 Item: 1 ammo_bullets
 15:18 Item: 1 ammo_shells
 15:20 Item: 2 weapon_rocketlauncher
 15:21 Item: 3 ammo_shells
 15:24 Item: 2 item_health
 15:25 Item: 2 item_health
 15:29 Item: 0 weapon_railgun
 15:29 Kill: 3 1 3: None killed Bruno by MOD_MACHINEGUN
 15:30 Item: 2 ammo_slugs
 15:32 Item: 2 item_armor_body
 15:33 Item: 1 ammo_cells
 15:33 Item: 1 ammo_cells
 15:33 Item: 3 item_health
 15:33 Item: 3 item_health
 15:36 Item: 1 ammo_shells
 15:37 Item: 3 item_health
 15:37 Item: 3 item_health
 15:38 Item: 2 weapon_railgun
 15:42 Item: 2 item_health
 15:43 Item: 0 weapon_rocketlauncher
 15:45 Item: 0 item_health_large
 15:46 Item: 2 weapon_railgun
 15:48 Item: 2 item_armor_shard
 15:48 Item: 2 item_armor_shard
 15:48 Kill: 0 3 7: vincent-vega killed None by MOD_ROCKET_SPLASH
 15:48 Item: 2 item_armor_shard
 15:48 Item: 2 item_armor_shard
 15:48 Item: 2 item_armor_shard
 15:49 Item: 2 item_armor_shard
 15:49 Item: 2 item_armor_shard
 15:51 Item: 0 weapon_rocketlauncher
 15:52 Kill: 0 1 6: vincent-vega killed Bruno by MOD_ROCKET
 15:54 Item: 2 weapon_railgun
 15:55 Item: 0 item_armor_combat
 15:57 Item: 0 item_health_large
 15:58 Item: 1 ammo_bullets
 15:58 Item: 0 ammo_shells
 15:58 Item: 0 ammo_bullets
 16:01 Item: 2 weapon_railgun
 16:01 Item: 3 weapon_rocketlauncher
 16:03 Item: 0 item_health
 16:03 Kill: 3 3 7: None killed None by MOD_ROCKET_SPLASH
 16:07 Item: 2 item_armor_body
 16:08 Item: 1 weapon_shotgun
 16:09 Item: 3 ammo_bullets
 16:09 Item: 3 ammo_shells
 16:14 Item: 1 item_health
 16:15 Item: 3 item_health
 16:16 Item: 1 ammo_shells
 16:17 Kill: 2 0 10: ^4anomen killed vincent-vega by MOD_RAILGUN
 16:19 Item: 2 item_health
 16:20 Item: 2 ammo_slugs
 16:22 Item: 0 weapon_rocketlauncher
 16:22 Item: 2 weapon_railgun
 16:22 Item: 1 ammo_bullets
 16:22 Kill: 3 1 3: None killed Bruno by MOD_MACHINEGUN
 16:23 Item: 0 weapon_rocketlauncher
 16:25 Item: 3 weapon_shotgun
 16:25 Item: 0 item_armor_combat
 16:27 Item: 2 weapon_railgun
 16:29 Item: 3 item_health
 16:29 Item: 3 item_health
 16:29 Item: 1 ammo_rockets
 16:29 Item: 1 ammo_rockets
 16:32 Item: 2 weapon_railgun
 16:33 Item: 1 weapon_rocketlauncher
 16:39 Item: 2 item_armor_body
 16:39 Item: 3 item_armor_shard
 16:40 Item: 2 item_health
 16:45 Item: 2 weapon_railgun
 16:46 Item: 0 item_health_large
 16:46 Kill: 1022 1 22: <world> killed Bruno by MOD_TRIGGER_HURT
 16:48 Item: 0 item_health_large
 16:50 Item: 0 ammo_shells
 16:50 Item: 3 item_health
 16:50 Item: 2 weapon_railgun
 16:50 Item: 3 item_health
 16:50 Kill: 0 3 7: vincent-vega killed None by MOD_ROCKET_SPLASH
 16:52 Item: 1 ammo_bullets
 16:52 Item: 1 ammo_shells
 16:53 Item: 1 ammo_shells
 16:55 Item: 3 ammo_bullets
 16:56 Item: 2 weapon_railgun
 16:56 Kill: 0 2 6: vincent-vega killed ^4anomen by MOD_ROCKET
 16:56 Exit: Fraglimit hit.
 16:56 score: 30  ping: 48  client: 0 vincent-vega
 16:56 score: 22  ping: 14  client: 2 ^4anomen
 16:56 score: 1  ping: 300  client: 1 Bruno
 16:56 score: -1  ping: 25  client: 3 None
 17:12 ShutdownGame:
 17:12 ------------------------------------------------------------
 17:12 ------------------------------------------------------------
 17:12 InitGame: \dmflags\0\fraglimit\30\timelimit\25\sv_hostname\malina\sv_maxclients\8\sv_minRate\0\sv_maxRate\0\sv_dlRate\100\sv_minPing\0\sv_maxPing\0\sv_floodProtect\1\g_maxGameClients\0\capturelimit\8\version\ioq3 1.36+u20181222.e5da13f~dfsg-2/Raspbian linux-arm Mar  8 2019\com_gamename\Quake3Arena\com_protocol\71\g_gametype\0\mapname\q3dm16\sv_privateClients\0\sv_allowDownload\0\bot_minplayers\0\gamename\baseq3\g_needpass\0
 17:13 ClientConnect: 0
 17:13 ClientUserinfoChanged: 0 n\vincent-vega\t\0\model\doom/default\hmodel\doom/default\g_redteam\\g_blueteam\\c1\2\c2\5\hc\100\w\0\l\0\tt\0\tl\0
 17:13 ClientBegin: 0
 17:13 ClientConnect: 1
 17:13 ClientUserinfoChanged: 1 n\Bruno\t\0\model\sarge/default\hmodel\sarge/default\g_redteam\\g_blueteam\\c1\6\c2\5\hc\100\w\0\l\0\tt\0\tl\0
 17:13 ClientBegin: 1
 17:13 ClientConnect: 2
 17:13 ClientUserinfoChanged: 2 n\^4anomen\t\0\model\ranger/default\hmodel\ranger/default\g_redteam\\g_blueteam\\c1\1\c2\5\hc\100\w\0\l\0\tt\0\tl\0
 17:13 ClientBegin: 2
 17:13 ClientConnect: 3
 17:13 ClientUserinfoChanged: 3 n\None\t\0\model\sarge/default\hmodel\sarge/default\g_redteam\\g_blueteam\\c1\3\c2\5\hc\100\w\0\l\0\tt\0\tl\0
 17:13 ClientBegin: 3
 17:15 Item: 3 ammo_cells
 17:15 Item: 3 ammo_cells
 17:17 Item: 1 ammo_bullets
 17:17 Item: 1 ammo_shells
 17:19 Item: 1 ammo_shells
 17:19 Item: 1 ammo_bullets
 17:23 say: ^4anomen: same map?
 17:23 Item: 1 weapon_rocketlauncher
 17:26 Item: 3 ammo_bullets
 17:26 Item: 3 ammo_shells
 17:29 Item: 2 weapon_rocketlauncher
 17:30 say: None: yes
 17:31 Item: 1 ammo_rockets
 17:31 Item: 1 ammo_rockets
 17:34 say: vincent-vega: 17
 17:34 Item: 2 weapon_railgun
 17:37 Item: 3 ammo_slugs
 17:39 Item: 1 weapon_rocketlauncher
 17:40 Item: 3 weapon_railgun
 17:40 Kill: 2 3 6: ^4anomen killed None by MOD_ROCKET
 17:40 Item: 2 weapon_railgun
 17:44 Item: 1 weapon_shotgun
 17:44 Item: 2 item_health
 17:46 Item: 1 item_armor_shard
 17:46 Item: 1 item_armor_shard
 17:46 Item: 1 item_armor_shard
 17:46 Item: 1 item_armor_shard
 17:46 Item: 1 item_armor_shard
 17:46 Item: 1 item_armor_shard
 17:47 Item: 0 weapon_railgun
 17:47 Item: 1 item_armor_shard
 17:48 Kill: 2 0 6: ^4anomen killed vincent-vega by MOD_ROCKET
 17:49 Item: 3 weapon_plasmagun
 17:49 Item: 2 weapon_railgun
 17:50 Item: 1 weapon_shotgun
 17:51 Item: 2 weapon_rocketlauncher
 17:53 Item: 2 item_health_large
 17:53 Item: 3 weapon_railgun
 17:57 Kill: 1022 3 22: <world> killed None by MOD_TRIGGER_HURT
 18:01 Item: 0 item_armor_combat
 18:01 Kill: 0 2 3: vincent-vega killed ^4anomen by MOD_MACHINEGUN
 18:02 Item: 3 weapon_rocketlauncher
 18:04 Item: 0 ammo_shells
 18:04 Item: 0 ammo_bullets
 18:05 Item: 0 item_health
 18:05 Item: 0 item_health
 18:06 Item: 3 weapon_rocketlauncher
 18:08 Item: 2 weapon_rocketlauncher
 18:10 Item: 0 weapon_railgun
 18:11 Item: 2 ammo_bullets
 18:11 Item: 2 ammo_shells
 18:12 Item: 3 item_health
 18:14 Item: 2 weapon_rocketlauncher
 18:15 Item: 0 weapon_railgun
 18:15 Kill: 0 1 10: vincent-vega killed Bruno by MOD_RAILGUN
 18:20 Kill: 3 2 6: None killed ^4anomen by MOD_ROCKET
 18:21 Item: 0 item_health
 18:21 Item: 0 item_health
 18:24 Item: 1 ammo_bullets
 18:24 Item: 1 ammo_shells
 18:24 Item: 2 weapon_rocketlauncher
 18:25 Item: 2 weapon_rocketlauncher
 18:26 Item: 2 weapon_rocketlauncher
 18:28 Item: 3 weapon_railgun
 18:28 Item: 1 weapon_shotgun
 18:29 Item: 0 item_armor_body
 18:30 Item: 0 item_health
 18:32 Item: 3 ammo_cells
 18:32 Item: 0 item_armor_shard
 18:33 Item: 0 item_armor_shard
 18:33 Item: 0 item_armor_shard
 18:33 Item: 0 item_armor_shard
 18:33 Item: 0 item_armor_shard
 18:33 Item: 0 item_armor_shard
 18:33 Item: 0 item_armor_shard
 18:33 Kill: 2 3 7: ^4anomen killed None by MOD_ROCKET_SPLASH
 18:34 Item: 1 ammo_slugs
 18:35 Item: 0 weapon_shotgun
 18:37 Item: 0 weapon_rocketlauncher
 18:38 Item: 1 item_health
 18:39 Item: 2 weapon_railgun
 18:40 Item: 0 item_armor_shard
 18:40 Item: 0 item_armor_shard
 18:40 Item: 0 item_armor_shard
 18:42 Item: 1 item_armor_shard
 18:43 Item: 1 item_armor_shard
 18:44 Item: 1 item_armor_shard
 18:44 Item: 1 item_armor_shard
 18:45 Item: 2 weapon_rocketlauncher
 18:47 Kill: 2 0 6: ^4anomen killed vincent-vega by MOD_ROCKET
 18:47 Item: 2 weapon_rocketlauncher
 18:47 Item: 2 item_armor_combat
 18:51 Item: 2 weapon_rocketlauncher
 18:52 Item: 0 ammo_bullets
 18:52 Item: 0 ammo_shells
 18:52 Item: 1 weapon_railgun
 18:53 Item: 3 item_health
 18:53 Item: 2 ammo_bullets
 18:54 Item: 2 ammo_shells
 18:54 Item: 2 item_health
 18:56 Item: 3 ammo_bullets
 18:56 Item: 3 ammo_shells
 18:57 Item: 2 item_health
 19:00 Item: 0 weapon_rocketlauncher
 19:01 Item: 1 item_armor_shard
 19:01 Item: 1 item_armor_shard
 19:01 Item: 1 item_armor_shard
 19:01 Item: 1 item_armor_shard
 19:01 Item: 1 item_armor_shard
 19:02 Item: 1 item_armor_shard
 19:02 Item: 2 weapon_railgun
 19:06 Item: 1 ammo_bullets
 19:06 Item: 1 ammo_shells
 19:06 Item: 2 weapon_rocketlauncher
 19:09 Item: 0 weapon_railgun
 19:09 Item: 3 weapon_shotgun
 19:13 Item: 2 weapon_rocketlauncher
 19:16 Item: 0 item_armor_body
 19:19 Item: 2 weapon_rocketlauncher
 19:20 Item: 1 item_armor_combat
 19:21 Item: 0 item_health
 19:23 Kill: 0 3 10: vincent-vega killed None by MOD_RAILGUN
 19:26 Item: 0 item_health
 19:27 Item: 2 weapon_rocketlauncher
 19:27 Item: 2 weapon_shotgun
 19:28 Kill: 0 2 10: vincent-vega killed ^4anomen by MOD_RAILGUN
 19:32 Item: 1 weapon_rocketlauncher
 19:32 Item: 2 ammo_rockets
 19:32 Item: 2 ammo_rockets
 19:34 Item: 0 weapon_rocketlauncher
 19:37 Item: 3 item_health
 19:38 Item: 3 item_health
 19:39 Kill: 0 3 7: vincent-vega killed None by MOD_ROCKET_SPLASH
 19:41 Item: 2 weapon_rocketlauncher
 19:42 Item: 1 item_health
 19:42 Item: 1 item_health
 19:43 Item: 2 item_armor_shard
 19:43 Item: 2 item_armor_shard
 19:43 Item: 2 item_armor_shard
 19:43 Item: 2 item_armor_shard
 19:43 Item: 2 item_armor_shard
 19:43 Item: 2 item_armor_shard
 19:44 Item: 3 ammo_bullets
 19:45 Item: 1 item_health
 19:45 Item: 2 item_armor_body
 19:47 Item: 3 item_armor_shard
 19:49 Item: 2 weapon_railgun
 19:49 Item: 3 weapon_shotgun
 19:49 Item: 0 item_armor_combat
 19:49 Item: 1 ammo_shells
 19:50 Item: 0 item_health_large
 19:50 Item: 3 weapon_rocketlauncher
 19:50 Item: 1 ammo_shells
 19:51 Kill: 2 3 7: ^4anomen killed None by MOD_ROCKET_SPLASH
 19:52 Item: 0 ammo_bullets
 19:55 Item: 2 weapon_rocketlauncher
 19:57 Item: 0 ammo_slugs
 20:00 Item: 3 weapon_rocketlauncher
 20:00 Item: 0 weapon_railgun
 20:02 Kill: 2 3 6: ^4anomen killed None by MOD_ROCKET
 20:03 Kill: 1022 1 22: <world> killed Bruno by MOD_TRIGGER_HURT
 20:04 Item: 3 ammo_cells
 20:05 Item: 0 weapon_railgun
 20:07 Item: 2 weapon_rocketlauncher
 20:09 Item: 3 ammo_shells
 20:09 Item: 1 weapon_rocketlauncher
 20:10 Item: 0 weapon_railgun
 20:13 Item: 2 weapon_shotgun
 20:14 Item: 1 ammo_bullets
 20:16 Item: 3 weapon_rocketlauncher
 20:17 Item: 2 item_health
 20:20 Item: 3 item_health_large
 20:21 Item: 3 ammo_shells
 20:21 Item: 2 ammo_cells
 20:21 Item: 0 item_health
 20:21 Item: 0 item_health
 20:22 Item: 0 ammo_bullets
 20:24 Item: 2 item_armor_body
 20:25 Item: 0 weapon_shotgun
 20:26 Kill: 2 1 7: ^4anomen killed Bruno by MOD_ROCKET_SPLASH
 20:27 Item: 0 weapon_rocketlauncher
 20:29 Item: 3 weapon_rocketlauncher
 20:31 Item: 1 ammo_bullets
 20:31 Item: 0 item_armor_combat
 20:32 Item: 3 weapon_railgun
 20:32 Item: 0 item_health_large
 20:37 Item: 3 item_armor_shard
 20:37 Item: 3 item_armor_shard
 20:37 Item: 3 item_armor_shard
 20:37 Item: 3 item_armor_shard
 20:37 Item: 3 item_armor_shard
 20:37 Item: 1 weapon_rocketlauncher
 20:37 Item: 2 weapon_shotgun
 20:37 Item: 3 item_armor_shard
 20:38 Item: 3 item_armor_shard
 20:38 Item: 0 ammo_slugs
 20:40 Item: 0 weapon_railgun
 20:41 Item: 3 item_armor_shard
 20:41 Item: 3 item_armor_shard
 20:42 Item: 3 item_armor_shard
 20:42 Item: 3 item_armor_shard
 20:42 Item: 3 item_armor_shard
 20:42 Item: 3 item_armor_shard
 20:42 Item: 3 item_armor_shard
 20:44 Item: 2 weapon_rocketlauncher
 20:47 Item: 3 weapon_shotgun
 20:49 Item: 0 item_health
 20:51 Kill: 2 3 10: ^4anomen killed None by MOD_RAILGUN
 20:53 Item: 2 weapon_shotgun
 20:54 Item: 0 weapon_railgun
 20:55 Item: 1 weapon_rocketlauncher
 20:59 Item: 1 item_armor_combat
 20:59 Item: 2 item_health_large
 21:01 Item: 0 weapon_railgun
 21:04 Item: 2 weapon_rocketlauncher
 21:08 Item: 0 weapon_railgun
 21:09 Item: 1 item_health
 21:14 Item: 1 ammo_cells
 21:14 Item: 1 ammo_cells
 21:17 Item: 0 item_armor_body
 21:18 Item: 3 weapon_rocketlauncher
 21:19 Item: 2 item_health
 21:20 Item: 3 item_health_large
 21:21 Item: 3 ammo_shells
 21:22 Kill: 0 2 7: vincent-vega killed ^4anomen by MOD_ROCKET_SPLASH
 21:22 Item: 3 item_health
 21:22 Item: 3 item_health
 21:22 Item: 0 weapon_rocketlauncher
 21:23 Item: 3 ammo_bullets
 21:27 Item: 0 item_health
 21:27 Item: 1 item_armor_shard
 21:27 Item: 1 item_armor_shard
 21:27 Item: 3 ammo_slugs
 21:28 Item: 1 item_armor_shard
 21:28 Item: 1 item_armor_shard
 21:28 Item: 1 item_armor_shard
 21:28 Item: 1 item_armor_shard
 21:28 Item: 1 item_armor_shard
 21:30 Item: 0 item_armor_combat
 21:30 Item: 1 item_health
 21:32 Item: 1 ammo_bullets
 21:32 Item: 1 ammo_shells
 21:33 Item: 2 weapon_rocketlauncher
 21:34 Item: 0 ammo_shells
 21:36 Item: 0 item_health
 21:38 Item: 2 weapon_shotgun
 21:39 Kill: 0 1 6: vincent-vega killed Bruno by MOD_ROCKET
 21:40 Item: 3 item_health
 21:41 Item: 0 item_health
 21:41 Item: 0 item_health
 21:45 Item: 2 weapon_railgun
 21:46 Item: 0 ammo_shells
 21:47 Item: 1 weapon_rocketlauncher
 21:48 Kill: 3 2 6: None killed ^4anomen by MOD_ROCKET
 21:49 Item: 3 weapon_shotgun
 21:52 Item: 1 weapon_railgun
 21:53 Item: 3 item_health
 21:55 Item: 2 ammo_rockets
 21:55 Item: 2 ammo_rockets
 21:56 Item: 1 item_armor_shard
 21:57 Kill: 0 2 1: vincent-vega killed ^4anomen by MOD_SHOTGUN
 21:59 Item: 3 weapon_rocketlauncher
 22:00 Item: 1 item_armor_body
 22:00 Item: 0 item_health
 22:02 Item: 3 item_armor_shard
 22:02 Item: 3 item_armor_shard
 22:02 Item: 2 weapon_rocketlauncher
 22:02 Item: 3 item_armor_shard
 22:02 Item: 3 item_armor_shard
 22:02 Item: 3 item_armor_shard
 22:02 Item: 3 item_armor_shard
 22:03 Item: 1 item_health
 22:04 Item: 2 ammo_shells
 22:04 Item: 2 ammo_bullets
 22:04 Item: 0 item_health
 22:06 Item: 1 item_health
 22:07 Item: 2 item_armor_combat
 22:10 Item: 2 weapon_rocketlauncher
 22:10 Item: 1 ammo_slugs
 22:13 Item: 2 item_armor_shard
 22:14 Item: 0 item_health
 22:15 Item: 1 weapon_railgun
 22:20 Item: 1 item_health
 22:20 Item: 1 item_health
 22:25 Item: 2 weapon_rocketlauncher
 22:26 Kill: 0 1 1: vincent-vega killed Bruno by MOD_SHOTGUN
 22:27 Item: 0 ammo_cells
 22:27 Item: 0 ammo_cells
 22:28 Item: 0 item_armor_body
 22:30 Item: 0 item_armor_shard
 22:30 Item: 0 item_armor_shard
 22:30 Item: 0 item_armor_shard
 22:31 Item: 0 item_armor_shard
 22:31 Item: 0 item_armor_shard
 22:31 Item: 0 item_armor_shard
 22:31 Item: 0 item_armor_shard
 22:33 Item: 1 weapon_rocketlauncher
 22:33 Item: 0 item_armor_shard
 22:33 Item: 0 item_armor_shard
 22:34 Item: 0 item_armor_shard
 22:34 Item: 0 item_armor_shard
 22:34 Item: 0 item_armor_shard
 22:34 Item: 0 item_armor_shard
 22:38 Item: 2 weapon_shotgun
 22:40 Item: 0 weapon_railgun
 22:40 Item: 2 weapon_rocketlauncher
 22:45 Item: 2 ammo_bullets
 22:48 Item: 2 item_armor_combat
 22:49 Item: 3 item_health
 22:49 Item: 2 item_health_large
 22:50 Item: 0 weapon_railgun
 22:51 Item: 1 ammo_slugs
 22:52 Item: 2 item_health
 22:53 Item: 2 item_health
 22:53 Kill: 0 3 10: vincent-vega killed None by MOD_RAILGUN
 22:53 Item: 2 ammo_shells
 22:58 Item: 0 item_health
 23:03 Item: 1 weapon_rocketlauncher
 23:05 Item: 3 item_health_large
 23:06 Item: 2 item_health
 23:06 Item: 1 item_armor_shard
 23:06 Item: 1 item_armor_shard
 23:06 Item: 1 item_armor_shard
 23:07 Item: 1 item_armor_shard
 23:07 Item: 1 item_armor_shard
 23:08 Item: 0 ammo_shells
 23:09 Item: 1 weapon_shotgun
 23:09 Item: 0 item_health
 23:11 Item: 1 ammo_shells
 23:11 Item: 1 ammo_bullets
 23:14 Item: 0 weapon_railgun
 23:16 Kill: 1022 3 22: <world> killed None by MOD_TRIGGER_HURT
 23:17 Item: 1 weapon_rocketlauncher
 23:18 Item: 0 weapon_shotgun
 23:23 Item: 2 item_armor_body
 23:24 Item: 2 item_health
 23:25 Item: 0 weapon_rocketlauncher
 23:26 Item: 3 weapon_plasmagun
 23:27 Item: 2 weapon_railgun
 23:29 Kill: 0 1 6: vincent-vega killed Bruno by MOD_ROCKET
 23:31 Item: 0 item_health
 23:32 Item: 2 item_armor_combat
 23:33 Item: 1 ammo_bullets
 23:33 Kill: 0 3 10: vincent-vega killed None by MOD_RAILGUN
 23:35 Item: 1 weapon_plasmagun
 23:36 Item: 3 ammo_cells
 23:36 Item: 1 weapon_rocketlauncher
 23:36 Item: 3 ammo_cells
 23:38 Item: 1 weapon_shotgun
 23:41 Kill: 2 1 1: ^4anomen killed Bruno by MOD_SHOTGUN
 23:41 Kill: 0 3 7: vincent-vega killed None by MOD_ROCKET_SPLASH
 23:43 Item: 2 weapon_rocketlauncher
 23:46 Item: 3 weapon_rocketlauncher
 23:47 Item: 2 weapon_railgun
 23:47 Item: 3 item_armor_shard
 23:47 Item: 3 item_armor_shard
 23:48 Item: 1 item_armor_shard
 23:49 Kill: 0 2 10: vincent-vega killed ^4anomen by MOD_RAILGUN
 23:51 Kill: 3 1 6: None killed Bruno by MOD_ROCKET
 23:51 Item: 0 item_armor_body
 23:52 Item: 0 item_health
 23:53 Item: 3 ammo_shells
 23:53 Item: 3 ammo_bullets
 23:56 Item: 0 ammo_shells
 23:56 Item: 2 weapon_rocketlauncher
 23:57 Item: 0 ammo_shells
 23:59 Item: 2 item_armor_combat
 24:06 Item: 3 item_health
 24:07 Item: 3 item_health
 24:10 Item: 0 weapon_rocketlauncher
 24:11 Item: 3 ammo_slugs
 24:11 Item: 0 item_armor_shard
 24:11 Item: 0 item_armor_shard
 24:12 Item: 0 item_armor_shard
 24:12 Item: 0 item_armor_shard
 24:12 Item: 0 item_armor_shard
 24:13 Item: 3 weapon_railgun
 24:14 Item: 0 item_health
 24:15 Item: 0 item_health
 24:16 Item: 2 weapon_rocketlauncher
 24:21 Kill: 3 2 10: None killed ^4anomen by MOD_RAILGUN
 24:21 Item: 0 weapon_railgun
 24:21 Item: 1 ammo_bullets
 24:23 Item: 3 item_health
 24:23 Item: 3 item_health
 24:25 Item: 3 ammo_bullets
 24:26 Item: 3 item_health
 24:28 Item: 1 item_health
 24:29 Kill: 1022 0 22: <world> killed vincent-vega by MOD_TRIGGER_HURT
 24:31 Item: 1 weapon_rocketlauncher
 24:33 Item: 0 ammo_bullets
 24:33 Item: 0 ammo_shells
 24:33 Item: 2 weapon_railgun
 24:33 Item: 3 item_health
 24:34 Item: 3 ammo_bullets
 24:34 Item: 3 ammo_shells
 24:36 Item: 2 item_armor_body
 24:39 Item: 3 ammo_shells
 24:40 Item: 2 weapon_railgun
 24:44 Item: 2 weapon_rocketlauncher
 24:45 Kill: 2 1 10: ^4anomen killed Bruno by MOD_RAILGUN
 24:46 Item: 3 item_health
 24:47 Item: 2 item_health
 24:50 Item: 0 weapon_shotgun
 24:51 Item: 0 item_armor_shard
 24:52 Item: 0 item_armor_shard
 24:52 Item: 3 weapon_rocketlauncher
 24:52 Item: 0 item_armor_shard
 24:52 Item: 0 item_armor_shard
 24:52 Item: 0 item_armor_shard
 24:53 Item: 0 weapon_rocketlauncher
 24:54 Item: 0 item_armor_shard
 24:54 Item: 0 item_armor_shard
 24:55 Item: 1 item_armor_shard
 24:55 Item: 1 item_armor_shard
 24:56 Item: 1 item_armor_shard
 24:56 Item: 1 item_armor_shard
 24:56 Item: 1 item_armor_shard
 24:56 Item: 1 item_armor_shard
 24:56 Item: 0 ammo_slugs
 24:57 Item: 2 weapon_shotgun
 24:59 Item: 3 item_health_large
 24:59 Item: 0 weapon_railgun
 25:04 Item: 3 item_health_large
 25:05 Item: 2 weapon_rocketlauncher
 25:08 Item: 1 item_health
 25:10 Item: 0 item_armor_body
 25:10 Item: 2 item_armor_combat
 25:12 Item: 1 weapon_rocketlauncher
 25:15 Item: 3 item_health
 25:16 Item: 0 item_health
 25:16 Item: 3 ammo_shells
 25:17 Item: 0 item_health
 25:17 Kill: 2 1 7: ^4anomen killed Bruno by MOD_ROCKET_SPLASH
 25:18 Item: 0 item_health
 25:18 Item: 2 weapon_rocketlauncher
 25:20 Item: 0 item_health
 25:21 Item: 0 ammo_shells
 25:21 Item: 0 ammo_bullets
 25:21 Item: 2 weapon_plasmagun
 25:22 Item: 3 weapon_rocketlauncher
 25:22 Item: 0 ammo_bullets
 25:23 Item: 0 ammo_shells
 25:25 Item: 2 weapon_railgun
 25:28 Item: 0 weapon_rocketlauncher
 25:28 Item: 2 item_armor_shard
 25:29 Item: 2 item_armor_shard
 25:29 Kill: 3 1 6: None killed Bruno by MOD_ROCKET
 25:31 Item: 3 item_armor_shard
 25:31 Item: 2 item_health
 25:31 Item: 3 item_armor_shard
 25:31 Item: 3 item_armor_shard
 25:31 Item: 3 item_armor_shard
 25:32 Item: 3 item_armor_shard
 25:32 Item: 3 item_armor_shard
 25:32 Item: 3 item_armor_shard
 25:32 Item: 1 ammo_cells
 25:32 Item: 1 ammo_cells
 25:33 Item: 2 item_health
 25:33 Item: 2 item_health
 25:35 Item: 3 weapon_rocketlauncher
 25:36 Item: 0 item_armor_body
 25:41 Item: 2 item_armor_combat
 25:41 Item: 0 weapon_plasmagun
 25:42 Item: 3 ammo_shells
 25:42 Kill: 2 3 7: ^4anomen killed None by MOD_ROCKET_SPLASH
 25:42 Item: 1 ammo_slugs
 25:45 Item: 2 weapon_rocketlauncher
 25:45 Item: 0 item_health
 25:50 Item: 1 weapon_shotgun
 25:51 Item: 2 weapon_railgun
 25:53 Item: 3 weapon_rocketlauncher
 25:55 Item: 1 item_health
 25:56 Item: 2 item_armor_shard
 25:57 Kill: 0 1 6: vincent-vega killed Bruno by MOD_ROCKET
 25:58 Item: 2 item_health
 25:59 Item: 0 weapon_shotgun
 26:00 Item: 3 weapon_rocketlauncher
 26:01 Item: 1 weapon_rocketlauncher
 26:01 Item: 2 weapon_railgun
 26:03 Item: 1 ammo_bullets
 26:06 Item: 1 weapon_rocketlauncher
 26:07 Item: 1 item_health_large
 26:07 Kill: 1022 3 19: <world> killed None by MOD_FALLING
 26:09 Item: 2 weapon_railgun
 26:09 Item: 1 item_health
 26:09 Item: 1 item_health
 26:10 Item: 1 ammo_shells
 26:10 Item: 1 ammo_bullets
 26:11 Item: 1 ammo_shells
 26:12 Item: 0 ammo_rockets
 26:12 Item: 0 ammo_rockets
 26:13 Item: 2 item_armor_body
 26:14 Item: 2 item_health
 26:15 Item: 3 item_armor_combat
 26:15 Item: 2 item_health
 26:18 Item: 2 weapon_railgun
 26:18 Item: 0 item_health
 26:20 Item: 1 item_health
 26:22 Kill: 0 1 10: vincent-vega killed Bruno by MOD_RAILGUN
 26:22 Item: 0 ammo_cells
 26:23 Item: 0 ammo_cells
 26:24 Item: 2 weapon_rocketlauncher
 26:24 Item: 3 ammo_slugs
 26:26 Item: 3 weapon_railgun
 26:28 Item: 3 item_armor_shard
 26:28 Item: 1 weapon_rocketlauncher
 26:29 Item: 3 weapon_rocketlauncher
 26:30 Item: 3 item_armor_shard
 26:30 Item: 3 item_armor_shard
 26:30 Item: 3 item_armor_shard
 26:31 Item: 3 item_armor_shard
 26:31 Item: 3 item_armor_shard
 26:31 Item: 3 item_armor_shard
 26:32 Item: 3 item_armor_shard
 26:32 Kill: 1022 2 22: <world> killed ^4anomen by MOD_TRIGGER_HURT
 26:37 Item: 2 weapon_rocketlauncher
 26:37 Item: 3 item_armor_shard
 26:37 Item: 3 item_armor_shard
 26:37 Item: 3 item_armor_shard
 26:37 Item: 3 item_armor_shard
 26:38 Item: 3 item_armor_shard
 26:39 Item: 3 ammo_shells
 26:40 Item: 3 ammo_bullets
 26:43 Item: 2 item_armor_combat
 26:44 Kill: 0 1 8: vincent-vega killed Bruno by MOD_PLASMA
 26:47 Item: 0 item_armor_body
 26:48 Item: 1 ammo_bullets
 26:48 Item: 1 ammo_shells
 26:50 Item: 1 ammo_bullets
 26:50 Item: 1 ammo_shells
 26:51 Item: 2 weapon_railgun
 26:52 Item: 1 ammo_shells
 26:53 Item: 2 weapon_shotgun
 26:55 Item: 0 weapon_rocketlauncher
 26:57 Item: 2 item_health
 26:57 Item: 2 item_health
 26:57 Kill: 0 2 6: vincent-vega killed ^4anomen by MOD_ROCKET
 26:59 Item: 1 item_health
 27:00 Item: 0 item_health
 27:04 Item: 0 weapon_rocketlauncher
 27:04 Item: 2 weapon_railgun
 27:05 Item: 3 item_armor_shard
 27:05 Item: 3 item_armor_shard
 27:08 Item: 1 item_health
 27:08 Item: 1 item_health
 27:08 Item: 3 ammo_bullets
 27:10 Item: 3 ammo_slugs
 27:11 Item: 2 item_health
 27:11 Item: 2 item_health
 27:12 Item: 3 weapon_railgun
 27:14 Item: 3 item_armor_shard
 27:14 Item: 2 weapon_rocketlauncher
 27:14 Item: 3 item_armor_shard
 27:14 Item: 3 item_armor_shard
 27:15 Item: 3 item_armor_shard
 27:15 Item: 3 item_armor_shard
 27:15 Item: 3 item_armor_shard
 27:15 Item: 3 item_armor_shard
 27:16 Item: 1 item_armor_shard
 27:17 Item: 1 item_armor_shard
 27:17 Item: 1 item_armor_shard
 27:17 Item: 3 item_armor_body
 27:17 Item: 1 item_armor_shard
 27:17 Item: 1 item_armor_shard
 27:18 Item: 2 item_armor_combat
 27:18 Kill: 1022 0 22: <world> killed vincent-vega by MOD_TRIGGER_HURT
 27:21 Item: 2 weapon_rocketlauncher
 27:23 Item: 3 item_health
 27:24 Item: 0 weapon_railgun
 27:25 Item: 2 item_health_large
 27:29 Item: 1 weapon_shotgun
 27:29 Item: 2 weapon_rocketlauncher
 27:31 Item: 0 item_armor_shard
 27:31 Item: 0 item_armor_shard
 27:36 Item: 0 weapon_railgun
 27:37 Item: 1 item_health
 27:39 Item: 3 item_health
 27:40 Item: 2 ammo_cells
 27:40 Item: 2 ammo_cells
 27:43 Item: 3 weapon_rocketlauncher
 27:48 Item: 0 item_armor_combat
 27:51 Item: 0 weapon_rocketlauncher
 27:52 Item: 1 item_health
 27:52 Item: 1 item_health
 27:53 Item: 1 ammo_bullets
 27:53 Item: 1 ammo_shells
 27:54 Item: 2 item_armor_body
 27:55 Item: 1 ammo_bullets
 27:55 Item: 1 ammo_shells
 27:55 Item: 2 item_health
 28:00 Item: 1 weapon_rocketlauncher
 28:01 Item: 2 item_health_large
 28:13 Item: 1 ammo_rockets
 28:13 Kill: 1 2 7: Bruno killed ^4anomen by MOD_ROCKET_SPLASH
 28:13 Item: 1 ammo_rockets
 28:15 Item: 3 item_health
 28:18 Item: 2 weapon_rocketlauncher
 28:19 Kill: 2 1 7: ^4anomen killed Bruno by MOD_ROCKET_SPLASH
 28:20 Item: 3 ammo_slugs
 28:20 Item: 2 item_armor_combat
 28:24 Item: 0 item_armor_body
 28:24 Item: 2 weapon_rocketlauncher
 28:28 Item: 2 weapon_railgun
 28:36 Item: 2 weapon_rocketlauncher
 28:36 Kill: 1022 1 22: <world> killed Bruno by MOD_TRIGGER_HURT
 28:37 Item: 0 item_health
 28:39 Item: 2 weapon_rocketlauncher
 28:40 Kill: 0 2 7: vincent-vega killed ^4anomen by MOD_ROCKET_SPLASH
 28:40 Item: 0 weapon_rocketlauncher
 28:41 Item: 1 ammo_bullets
 28:41 Item: 1 ammo_shells
 28:42 Item: 3 item_armor_shard
 28:42 Item: 3 item_armor_shard
 28:42 Item: 3 item_armor_shard
 28:42 Item: 3 item_armor_shard
 28:42 Item: 3 item_armor_shard
 28:42 Item: 3 item_armor_shard
 28:42 Item: 3 item_armor_shard
 28:43 Item: 1 ammo_bullets
 28:43 Item: 1 ammo_shells
 28:44 Item: 0 weapon_railgun
 28:48 Item: 1 item_health
 28:50 Item: 2 weapon_rocketlauncher
 28:52 Item: 1 item_health
 28:52 Item: 1 item_health
 28:54 Item: 1 ammo_shells
 28:55 Item: 3 item_health
 28:55 Item: 2 item_health_large
 28:56 Item: 1 weapon_shotgun
 28:57 Item: 3 item_health
 28:57 Item: 0 weapon_railgun
 28:58 Item: 1 item_armor_shard
 28:58 Item: 1 item_armor_shard
 28:58 Item: 1 item_armor_shard
 28:58 Item: 1 item_armor_shard
 28:58 Item: 1 item_armor_shard
 28:59 Item: 1 item_armor_shard
 28:59 Item: 1 item_armor_shard
 29:00 Item: 2 item_armor_combat
 29:01 Item: 3 weapon_rocketlauncher
 29:03 Kill: 2 3 7: ^4anomen killed None by MOD_ROCKET_SPLASH
 29:05 Item: 0 item_health
 29:05 Item: 0 item_health
 29:06 Item: 2 weapon_rocketlauncher
 29:07 Item: 3 ammo_bullets
 29:09 Item: 3 weapon_rocketlauncher
 29:12 Kill: 0 2 10: vincent-vega killed ^4anomen by MOD_RAILGUN
 29:12 Kill: 2 1 6: ^4anomen killed Bruno by MOD_ROCKET
 29:15 Item: 0 item_armor_body
 29:17 Item: 0 item_health
 29:17 Item: 3 weapon_shotgun
 29:17 Item: 1 ammo_cells
 29:17 Item: 1 ammo_cells
 29:17 Item: 3 weapon_rocketlauncher
 29:17 Item: 2 ammo_slugs
 29:20 Item: 2 weapon_railgun
 29:24 Item: 0 item_armor_shard
 29:24 Item: 0 item_armor_shard
 29:24 Item: 1 weapon_rocketlauncher
 29:24 Kill: 3 1 6: None killed Bruno by MOD_ROCKET
 29:25 Item: 0 item_armor_shard
 29:25 Item: 0 item_armor_shard
 29:25 Item: 0 item_armor_shard
 29:25 Item: 0 item_armor_shard
 29:25 Item: 0 item_armor_shard
 29:27 Item: 2 item_health
 29:28 Item: 2 item_health
 29:32 Item: 0 weapon_railgun
 29:34 Kill: 3 2 7: None killed ^4anomen by MOD_ROCKET_SPLASH
 29:37 Item: 2 ammo_shells
 29:38 Item: 3 weapon_railgun
 29:38 Item: 2 ammo_bullets
 29:38 Item: 1 weapon_shotgun
 29:39 Item: 3 item_health
 29:40 Item: 1 item_armor_shard
 29:40 Item: 3 item_health
 29:40 Item: 1 item_armor_shard
 29:40 Item: 1 item_armor_shard
 29:40 Item: 1 item_armor_shard
 29:40 Item: 1 item_armor_shard
 29:41 Item: 2 weapon_rocketlauncher
 29:41 Item: 1 item_armor_shard
 29:41 Item: 1 item_armor_shard
 29:42 Item: 2 weapon_rocketlauncher
 29:42 Kill: 0 3 10: vincent-vega killed None by MOD_RAILGUN
 29:43 Item: 2 item_armor_combat
 29:43 Item: 0 weapon_railgun
 29:46 Item: 2 weapon_rocketlauncher
 29:46 Item: 0 item_armor_body
 29:50 Item: 1 weapon_plasmagun
 29:51 Item: 2 weapon_railgun
 29:54 Item: 2 weapon_rocketlauncher
 29:55 Item: 1 item_health
 29:56 Item: 1 ammo_bullets
 29:56 Item: 1 ammo_shells
 29:57 Kill: 0 2 6: vincent-vega killed ^4anomen by MOD_ROCKET
 29:57 Item: 0 weapon_rocketlauncher
 29:58 Item: 3 ammo_shells
 29:59 Item: 2 ammo_cells
 29:59 Item: 2 ammo_cells
 30:00 Item: 0 item_health_large
 30:01 Item: 3 weapon_rocketlauncher
 30:05 Item: 2 weapon_railgun
 30:06 Kill: 0 1 6: vincent-vega killed Bruno by MOD_ROCKET
 30:09 Kill: 1022 0 22: <world> killed vincent-vega by MOD_TRIGGER_HURT
 30:10 Item: 2 weapon_railgun
 30:11 Item: 2 weapon_railgun
 30:15 Item: 0 weapon_rocketlauncher
 30:17 Item: 2 item_armor_body
 30:18 Item: 0 item_armor_shard
 30:18 Item: 0 item_armor_shard
 30:18 Item: 2 item_health
 30:18 Item: 0 item_armor_shard
 30:18 Item: 0 item_armor_shard
 30:19 Item: 0 item_armor_shard
 30:19 Item: 0 item_armor_shard
 30:19 Item: 0 item_armor_shard
 30:20 Item: 3 item_armor_combat
 30:21 Item: 2 weapon_railgun
 30:23 Item: 0 item_health
 30:23 Item: 0 item_health
 30:23 Item: 0 ammo_bullets
 30:25 Item: 3 item_health
 30:26 Kill: 0 3 6: vincent-vega killed None by MOD_ROCKET
 30:27 Item: 0 item_health
 30:27 Item: 0 item_health
 30:30 Item: 1 ammo_shells
 30:30 Item: 1 ammo_bullets
 30:35 Item: 0 weapon_rocketlauncher
 30:36 Item: 2 item_health
 30:37 Item: 2 item_health
 30:39 Kill: 2 0 10: ^4anomen killed vincent-vega by MOD_RAILGUN
 30:40 Item: 1 item_armor_shard
 30:40 Item: 1 item_armor_shard
 30:40 Item: 1 item_armor_shard
 30:41 Item: 1 item_armor_shard
 30:41 Item: 3 weapon_rocketlauncher
 30:41 Item: 1 item_armor_shard
 30:41 Item: 1 item_armor_shard
 30:41 Item: 1 item_armor_shard
 30:42 Item: 2 weapon_rocketlauncher
 30:43 Item: 1 item_armor_body
 30:46 Item: 2 item_health
 30:47 Item: 2 ammo_slugs
 30:47 Item: 1 item_health
 30:48 Item: 0 item_armor_combat
 30:49 Item: 1 ammo_shells
 30:50 Item: 2 item_armor_shard
 30:50 Item: 2 item_armor_shard
 30:50 Item: 2 item_armor_shard
 30:50 Item: 2 item_armor_shard
 30:51 Item: 2 item_armor_shard
 30:51 Item: 2 item_armor_shard
 30:51 Item: 2 item_armor_shard
 30:51 Item: 0 weapon_rocketlauncher
 30:54 Item: 1 weapon_railgun
 30:55 Item: 2 item_health
 30:56 Item: 2 item_health
 30:56 Item: 3 weapon_rocketlauncher
 30:56 Kill: 1022 0 22: <world> killed vincent-vega by MOD_TRIGGER_HURT
 31:01 Item: 2 weapon_railgun
 31:03 Item: 3 item_health
 31:03 Item: 3 item_health
 31:04 Item: 2 item_health
 31:04 Item: 3 item_health
 31:04 Item: 3 item_health
 31:04 Item: 0 weapon_rocketlauncher
 31:05 Item: 3 ammo_shells
 31:07 Item: 2 ammo_bullets
 31:08 Item: 1 item_health
 31:09 Kill: 2 1 6: ^4anomen killed Bruno by MOD_ROCKET
 31:09 Item: 2 ammo_bullets
 31:10 Item: 0 ammo_rockets
 31:10 Item: 0 ammo_rockets
 31:10 Item: 2 item_health
 31:11 Item: 2 ammo_shells
 31:15 Item: 3 weapon_railgun
 31:15 Item: 0 item_armor_combat
 31:18 Item: 3 item_health
 31:20 Item: 0 item_armor_shard
 31:20 Item: 0 item_armor_shard
 31:20 Item: 0 item_armor_shard
 31:20 Item: 0 item_armor_shard
 31:21 Item: 0 item_armor_shard
 31:22 Item: 0 item_armor_shard
 31:22 Item: 3 weapon_rocketlauncher
 31:22 Item: 0 item_armor_shard
 31:24 Item: 0 item_health
 31:27 Item: 0 item_armor_body
 31:27 Item: 3 weapon_rocketlauncher
 31:29 Item: 3 item_health_large
 31:32 Kill: 3 2 7: None killed ^4anomen by MOD_ROCKET_SPLASH
 31:32 Item: 1 ammo_cells
 31:32 Item: 1 ammo_cells
 31:36 Item: 2 ammo_slugs
 31:36 Item: 1 weapon_plasmagun
 31:38 Item: 0 weapon_railgun
 31:42 Item: 1 item_health
 31:42 Item: 2 weapon_plasmagun
 31:43 Item: 1 ammo_shells
 31:45 Kill: 0 3 10: vincent-vega killed None by MOD_RAILGUN
 31:46 Item: 2 weapon_railgun
 31:49 Item: 0 item_health
 31:49 Item: 0 item_health
 31:50 Item: 3 weapon_rocketlauncher
 31:53 Item: 2 item_health
 31:55 Kill: 0 3 10: vincent-vega killed None by MOD_RAILGUN
 31:55 Item: 1 item_armor_shard
 31:55 Item: 1 item_armor_shard
 31:56 Item: 1 item_armor_shard
 31:56 Item: 1 item_armor_shard
 31:56 Item: 1 item_armor_shard
 31:56 Item: 1 item_armor_shard
 31:56 Item: 1 item_armor_shard
 31:59 Item: 2 weapon_railgun
 32:00 Item: 1 weapon_shotgun
 32:02 Item: 0 item_health
 32:02 Item: 2 item_armor_combat
 32:03 Item: 3 weapon_rocketlauncher
 32:05 Item: 2 weapon_rocketlauncher
 32:06 Item: 3 weapon_shotgun
 32:08 Item: 1 item_health
 32:10 Item: 0 item_armor_body
 32:11 Item: 0 item_health
 32:12 Item: 1 item_health
 32:14 Item: 1 ammo_bullets
 32:14 Item: 1 ammo_shells
 32:15 Item: 3 weapon_shotgun
 32:18 Item: 2 item_health
 32:18 Item: 0 ammo_rockets
 32:18 Item: 0 ammo_rockets
 32:19 Kill: 0 3 10: vincent-vega killed None by MOD_RAILGUN
 32:19 Item: 2 ammo_bullets
 32:22 Item: 2 weapon_shotgun
 32:24 Item: 3 ammo_slugs
 32:26 Item: 1 item_armor_shard
 32:26 Item: 1 item_armor_shard
 32:26 Item: 1 item_armor_shard
 32:26 Item: 1 item_armor_shard
 32:26 Item: 2 weapon_shotgun
 32:26 Item: 1 item_armor_shard
 32:26 Item: 2 weapon_rocketlauncher
 32:26 Item: 1 item_armor_shard
 32:26 Item: 3 weapon_railgun
 32:26 Item: 1 item_armor_shard
 32:28 Item: 2 item_health
 32:31 Item: 1 weapon_plasmagun
 32:32 Item: 0 item_armor_combat
 32:34 Item: 3 item_health
 32:35 Item: 1 item_health
 32:36 Item: 2 weapon_rocketlauncher
 32:39 Item: 3 item_health_large
 32:40 Item: 3 ammo_shells
 32:42 Item: 2 weapon_rocketlauncher
 32:44 Item: 3 item_health_large
 32:45 Item: 3 ammo_bullets
 32:48 Item: 2 item_health
 32:48 Item: 2 item_health
 32:49 Item: 2 ammo_shells
 32:49 Item: 2 ammo_bullets
 32:50 Kill: 0 3 6: vincent-vega killed None by MOD_ROCKET
 32:51 Item: 2 item_health
 32:52 Item: 2 item_health
 32:53 Kill: 0 1 10: vincent-vega killed Bruno by MOD_RAILGUN
 32:55 Item: 2 weapon_railgun
 32:55 Item: 3 ammo_cells
 32:55 Item: 3 ammo_cells
 33:00 Item: 0 item_armor_body
 33:02 Item: 3 weapon_railgun
 33:03 Item: 2 item_health
 33:04 Item: 3 weapon_rocketlauncher
 33:05 Item: 0 ammo_slugs
 33:06 Item: 2 ammo_bullets
 33:06 Item: 2 ammo_shells
 33:08 Item: 0 weapon_railgun
 33:12 Item: 2 weapon_rocketlauncher
 33:13 Item: 3 weapon_railgun
 33:15 Item: 1 weapon_shotgun
 33:16 Item: 0 item_armor_shard
 33:16 Item: 0 item_armor_shard
 33:17 Item: 0 item_armor_shard
 33:17 Item: 0 item_armor_shard
 33:17 Item: 0 item_armor_shard
 33:17 Item: 2 item_armor_combat
 33:17 Item: 0 item_armor_shard
 33:18 Item: 2 weapon_shotgun
 33:19 Kill: 1022 3 19: <world> killed None by MOD_FALLING
 33:21 Item: 1 weapon_shotgun
 33:23 Item: 2 weapon_rocketlauncher
 33:24 Item: 0 weapon_railgun
 33:26 Item: 1 item_armor_shard
 33:27 Item: 1 item_armor_shard
 33:27 Item: 1 item_armor_shard
 33:27 Item: 1 item_armor_shard
 33:27 Item: 1 item_armor_shard
 33:27 Item: 1 item_armor_shard
 33:28 Item: 2 weapon_rocketlauncher
 33:28 Item: 1 item_armor_shard
 33:31 Item: 2 item_health
 33:31 Item: 0 weapon_railgun
 33:32 Kill: 2 3 10: ^4anomen killed None by MOD_RAILGUN
 33:35 Item: 3 ammo_bullets
 33:35 Item: 3 ammo_shells
 33:37 Item: 1 weapon_rocketlauncher
 33:37 Item: 2 item_armor_body
 33:37 Item: 0 weapon_railgun
 33:40 Kill: 0 1 10: vincent-vega killed Bruno by MOD_RAILGUN
 33:40 Item: 3 weapon_rocketlauncher
 33:41 Item: 2 weapon_plasmagun
 33:42 Item: 2 item_armor_shard
 33:43 Item: 2 item_armor_shard
 33:43 Item: 2 item_armor_shard
 33:43 Item: 2 item_armor_shard
 33:43 Item: 2 item_armor_shard
 33:43 Item: 2 item_armor_shard
 33:43 Item: 2 item_armor_shard
 33:44 Item: 3 item_health
 33:45 Item: 3 item_health
 33:46 Item: 2 weapon_rocketlauncher
 33:51 Item: 2 weapon_railgun
 33:53 Item: 0 weapon_shotgun
 33:55 Item: 2 weapon_rocketlauncher
 33:56 Kill: 0 3 10: vincent-vega killed None by MOD_RAILGUN
 33:56 Item: 2 item_health_large
 33:57 Item: 0 item_health
 34:00 Item: 0 ammo_slugs
 34:01 Item: 2 item_armor_combat
 34:02 Item: 0 item_health
 34:02 Item: 0 item_health
 34:02 Item: 0 ammo_bullets
 34:02 Item: 0 ammo_shells
 34:05 Item: 3 weapon_railgun
 34:05 Item: 0 ammo_bullets
 34:05 Item: 0 ammo_shells
 34:06 Item: 2 weapon_rocketlauncher
 34:14 Item: 3 item_armor_shard
 34:15 Item: 3 item_armor_shard
 34:15 Item: 3 item_armor_shard
 34:15 Item: 3 item_armor_shard
 34:17 Item: 0 ammo_rockets
 34:17 Kill: 0 2 7: vincent-vega killed ^4anomen by MOD_ROCKET_SPLASH
 34:17 say: Bruno: Have to go
 34:17 Item: 0 ammo_rockets
 34:17 Item: 3 weapon_shotgun
 34:19 Kill: 0 1 7: vincent-vega killed Bruno by MOD_ROCKET_SPLASH
 34:21 Item: 0 item_health
 34:21 say: Bruno:  Have fun :)
 34:25 Kill: 1022 3 22: <world> killed None by MOD_TRIGGER_HURT
 34:25 Item: 2 weapon_railgun
 34:28 ClientDisconnect: 1
 34:28 Item: 0 item_health
 34:30 Item: 2 item_armor_shard
 34:30 Item: 2 item_armor_shard
 34:32 Item: 2 weapon_shotgun
 34:32 Item: 0 item_armor_combat
 34:34 Item: 2 weapon_rocketlauncher
 34:37 Kill: 2 3 1: ^4anomen killed None by MOD_SHOTGUN
 34:39 Item: 2 weapon_rocketlauncher
 34:47 Item: 0 weapon_railgun
 34:50 Item: 2 item_health
 34:51 Item: 2 ammo_bullets
 34:51 Item: 2 ammo_shells
 34:51 Item: 0 item_armor_body
 34:53 Item: 3 weapon_rocketlauncher
 34:55 Item: 0 weapon_railgun
 34:57 Kill: 3 3 7: None killed None by MOD_ROCKET_SPLASH
 35:01 Kill: 2 0 7: ^4anomen killed vincent-vega by MOD_ROCKET_SPLASH
 35:03 Item: 2 item_armor_shard
 35:03 Item: 2 item_armor_shard
 35:03 Item: 2 item_armor_shard
 35:03 Item: 2 item_armor_shard
 35:03 Item: 2 item_armor_shard
 35:03 Item: 2 item_armor_shard
 35:04 Item: 2 item_armor_shard
 35:04 Item: 3 weapon_rocketlauncher
 35:06 Item: 3 ammo_bullets
 35:06 Item: 3 ammo_shells
 35:06 Item: 2 item_health
 35:09 Item: 2 weapon_railgun
 35:10 Item: 0 ammo_rockets
 35:10 Item: 0 ammo_rockets
 35:14 Item: 2 item_health
 35:19 Item: 2 weapon_plasmagun
 35:23 Item: 2 item_armor_body
 35:25 Item: 0 weapon_rocketlauncher
 35:28 Item: 3 item_health
 35:28 Item: 2 ammo_bullets
 35:28 Item: 2 ammo_shells
 35:29 Item: 2 item_health
 35:29 Item: 2 item_health
 35:30 Item: 0 item_armor_combat
 35:31 Item: 3 weapon_railgun
 35:37 Item: 3 item_armor_shard
 35:37 Item: 3 item_armor_shard
 35:37 Item: 3 item_armor_shard
 35:38 Item: 3 item_armor_shard
 35:38 Item: 3 item_armor_shard
 35:40 Item: 3 weapon_shotgun
 35:41 Item: 2 item_health
 35:42 Item: 2 ammo_shells
 35:42 Item: 3 weapon_rocketlauncher
 35:42 Item: 2 ammo_bullets
 35:48 Item: 0 item_health
 35:51 Item: 0 ammo_cells
 35:51 Item: 0 ammo_cells
 35:52 Item: 3 item_health
 35:55 Item: 2 item_health
 35:55 Item: 2 item_health
 35:56 Kill: 1022 0 22: <world> killed vincent-vega by MOD_TRIGGER_HURT
 35:58 Item: 3 weapon_railgun
 35:59 Item: 2 weapon_plasmagun
 36:03 Item: 0 item_armor_body
 36:03 Item: 2 weapon_railgun
 36:04 Kill: 3 2 10: None killed ^4anomen by MOD_RAILGUN
 36:06 Item: 0 weapon_plasmagun
 36:09 Item: 2 weapon_rocketlauncher
 36:09 Item: 0 weapon_plasmagun
 36:14 Item: 2 item_armor_combat
 36:21 Item: 0 weapon_rocketlauncher
 36:22 Item: 3 item_armor_shard
 36:22 Item: 3 item_armor_shard
 36:22 Item: 3 item_armor_shard
 36:23 Item: 3 item_armor_shard
 36:23 Item: 3 item_armor_shard
 36:23 Item: 3 item_armor_shard
 36:23 Item: 3 item_armor_shard
 36:23 Kill: 2 0 6: ^4anomen killed vincent-vega by MOD_ROCKET
 36:24 Item: 2 weapon_rocketlauncher
 36:28 Item: 0 weapon_rocketlauncher
 36:29 Item: 3 weapon_railgun
 36:34 Kill: 3 0 10: None killed vincent-vega by MOD_RAILGUN
 36:35 Item: 3 weapon_railgun
 36:38 Item: 2 item_health
 36:39 Item: 0 ammo_bullets
 36:39 Item: 2 ammo_shells
 36:39 Item: 0 ammo_shells
 36:39 Item: 2 ammo_bullets
 36:40 Item: 3 weapon_railgun
 36:41 Item: 0 ammo_bullets
 36:41 Item: 0 ammo_shells
 36:42 Item: 0 ammo_slugs
 36:44 Kill: 2 3 6: ^4anomen killed None by MOD_ROCKET
 36:46 Item: 2 weapon_railgun
 36:49 Item: 3 weapon_rocketlauncher
 36:51 Item: 2 item_armor_body
 36:52 Item: 2 item_health
 36:56 Item: 2 weapon_railgun
 36:58 Item: 2 item_armor_shard
 36:59 Item: 2 item_armor_shard
 36:59 Item: 2 item_armor_shard
 36:59 Item: 2 item_armor_shard
 36:59 Item: 2 item_armor_shard
 37:00 Item: 3 weapon_rocketlauncher
 37:02 Item: 0 item_armor_combat
 37:02 Item: 0 weapon_rocketlauncher
 37:04 Item: 2 weapon_railgun
 37:10 Item: 2 item_health
 37:12 Item: 2 item_health
 37:12 Kill: 1022 0 22: <world> killed vincent-vega by MOD_TRIGGER_HURT
 37:12 Item: 2 item_health
 37:16 Item: 2 weapon_railgun
 37:16 Item: 3 item_health
 37:16 Item: 3 item_health
 37:17 Item: 0 ammo_bullets
 37:17 Item: 0 ammo_shells
 37:19 Item: 3 item_armor_body
 37:23 Item: 2 weapon_railgun
 37:24 Kill: 3 2 7: None killed ^4anomen by MOD_ROCKET_SPLASH
 37:24 Item: 0 weapon_plasmagun
 37:24 Item: 3 weapon_railgun
 37:26 Item: 3 weapon_rocketlauncher
 37:27 Item: 0 item_health
 37:27 Item: 0 item_health
 37:28 Item: 0 ammo_bullets
 37:28 Item: 0 ammo_shells
 37:30 Item: 0 ammo_shells
 37:30 Item: 0 ammo_bullets
 37:30 Item: 2 item_armor_combat
 37:36 Item: 2 weapon_rocketlauncher
 37:36 Item: 0 item_health
 37:36 Item: 0 item_health
 37:39 Item: 0 ammo_slugs
 37:41 Item: 0 weapon_railgun
 37:41 Kill: 2 0 6: ^4anomen killed vincent-vega by MOD_ROCKET
 37:42 Item: 3 ammo_bullets
 37:42 Item: 3 ammo_shells
 37:46 Item: 2 item_health
 37:46 Item: 0 ammo_rockets
 37:47 Item: 0 ammo_rockets
 37:47 Item: 2 item_health
 37:48 Item: 2 item_health
 37:51 Item: 2 item_armor_body
 37:55 Item: 2 weapon_railgun
 37:58 Item: 0 ammo_bullets
 37:58 Item: 0 ammo_shells
 37:59 Item: 3 item_health
 37:59 Item: 3 item_health
 38:01 Item: 2 item_armor_combat
 38:03 Item: 0 weapon_shotgun
 38:03 Item: 0 weapon_railgun
 38:04 Item: 2 weapon_rocketlauncher
 38:05 Item: 3 weapon_railgun
 38:07 Kill: 2 0 6: ^4anomen killed vincent-vega by MOD_ROCKET
 38:07 Item: 2 weapon_railgun
 38:09 Item: 2 item_health
 38:12 Item: 2 weapon_plasmagun
 38:13 Item: 3 weapon_rocketlauncher
 38:14 Item: 2 item_armor_shard
 38:14 Item: 2 item_armor_shard
 38:14 Item: 2 item_armor_shard
 38:14 Item: 2 item_armor_shard
 38:14 Item: 2 item_armor_shard
 38:15 Item: 2 item_armor_shard
 38:16 Item: 3 item_health
 38:22 Item: 3 weapon_railgun
 38:24 Item: 0 item_health
 38:24 Item: 0 item_health
 38:24 Item: 2 weapon_shotgun
 38:26 Item: 0 ammo_slugs
 38:29 Item: 0 weapon_railgun
 38:30 Item: 2 weapon_rocketlauncher
 38:33 Item: 2 item_health_large
 38:34 Item: 2 ammo_bullets
 38:36 Item: 0 item_armor_body
 38:37 Item: 0 item_health
 38:37 Item: 2 item_armor_combat
 38:41 Kill: 0 3 10: vincent-vega killed None by MOD_RAILGUN
 38:42 Item: 2 weapon_rocketlauncher
 38:49 Item: 2 item_health
 38:51 Item: 0 weapon_rocketlauncher
 38:52 Item: 2 weapon_rocketlauncher
 38:52 Item: 2 weapon_railgun
 38:55 Item: 0 item_health
 38:57 Item: 3 ammo_bullets
 38:57 Item: 3 ammo_shells
 38:59 Item: 0 ammo_cells
 38:59 Item: 0 ammo_cells
 39:00 Item: 3 weapon_shotgun
 39:04 Item: 0 item_armor_body
 39:04 Item: 3 weapon_rocketlauncher
 39:09 Item: 0 item_health
 39:14 Item: 0 item_health
 39:15 Item: 2 item_health
 39:15 Item: 2 item_health
 39:18 Item: 2 weapon_rocketlauncher
 39:21 Kill: 1022 3 22: <world> killed None by MOD_TRIGGER_HURT
 39:22 Item: 2 ammo_shells
 39:26 Item: 2 item_armor_combat
 39:27 Item: 0 ammo_rockets
 39:27 Item: 0 ammo_rockets
 39:34 Item: 3 ammo_bullets
 39:37 Item: 3 weapon_rocketlauncher
 39:41 Item: 2 item_health
 39:44 Item: 0 item_health
 39:44 Item: 2 weapon_plasmagun
 39:46 Kill: 0 3 10: vincent-vega killed None by MOD_RAILGUN
 39:49 Item: 2 weapon_rocketlauncher
 39:51 Item: 0 weapon_railgun
 39:52 Item: 2 item_armor_combat
 39:53 Item: 3 weapon_rocketlauncher
 40:00 Item: 3 item_health
 40:03 Kill: 0 2 10: vincent-vega killed ^4anomen by MOD_RAILGUN
 40:03 Exit: Fraglimit hit.
 40:03 score: 30  ping: 48  client: 0 vincent-vega
 40:03 score: 23  ping: 6  client: 2 ^4anomen
 40:03 score: 4  ping: 23  client: 3 None
 40:03 Item: 3 ammo_slugs
 40:12 say: vincent-vega: uff
 40:17 say: ^4anomen: yeah
 40:19 ShutdownGame:
 40:19 ------------------------------------------------------------
 40:19 ------------------------------------------------------------
 40:19 InitGame: \dmflags\0\fraglimit\30\timelimit\25\sv_hostname\malina\sv_maxclients\8\sv_minRate\0\sv_maxRate\0\sv_dlRate\100\sv_minPing\0\sv_maxPing\0\sv_floodProtect\1\g_maxGameClients\0\capturelimit\8\version\ioq3 1.36+u20181222.e5da13f~dfsg-2/Raspbian linux-arm Mar  8 2019\com_gamename\Quake3Arena\com_protocol\71\g_gametype\0\mapname\q3dm16\sv_privateClients\0\sv_allowDownload\0\bot_minplayers\0\gamename\baseq3\g_needpass\0
 40:19 ClientConnect: 0
 40:19 ClientUserinfoChanged: 0 n\vincent-vega\t\0\model\doom/default\hmodel\doom/default\g_redteam\\g_blueteam\\c1\2\c2\5\hc\100\w\0\l\0\tt\0\tl\0
 40:19 ClientBegin: 0
 40:19 ClientConnect: 2
 40:19 ClientUserinfoChanged: 2 n\^4anomen\t\0\model\ranger/default\hmodel\ranger/default\g_redteam\\g_blueteam\\c1\1\c2\5\hc\100\w\0\l\0\tt\0\tl\0
 40:19 ClientBegin: 2
 40:19 ClientConnect: 3
 40:19 ClientUserinfoChanged: 3 n\None\t\0\model\sarge/default\hmodel\sarge/default\g_redteam\\g_blueteam\\c1\3\c2\5\hc\100\w\0\l\0\tt\0\tl\0
 40:19 ClientBegin: 3
 40:20 say: None: :)
 40:22 say: vincent-vega: gg
 40:25 Item: 3 ammo_bullets
 40:25 Item: 3 ammo_shells
 40:28 Item: 3 ammo_shells
 40:29 Item: 3 ammo_bullets
 40:31 Item: 3 weapon_rocketlauncher
 40:35 Item: 3 item_armor_shard
 40:35 Item: 3 item_armor_shard
 40:35 say: ^4anomen:  i have to leave too
 40:35 Item: 3 item_armor_shard
 40:36 Item: 3 weapon_shotgun
 40:42 say: None: c ya
 40:44 say: vincent-vega: cu tomorrow
 40:46 say: None: merci
 40:58 say: ^4anomen: thx and cu
 40:59 ClientDisconnect: 0
 41:01 ClientDisconnect: 3
 41:04 ClientDisconnect: 2
 65:19 Exit: Timelimit hit.
1462:58ShutdownGame:
1462:58------------------------------------------------------------
